2019-01-15 10:43:07.536  INFO [springAppName_IS_UNDEFINED,,,] 22448 --- [           main] com.law.LawApplication                   : Starting LawApplication on LAPTOP-BQUVLUD5 with PID 22448 (D:\Project\asiainfo\law-master\server\target\classes started by 陈小龙 in D:\Project\asiainfo\law-master\server)
2019-01-15 10:43:07.541 DEBUG [springAppName_IS_UNDEFINED,,,] 22448 --- [           main] com.law.LawApplication                   : Running with Spring Boot v2.0.4.RELEASE, Spring v5.0.8.RELEASE
2019-01-15 10:43:07.542  INFO [springAppName_IS_UNDEFINED,,,] 22448 --- [           main] com.law.LawApplication                   : No active profile set, falling back to default profiles: default
2019-01-15 10:43:07.582  INFO [springAppName_IS_UNDEFINED,,,] 22448 --- [           main] ConfigServletWebServerApplicationContext : Refreshing org.springframework.boot.web.servlet.context.AnnotationConfigServletWebServerApplicationContext@614df0a4: startup date [Tue Jan 15 10:43:07 CST 2019]; root of context hierarchy
2019-01-15 10:43:08.827  INFO [springAppName_IS_UNDEFINED,,,] 22448 --- [           main] trationDelegate$BeanPostProcessorChecker : Bean 'org.springframework.transaction.annotation.ProxyTransactionManagementConfiguration' of type [org.springframework.transaction.annotation.ProxyTransactionManagementConfiguration$$EnhancerBySpringCGLIB$$6b1b5d3f] is not eligible for getting processed by all BeanPostProcessors (for example: not eligible for auto-proxying)
2019-01-15 10:43:08.902  INFO [springAppName_IS_UNDEFINED,,,] 22448 --- [           main] trationDelegate$BeanPostProcessorChecker : Bean 'druidConfig' of type [com.law.config.DruidConfig$$EnhancerBySpringCGLIB$$1237d6b5] is not eligible for getting processed by all BeanPostProcessors (for example: not eligible for auto-proxying)
2019-01-15 10:43:08.912  INFO [springAppName_IS_UNDEFINED,,,] 22448 --- [           main] trationDelegate$BeanPostProcessorChecker : Bean 'druidStatPointcut' of type [org.springframework.aop.support.JdkRegexpMethodPointcut] is not eligible for getting processed by all BeanPostProcessors (for example: not eligible for auto-proxying)
2019-01-15 10:43:08.922  INFO [springAppName_IS_UNDEFINED,,,] 22448 --- [           main] trationDelegate$BeanPostProcessorChecker : Bean 'druidStatInterceptor' of type [com.alibaba.druid.support.spring.stat.DruidStatInterceptor] is not eligible for getting processed by all BeanPostProcessors (for example: not eligible for auto-proxying)
2019-01-15 10:43:08.926  INFO [springAppName_IS_UNDEFINED,,,] 22448 --- [           main] trationDelegate$BeanPostProcessorChecker : Bean 'druidStatAdvisor' of type [org.springframework.aop.support.DefaultPointcutAdvisor] is not eligible for getting processed by all BeanPostProcessors (for example: not eligible for auto-proxying)
2019-01-15 10:43:09.302  INFO [springAppName_IS_UNDEFINED,,,] 22448 --- [           main] o.s.b.w.embedded.tomcat.TomcatWebServer  : Tomcat initialized with port(s): 8082 (http)
2019-01-15 10:43:09.323  INFO [springAppName_IS_UNDEFINED,,,] 22448 --- [           main] o.apache.catalina.core.StandardService   : Starting service [Tomcat]
2019-01-15 10:43:09.323  INFO [springAppName_IS_UNDEFINED,,,] 22448 --- [           main] org.apache.catalina.core.StandardEngine  : Starting Servlet Engine: Apache Tomcat/8.5.32
2019-01-15 10:43:09.328  INFO [springAppName_IS_UNDEFINED,,,] 22448 --- [ost-startStop-1] o.a.catalina.core.AprLifecycleListener   : The APR based Apache Tomcat Native library which allows optimal performance in production environments was not found on the java.library.path: [D:\Program Files\java\jdk\bin;C:\WINDOWS\Sun\Java\bin;C:\WINDOWS\system32;C:\WINDOWS;D:/Program Files/java/jdk/bin/server;D:/Program Files/java/jdk/bin;D:/Program Files/java/jdk/lib/amd64;E:\F\oracle\product\10.2.0\db_1\bin;C:\Program Files (x86)\Common Files\Oracle\Java\javapath;C:\Program Files (x86)\Intel\iCLS Client\;C:\Program Files\Intel\iCLS Client\;C:\Windows\system32;C:\Windows;C:\Windows\System32\Wbem;C:\Windows\System32\WindowsPowerShell\v1.0\;C:\Program Files (x86)\NVIDIA Corporation\PhysX\Common;C:\Program Files (x86)\Intel\Intel(R) Management Engine Components\DAL;C:\Program Files\Intel\Intel(R) Management Engine Components\DAL;C:\Program Files (x86)\Intel\Intel(R) Management Engine Components\IPT;C:\Program Files\Intel\Intel(R) Management Engine Components\IPT;C:\Program Files\Intel\WiFi\bin\;C:\Program Files\Common Files\Intel\WirelessCommon\;D:\Program Files\TortoiseSVN\bin;D:\Program Files (x86)\IDM Computer Solutions\UltraEdit;D:\Program Files\java\jdk1.8.0_181\bin;D:\Project\apache-maven-3.3.9\bin;D:\Program Files\Redis\;C:\WINDOWS\system32;C:\WINDOWS;C:\WINDOWS\System32\Wbem;C:\WINDOWS\System32\WindowsPowerShell\v1.0\;C:\WINDOWS\System32\OpenSSH\;C:\Program Files\MySQL\MySQL Utilities 1.6\;D:\Program Files\node-v9.9.0-win-x64\;D:\Program Files\electron-v3.0.8-win32-x64\;D:\Program Files\Git\cmd;C:\Users\陈小龙\AppData\Local\Microsoft\WindowsApps;C:\Program Files\Intel\WiFi\bin\;C:\Program Files\Common Files\Intel\WirelessCommon\;;D:\Program Files\Microsoft VS Code\bin;D:\Project\dx\eclipse-dev;;.]
2019-01-15 10:43:09.487  INFO [springAppName_IS_UNDEFINED,,,] 22448 --- [ost-startStop-1] o.a.c.c.C.[Tomcat].[localhost].[/]       : Initializing Spring embedded WebApplicationContext
2019-01-15 10:43:09.487  INFO [springAppName_IS_UNDEFINED,,,] 22448 --- [ost-startStop-1] o.s.web.context.ContextLoader            : Root WebApplicationContext: initialization completed in 1905 ms
2019-01-15 10:43:09.621  INFO [springAppName_IS_UNDEFINED,,,] 22448 --- [ost-startStop-1] o.s.b.w.servlet.ServletRegistrationBean  : Servlet statViewServlet mapped to [/druid/*]
2019-01-15 10:43:09.622  INFO [springAppName_IS_UNDEFINED,,,] 22448 --- [ost-startStop-1] o.s.b.w.servlet.ServletRegistrationBean  : Servlet dispatcherServlet mapped to [/]
2019-01-15 10:43:09.626  INFO [springAppName_IS_UNDEFINED,,,] 22448 --- [ost-startStop-1] o.s.b.w.servlet.FilterRegistrationBean   : Mapping filter: 'characterEncodingFilter' to: [/*]
2019-01-15 10:43:09.627  INFO [springAppName_IS_UNDEFINED,,,] 22448 --- [ost-startStop-1] o.s.b.w.servlet.FilterRegistrationBean   : Mapping filter: 'hiddenHttpMethodFilter' to: [/*]
2019-01-15 10:43:09.627  INFO [springAppName_IS_UNDEFINED,,,] 22448 --- [ost-startStop-1] o.s.b.w.servlet.FilterRegistrationBean   : Mapping filter: 'httpPutFormContentFilter' to: [/*]
2019-01-15 10:43:09.627  INFO [springAppName_IS_UNDEFINED,,,] 22448 --- [ost-startStop-1] o.s.b.w.servlet.FilterRegistrationBean   : Mapping filter: 'requestContextFilter' to: [/*]
2019-01-15 10:43:09.628  INFO [springAppName_IS_UNDEFINED,,,] 22448 --- [ost-startStop-1] o.s.b.w.servlet.FilterRegistrationBean   : Mapping filter: 'webStatFilter' to urls: [/*]
2019-01-15 10:43:10.084  INFO [springAppName_IS_UNDEFINED,,,] 22448 --- [           main] com.alibaba.druid.pool.DruidDataSource   : {dataSource-1} inited
2019-01-15 10:43:10.132  INFO [springAppName_IS_UNDEFINED,,,] 22448 --- [           main] j.LocalContainerEntityManagerFactoryBean : Building JPA container EntityManagerFactory for persistence unit 'default'
2019-01-15 10:43:10.146  INFO [springAppName_IS_UNDEFINED,,,] 22448 --- [           main] o.hibernate.jpa.internal.util.LogHelper  : HHH000204: Processing PersistenceUnitInfo [
	name: default
	...]
2019-01-15 10:43:10.213  INFO [springAppName_IS_UNDEFINED,,,] 22448 --- [           main] org.hibernate.Version                    : HHH000412: Hibernate Core {5.2.17.Final}
2019-01-15 10:43:10.215  INFO [springAppName_IS_UNDEFINED,,,] 22448 --- [           main] org.hibernate.cfg.Environment            : HHH000206: hibernate.properties not found
2019-01-15 10:43:10.273  INFO [springAppName_IS_UNDEFINED,,,] 22448 --- [           main] o.hibernate.annotations.common.Version   : HCANN000001: Hibernate Commons Annotations {5.0.1.Final}
2019-01-15 10:43:10.515  INFO [springAppName_IS_UNDEFINED,,,] 22448 --- [           main] org.hibernate.dialect.Dialect            : HHH000400: Using dialect: org.hibernate.dialect.MySQL5Dialect
2019-01-15 10:43:11.269  INFO [springAppName_IS_UNDEFINED,,,] 22448 --- [           main] j.LocalContainerEntityManagerFactoryBean : Initialized JPA EntityManagerFactory for persistence unit 'default'
2019-01-15 10:43:12.166  INFO [springAppName_IS_UNDEFINED,,,] 22448 --- [           main] o.s.w.s.handler.SimpleUrlHandlerMapping  : Mapped URL path [/**/favicon.ico] onto handler of type [class org.springframework.web.servlet.resource.ResourceHttpRequestHandler]
2019-01-15 10:43:12.569  INFO [springAppName_IS_UNDEFINED,,,] 22448 --- [           main] s.w.s.m.m.a.RequestMappingHandlerAdapter : Looking for @ControllerAdvice: org.springframework.boot.web.servlet.context.AnnotationConfigServletWebServerApplicationContext@614df0a4: startup date [Tue Jan 15 10:43:07 CST 2019]; root of context hierarchy
2019-01-15 10:43:12.577  INFO [springAppName_IS_UNDEFINED,,,] 22448 --- [           main] s.w.s.m.m.a.RequestMappingHandlerAdapter : Detected ResponseBodyAdvice bean in responseBodyInterceptor
2019-01-15 10:43:12.610  WARN [springAppName_IS_UNDEFINED,,,] 22448 --- [           main] aWebConfiguration$JpaWebMvcConfiguration : spring.jpa.open-in-view is enabled by default. Therefore, database queries may be performed during view rendering. Explicitly configure spring.jpa.open-in-view to disable this warning
2019-01-15 10:43:12.644  INFO [springAppName_IS_UNDEFINED,,,] 22448 --- [           main] s.w.s.m.m.a.RequestMappingHandlerMapping : Mapped "{[/getSysCode]}" onto public java.util.List<com.law.model.SysCode> com.law.controller.CacheController.getSysCode()
2019-01-15 10:43:12.645  INFO [springAppName_IS_UNDEFINED,,,] 22448 --- [           main] s.w.s.m.m.a.RequestMappingHandlerMapping : Mapped "{[/refreshCache]}" onto public boolean com.law.controller.CacheController.refreshCache()
2019-01-15 10:43:12.651  INFO [springAppName_IS_UNDEFINED,,,] 22448 --- [           main] s.w.s.m.m.a.RequestMappingHandlerMapping : Mapped "{[/downloadFile]}" onto public void com.law.controller.LawController.downloadFile(javax.servlet.http.HttpServletResponse,java.lang.Integer)
2019-01-15 10:43:12.651  INFO [springAppName_IS_UNDEFINED,,,] 22448 --- [           main] s.w.s.m.m.a.RequestMappingHandlerMapping : Mapped "{[/download]}" onto public java.lang.String com.law.controller.LawController.downloadFile(javax.servlet.http.HttpServletRequest,javax.servlet.http.HttpServletResponse) throws java.io.UnsupportedEncodingException
2019-01-15 10:43:12.652  INFO [springAppName_IS_UNDEFINED,,,] 22448 --- [           main] s.w.s.m.m.a.RequestMappingHandlerMapping : Mapped "{[/getLawOrder]}" onto public com.law.model.Law com.law.controller.LawController.getLawOrder(java.lang.String)
2019-01-15 10:43:12.652  INFO [springAppName_IS_UNDEFINED,,,] 22448 --- [           main] s.w.s.m.m.a.RequestMappingHandlerMapping : Mapped "{[/queryLawOrderByOpenId]}" onto public java.util.List<com.law.model.LawOrder> com.law.controller.LawController.queryLawOrder(java.lang.String)
2019-01-15 10:43:12.653  INFO [springAppName_IS_UNDEFINED,,,] 22448 --- [           main] s.w.s.m.m.a.RequestMappingHandlerMapping : Mapped "{[/uploadFile],methods=[POST]}" onto public java.lang.String com.law.controller.LawController.uploadFile(org.springframework.web.multipart.MultipartFile)
2019-01-15 10:43:12.653  INFO [springAppName_IS_UNDEFINED,,,] 22448 --- [           main] s.w.s.m.m.a.RequestMappingHandlerMapping : Mapped "{[/addLawOrder]}" onto public com.law.model.LawOrder com.law.controller.LawController.addLawOrder(com.law.model.Law)
2019-01-15 10:43:12.654  INFO [springAppName_IS_UNDEFINED,,,] 22448 --- [           main] s.w.s.m.m.a.RequestMappingHandlerMapping : Mapped "{[/findCaseByName]}" onto public java.util.List<com.law.model.LawCaseDropdownModel> com.law.controller.LawController.findCaseByName(java.lang.String)
2019-01-15 10:43:12.654  INFO [springAppName_IS_UNDEFINED,,,] 22448 --- [           main] s.w.s.m.m.a.RequestMappingHandlerMapping : Mapped "{[/getRelationData]}" onto public java.util.Map<java.lang.String, java.lang.Object> com.law.controller.LawController.getRelationData(java.lang.String)
2019-01-15 10:43:12.655  INFO [springAppName_IS_UNDEFINED,,,] 22448 --- [           main] s.w.s.m.m.a.RequestMappingHandlerMapping : Mapped "{[/getLawOrderExt]}" onto public com.law.entity.LawOrderExt com.law.controller.LawController.getLawOrderExt(java.lang.String)
2019-01-15 10:43:12.655  INFO [springAppName_IS_UNDEFINED,,,] 22448 --- [           main] s.w.s.m.m.a.RequestMappingHandlerMapping : Mapped "{[/getFileByOrderId]}" onto public java.util.List<com.law.entity.LawFileRecord> com.law.controller.LawController.getFileByOrderId(java.lang.String)
2019-01-15 10:43:12.655  INFO [springAppName_IS_UNDEFINED,,,] 22448 --- [           main] s.w.s.m.m.a.RequestMappingHandlerMapping : Mapped "{[/queryLawService]}" onto public java.util.List<com.law.model.LawServiceEntity> com.law.controller.LawController.queryLawService(java.lang.String)
2019-01-15 10:43:12.656  INFO [springAppName_IS_UNDEFINED,,,] 22448 --- [           main] s.w.s.m.m.a.RequestMappingHandlerMapping : Mapped "{[/findAllBaseCase]}" onto public java.util.List<com.law.model.LawCaseDropdownModel> com.law.controller.LawController.findAllBaseCase()
2019-01-15 10:43:12.656  INFO [springAppName_IS_UNDEFINED,,,] 22448 --- [           main] s.w.s.m.m.a.RequestMappingHandlerMapping : Mapped "{[/accpetLawOrder]}" onto public com.law.model.LawOrder com.law.controller.LawController.accpetLawOrder(java.lang.String)
2019-01-15 10:43:12.657  INFO [springAppName_IS_UNDEFINED,,,] 22448 --- [           main] s.w.s.m.m.a.RequestMappingHandlerMapping : Mapped "{[/passLawOrder]}" onto public com.law.model.LawOrder com.law.controller.LawController.passLawOrder(java.lang.String)
2019-01-15 10:43:12.658  INFO [springAppName_IS_UNDEFINED,,,] 22448 --- [           main] s.w.s.m.m.a.RequestMappingHandlerMapping : Mapped "{[/refuseLawOrder]}" onto public com.law.model.LawOrder com.law.controller.LawController.refuseLawOrder(java.lang.String)
2019-01-15 10:43:12.658  INFO [springAppName_IS_UNDEFINED,,,] 22448 --- [           main] s.w.s.m.m.a.RequestMappingHandlerMapping : Mapped "{[/addPayOrder]}" onto public com.law.model.LawPay com.law.controller.LawController.addPayOrder(java.lang.String) throws java.lang.Exception
2019-01-15 10:43:12.659  INFO [springAppName_IS_UNDEFINED,,,] 22448 --- [           main] s.w.s.m.m.a.RequestMappingHandlerMapping : Mapped "{[/uodateOrderExt]}" onto public com.law.entity.LawOrderExt com.law.controller.LawController.uodateOrderExt(java.lang.String)
2019-01-15 10:43:12.659  INFO [springAppName_IS_UNDEFINED,,,] 22448 --- [           main] s.w.s.m.m.a.RequestMappingHandlerMapping : Mapped "{[/countLawOrderByStatus]}" onto public java.lang.Integer com.law.controller.LawController.countLawOrderByStatus(java.lang.String)
2019-01-15 10:43:12.660  INFO [springAppName_IS_UNDEFINED,,,] 22448 --- [           main] s.w.s.m.m.a.RequestMappingHandlerMapping : Mapped "{[/customeRefuseOrder]}" onto public com.law.model.LawOrder com.law.controller.LawController.customeRefuseOrder(java.lang.String)
2019-01-15 10:43:12.661  INFO [springAppName_IS_UNDEFINED,,,] 22448 --- [           main] s.w.s.m.m.a.RequestMappingHandlerMapping : Mapped "{[/queryLawOrderByStatus]}" onto public org.springframework.data.domain.PageImpl<com.law.model.OrderPO> com.law.controller.LawController.queryLawOrderByStatus(java.lang.String)
2019-01-15 10:43:12.661  INFO [springAppName_IS_UNDEFINED,,,] 22448 --- [           main] s.w.s.m.m.a.RequestMappingHandlerMapping : Mapped "{[/getPayedPageInitData]}" onto public com.law.model.OrderPO com.law.controller.LawController.getPayedPageInitData(java.lang.String)
2019-01-15 10:43:12.662  INFO [springAppName_IS_UNDEFINED,,,] 22448 --- [           main] s.w.s.m.m.a.RequestMappingHandlerMapping : Mapped "{[/uploadFileOrderId],methods=[POST]}" onto public java.lang.String com.law.controller.LawController.uploadFileOrderId(org.springframework.web.multipart.MultipartFile,java.lang.Integer)
2019-01-15 10:43:12.662  INFO [springAppName_IS_UNDEFINED,,,] 22448 --- [           main] s.w.s.m.m.a.RequestMappingHandlerMapping : Mapped "{[/updatePromoterInfo]}" onto public void com.law.controller.LawController.updatePromoterInfo(java.lang.String)
2019-01-15 10:43:12.664  INFO [springAppName_IS_UNDEFINED,,,] 22448 --- [           main] s.w.s.m.m.a.RequestMappingHandlerMapping : Mapped "{[/login],methods=[POST]}" onto public com.law.model.SysUser com.law.controller.UserController.login(com.law.model.SysUser)
2019-01-15 10:43:12.665  INFO [springAppName_IS_UNDEFINED,,,] 22448 --- [           main] s.w.s.m.m.a.RequestMappingHandlerMapping : Mapped "{[/webSocket],consumes=[application/json]}" onto public java.util.Map<java.lang.String, java.lang.Object> com.law.controller.WebSocketController.pushVideoListToWeb(java.lang.String)
2019-01-15 10:43:12.667  INFO [springAppName_IS_UNDEFINED,,,] 22448 --- [           main] s.w.s.m.m.a.RequestMappingHandlerMapping : Mapped "{[/getAccessToken]}" onto public java.lang.String com.law.controller.WxController.getAccessToken() throws java.lang.Exception
2019-01-15 10:43:12.668  INFO [springAppName_IS_UNDEFINED,,,] 22448 --- [           main] s.w.s.m.m.a.RequestMappingHandlerMapping : Mapped "{[/getOpenId],methods=[POST]}" onto public java.lang.String com.law.controller.WxController.getOpenId(java.lang.String) throws java.lang.Exception
2019-01-15 10:43:12.668  INFO [springAppName_IS_UNDEFINED,,,] 22448 --- [           main] s.w.s.m.m.a.RequestMappingHandlerMapping : Mapped "{[/getWXPayParam]}" onto public java.util.Map<java.lang.String, java.lang.String> com.law.controller.WxController.getWXPayParam(java.lang.String) throws java.lang.Exception
2019-01-15 10:43:12.669  INFO [springAppName_IS_UNDEFINED,,,] 22448 --- [           main] s.w.s.m.m.a.RequestMappingHandlerMapping : Mapped "{[/getQCode]}" onto public java.lang.String com.law.controller.WxController.getQCode(java.lang.String) throws java.lang.Exception
2019-01-15 10:43:12.670  INFO [springAppName_IS_UNDEFINED,,,] 22448 --- [           main] s.w.s.m.m.a.RequestMappingHandlerMapping : Mapped "{[/getBase64]}" onto public java.lang.String com.law.controller.WxController.getBase64(java.lang.String) throws java.lang.Exception
2019-01-15 10:43:12.670  INFO [springAppName_IS_UNDEFINED,,,] 22448 --- [           main] s.w.s.m.m.a.RequestMappingHandlerMapping : Mapped "{[/wxpayCallback]}" onto public java.lang.String com.law.controller.WxController.wxpayCallback(javax.servlet.http.HttpServletRequest,javax.servlet.http.HttpServletResponse) throws java.lang.Exception
2019-01-15 10:43:12.671  INFO [springAppName_IS_UNDEFINED,,,] 22448 --- [           main] s.w.s.m.m.a.RequestMappingHandlerMapping : Mapped "{[/bindPromoter]}" onto public java.util.Map<java.lang.String, java.lang.Object> com.law.controller.WxController.bindPromoter(java.lang.String)
2019-01-15 10:43:12.675  INFO [springAppName_IS_UNDEFINED,,,] 22448 --- [           main] s.w.s.m.m.a.RequestMappingHandlerMapping : Mapped "{[/error]}" onto public org.springframework.http.ResponseEntity<java.util.Map<java.lang.String, java.lang.Object>> org.springframework.boot.autoconfigure.web.servlet.error.BasicErrorController.error(javax.servlet.http.HttpServletRequest)
2019-01-15 10:43:12.675  INFO [springAppName_IS_UNDEFINED,,,] 22448 --- [           main] s.w.s.m.m.a.RequestMappingHandlerMapping : Mapped "{[/error],produces=[text/html]}" onto public org.springframework.web.servlet.ModelAndView org.springframework.boot.autoconfigure.web.servlet.error.BasicErrorController.errorHtml(javax.servlet.http.HttpServletRequest,javax.servlet.http.HttpServletResponse)
2019-01-15 10:43:12.716  INFO [springAppName_IS_UNDEFINED,,,] 22448 --- [           main] o.s.w.s.handler.SimpleUrlHandlerMapping  : Mapped URL path [/webjars/**] onto handler of type [class org.springframework.web.servlet.resource.ResourceHttpRequestHandler]
2019-01-15 10:43:12.716  INFO [springAppName_IS_UNDEFINED,,,] 22448 --- [           main] o.s.w.s.handler.SimpleUrlHandlerMapping  : Mapped URL path [/**] onto handler of type [class org.springframework.web.servlet.resource.ResourceHttpRequestHandler]
2019-01-15 10:43:12.733  INFO [springAppName_IS_UNDEFINED,,,] 22448 --- [           main] .m.m.a.ExceptionHandlerExceptionResolver : Detected ResponseBodyAdvice implementation in responseBodyInterceptor
2019-01-15 10:43:12.768  INFO [springAppName_IS_UNDEFINED,,,] 22448 --- [           main] o.s.b.a.w.s.WelcomePageHandlerMapping    : Adding welcome page: class path resource [static/index.html]
2019-01-15 10:43:13.044  INFO [springAppName_IS_UNDEFINED,,,] 22448 --- [           main] o.s.w.s.s.s.ServerEndpointExporter       : Registering @ServerEndpoint class: class com.law.util.WebSocketServer
2019-01-15 10:43:13.055  INFO [springAppName_IS_UNDEFINED,,,] 22448 --- [           main] o.s.j.e.a.AnnotationMBeanExporter        : Registering beans for JMX exposure on startup
2019-01-15 10:43:13.056  INFO [springAppName_IS_UNDEFINED,,,] 22448 --- [           main] o.s.j.e.a.AnnotationMBeanExporter        : Bean with name 'druidDataSource' has been autodetected for JMX exposure
2019-01-15 10:43:13.062  INFO [springAppName_IS_UNDEFINED,,,] 22448 --- [           main] o.s.j.e.a.AnnotationMBeanExporter        : Located MBean 'druidDataSource': registering with JMX server as MBean [com.alibaba.druid.pool:name=druidDataSource,type=DruidDataSource]
2019-01-15 10:43:13.110  INFO [springAppName_IS_UNDEFINED,,,] 22448 --- [           main] o.s.b.w.embedded.tomcat.TomcatWebServer  : Tomcat started on port(s): 8082 (http) with context path ''
2019-01-15 10:43:13.113  INFO [springAppName_IS_UNDEFINED,,,] 22448 --- [           main] com.law.LawApplication                   : Started LawApplication in 6.04 seconds (JVM running for 7.513)
2019-01-15 10:43:13.155  INFO [springAppName_IS_UNDEFINED,,,] 22448 --- [           main] o.h.h.i.QueryTranslatorFactoryInitiator  : HHH000397: Using ASTQueryTranslatorFactory
2019-01-15 10:43:13.233 DEBUG [springAppName_IS_UNDEFINED,,,] 22448 --- [           main] org.hibernate.SQL                        : select syscode0_.code_id as code_id1_9_, syscode0_.code_desc as code_des2_9_, syscode0_.code_name as code_nam3_9_, syscode0_.code_sn as code_sn4_9_, syscode0_.code_type as code_typ5_9_, syscode0_.code_value as code_val6_9_ from sys_code syscode0_
2019-01-15 15:16:57.146  INFO [springAppName_IS_UNDEFINED,,,] 22448 --- [on(2)-127.0.0.1] inMXBeanRegistrar$SpringApplicationAdmin : Application shutdown requested.
2019-01-15 15:16:57.146  INFO [springAppName_IS_UNDEFINED,,,] 22448 --- [on(3)-127.0.0.1] inMXBeanRegistrar$SpringApplicationAdmin : Application shutdown requested.
2019-01-15 15:16:57.149  INFO [springAppName_IS_UNDEFINED,,,] 22448 --- [on(3)-127.0.0.1] ConfigServletWebServerApplicationContext : Closing org.springframework.boot.web.servlet.context.AnnotationConfigServletWebServerApplicationContext@614df0a4: startup date [Tue Jan 15 10:43:07 CST 2019]; root of context hierarchy
2019-01-15 15:16:57.211  INFO [springAppName_IS_UNDEFINED,,,] 22448 --- [on(3)-127.0.0.1] com.alibaba.druid.pool.DruidDataSource   : {dataSource-1} closed
