2019-03-15 17:29:23.197  INFO [springAppName_IS_UNDEFINED,,,] 20996 --- [           main] com.law.LawApplication                   : Starting LawApplication on LAPTOP-BQUVLUD5 with PID 20996 (D:\Project\asiainfo\law-master\server\target\classes started by 陈小龙 in D:\Project\asiainfo\law-master\server)
2019-03-15 17:29:23.211 DEBUG [springAppName_IS_UNDEFINED,,,] 20996 --- [           main] com.law.LawApplication                   : Running with Spring Boot v2.0.4.RELEASE, Spring v5.0.8.RELEASE
2019-03-15 17:29:23.218  INFO [springAppName_IS_UNDEFINED,,,] 20996 --- [           main] com.law.LawApplication                   : No active profile set, falling back to default profiles: default
2019-03-15 17:29:23.327  INFO [springAppName_IS_UNDEFINED,,,] 20996 --- [           main] ConfigServletWebServerApplicationContext : Refreshing org.springframework.boot.web.servlet.context.AnnotationConfigServletWebServerApplicationContext@34123d65: startup date [Fri Mar 15 17:29:23 CST 2019]; root of context hierarchy
2019-03-15 17:29:26.468  INFO [springAppName_IS_UNDEFINED,,,] 20996 --- [           main] trationDelegate$BeanPostProcessorChecker : Bean 'org.springframework.transaction.annotation.ProxyTransactionManagementConfiguration' of type [org.springframework.transaction.annotation.ProxyTransactionManagementConfiguration$$EnhancerBySpringCGLIB$$be49a4cc] is not eligible for getting processed by all BeanPostProcessors (for example: not eligible for auto-proxying)
2019-03-15 17:29:26.645  INFO [springAppName_IS_UNDEFINED,,,] 20996 --- [           main] trationDelegate$BeanPostProcessorChecker : Bean 'druidConfig' of type [com.law.config.DruidConfig$$EnhancerBySpringCGLIB$$65661e42] is not eligible for getting processed by all BeanPostProcessors (for example: not eligible for auto-proxying)
2019-03-15 17:29:26.659  INFO [springAppName_IS_UNDEFINED,,,] 20996 --- [           main] trationDelegate$BeanPostProcessorChecker : Bean 'druidStatPointcut' of type [org.springframework.aop.support.JdkRegexpMethodPointcut] is not eligible for getting processed by all BeanPostProcessors (for example: not eligible for auto-proxying)
2019-03-15 17:29:26.672  INFO [springAppName_IS_UNDEFINED,,,] 20996 --- [           main] trationDelegate$BeanPostProcessorChecker : Bean 'druidStatInterceptor' of type [com.alibaba.druid.support.spring.stat.DruidStatInterceptor] is not eligible for getting processed by all BeanPostProcessors (for example: not eligible for auto-proxying)
2019-03-15 17:29:26.676  INFO [springAppName_IS_UNDEFINED,,,] 20996 --- [           main] trationDelegate$BeanPostProcessorChecker : Bean 'druidStatAdvisor' of type [org.springframework.aop.support.DefaultPointcutAdvisor] is not eligible for getting processed by all BeanPostProcessors (for example: not eligible for auto-proxying)
2019-03-15 17:29:27.271  INFO [springAppName_IS_UNDEFINED,,,] 20996 --- [           main] o.s.b.w.embedded.tomcat.TomcatWebServer  : Tomcat initialized with port(s): 8082 (http)
2019-03-15 17:29:27.306  INFO [springAppName_IS_UNDEFINED,,,] 20996 --- [           main] o.apache.catalina.core.StandardService   : Starting service [Tomcat]
2019-03-15 17:29:27.307  INFO [springAppName_IS_UNDEFINED,,,] 20996 --- [           main] org.apache.catalina.core.StandardEngine  : Starting Servlet Engine: Apache Tomcat/8.5.32
2019-03-15 17:29:27.318  INFO [springAppName_IS_UNDEFINED,,,] 20996 --- [ost-startStop-1] o.a.catalina.core.AprLifecycleListener   : The APR based Apache Tomcat Native library which allows optimal performance in production environments was not found on the java.library.path: [D:\Program Files\java\jdk\bin;C:\WINDOWS\Sun\Java\bin;C:\WINDOWS\system32;C:\WINDOWS;D:/Program Files/java/jdk/bin/server;D:/Program Files/java/jdk/bin;D:/Program Files/java/jdk/lib/amd64;E:\F\oracle\product\10.2.0\db_1\bin;C:\Program Files (x86)\Common Files\Oracle\Java\javapath;C:\Program Files (x86)\Intel\iCLS Client\;C:\Program Files\Intel\iCLS Client\;C:\Windows\system32;C:\Windows;C:\Windows\System32\Wbem;C:\Windows\System32\WindowsPowerShell\v1.0\;C:\Program Files (x86)\NVIDIA Corporation\PhysX\Common;C:\Program Files (x86)\Intel\Intel(R) Management Engine Components\DAL;C:\Program Files\Intel\Intel(R) Management Engine Components\DAL;C:\Program Files (x86)\Intel\Intel(R) Management Engine Components\IPT;C:\Program Files\Intel\Intel(R) Management Engine Components\IPT;C:\Program Files\Intel\WiFi\bin\;C:\Program Files\Common Files\Intel\WirelessCommon\;D:\Program Files\TortoiseSVN\bin;D:\Program Files (x86)\IDM Computer Solutions\UltraEdit;D:\Program Files\java\jdk1.8.0_181\bin;D:\Project\apache-maven-3.3.9\bin;D:\Program Files\Redis\;C:\WINDOWS\system32;C:\WINDOWS;C:\WINDOWS\System32\Wbem;C:\WINDOWS\System32\WindowsPowerShell\v1.0\;C:\WINDOWS\System32\OpenSSH\;C:\Program Files\MySQL\MySQL Utilities 1.6\;D:\Program Files\node-v9.9.0-win-x64\;D:\Program Files\electron-v3.0.8-win32-x64\;D:\Program Files\Git\cmd;C:\Users\陈小龙\AppData\Local\Microsoft\WindowsApps;C:\Program Files\Intel\WiFi\bin\;C:\Program Files\Common Files\Intel\WirelessCommon\;;D:\Program Files\Microsoft VS Code\bin;D:\Project\dx\eclipse-dev;;.]
2019-03-15 17:29:27.572  INFO [springAppName_IS_UNDEFINED,,,] 20996 --- [ost-startStop-1] o.a.c.c.C.[Tomcat].[localhost].[/]       : Initializing Spring embedded WebApplicationContext
2019-03-15 17:29:27.573  INFO [springAppName_IS_UNDEFINED,,,] 20996 --- [ost-startStop-1] o.s.web.context.ContextLoader            : Root WebApplicationContext: initialization completed in 4246 ms
2019-03-15 17:29:27.817  INFO [springAppName_IS_UNDEFINED,,,] 20996 --- [ost-startStop-1] o.s.b.w.servlet.ServletRegistrationBean  : Servlet statViewServlet mapped to [/druid/*]
2019-03-15 17:29:27.819  INFO [springAppName_IS_UNDEFINED,,,] 20996 --- [ost-startStop-1] o.s.b.w.servlet.ServletRegistrationBean  : Servlet dispatcherServlet mapped to [/]
2019-03-15 17:29:27.827  INFO [springAppName_IS_UNDEFINED,,,] 20996 --- [ost-startStop-1] o.s.b.w.servlet.FilterRegistrationBean   : Mapping filter: 'characterEncodingFilter' to: [/*]
2019-03-15 17:29:27.828  INFO [springAppName_IS_UNDEFINED,,,] 20996 --- [ost-startStop-1] o.s.b.w.servlet.FilterRegistrationBean   : Mapping filter: 'hiddenHttpMethodFilter' to: [/*]
2019-03-15 17:29:27.829  INFO [springAppName_IS_UNDEFINED,,,] 20996 --- [ost-startStop-1] o.s.b.w.servlet.FilterRegistrationBean   : Mapping filter: 'httpPutFormContentFilter' to: [/*]
2019-03-15 17:29:27.829  INFO [springAppName_IS_UNDEFINED,,,] 20996 --- [ost-startStop-1] o.s.b.w.servlet.FilterRegistrationBean   : Mapping filter: 'requestContextFilter' to: [/*]
2019-03-15 17:29:27.830  INFO [springAppName_IS_UNDEFINED,,,] 20996 --- [ost-startStop-1] o.s.b.w.servlet.FilterRegistrationBean   : Mapping filter: 'webStatFilter' to urls: [/*]
2019-03-15 17:29:29.296  INFO [springAppName_IS_UNDEFINED,,,] 20996 --- [           main] com.alibaba.druid.pool.DruidDataSource   : {dataSource-1} inited
2019-03-15 17:29:29.369  INFO [springAppName_IS_UNDEFINED,,,] 20996 --- [           main] j.LocalContainerEntityManagerFactoryBean : Building JPA container EntityManagerFactory for persistence unit 'default'
2019-03-15 17:29:29.416  INFO [springAppName_IS_UNDEFINED,,,] 20996 --- [           main] o.hibernate.jpa.internal.util.LogHelper  : HHH000204: Processing PersistenceUnitInfo [
	name: default
	...]
2019-03-15 17:29:29.544  INFO [springAppName_IS_UNDEFINED,,,] 20996 --- [           main] org.hibernate.Version                    : HHH000412: Hibernate Core {5.2.17.Final}
2019-03-15 17:29:29.547  INFO [springAppName_IS_UNDEFINED,,,] 20996 --- [           main] org.hibernate.cfg.Environment            : HHH000206: hibernate.properties not found
2019-03-15 17:29:29.646  INFO [springAppName_IS_UNDEFINED,,,] 20996 --- [           main] o.hibernate.annotations.common.Version   : HCANN000001: Hibernate Commons Annotations {5.0.1.Final}
2019-03-15 17:29:29.956  INFO [springAppName_IS_UNDEFINED,,,] 20996 --- [           main] org.hibernate.dialect.Dialect            : HHH000400: Using dialect: org.hibernate.dialect.MySQL5Dialect
2019-03-15 17:29:31.358  INFO [springAppName_IS_UNDEFINED,,,] 20996 --- [           main] j.LocalContainerEntityManagerFactoryBean : Initialized JPA EntityManagerFactory for persistence unit 'default'
2019-03-15 17:29:33.754  INFO [springAppName_IS_UNDEFINED,,,] 20996 --- [           main] o.s.w.s.handler.SimpleUrlHandlerMapping  : Mapped URL path [/**/favicon.ico] onto handler of type [class org.springframework.web.servlet.resource.ResourceHttpRequestHandler]
2019-03-15 17:29:34.235  INFO [springAppName_IS_UNDEFINED,,,] 20996 --- [           main] s.w.s.m.m.a.RequestMappingHandlerAdapter : Looking for @ControllerAdvice: org.springframework.boot.web.servlet.context.AnnotationConfigServletWebServerApplicationContext@34123d65: startup date [Fri Mar 15 17:29:23 CST 2019]; root of context hierarchy
2019-03-15 17:29:34.256  INFO [springAppName_IS_UNDEFINED,,,] 20996 --- [           main] s.w.s.m.m.a.RequestMappingHandlerAdapter : Detected ResponseBodyAdvice bean in responseBodyInterceptor
2019-03-15 17:29:34.318  WARN [springAppName_IS_UNDEFINED,,,] 20996 --- [           main] aWebConfiguration$JpaWebMvcConfiguration : spring.jpa.open-in-view is enabled by default. Therefore, database queries may be performed during view rendering. Explicitly configure spring.jpa.open-in-view to disable this warning
2019-03-15 17:29:34.371  INFO [springAppName_IS_UNDEFINED,,,] 20996 --- [           main] s.w.s.m.m.a.RequestMappingHandlerMapping : Mapped "{[/getSysCode]}" onto public java.util.List<com.law.model.SysCode> com.law.controller.CacheController.getSysCode()
2019-03-15 17:29:34.375  INFO [springAppName_IS_UNDEFINED,,,] 20996 --- [           main] s.w.s.m.m.a.RequestMappingHandlerMapping : Mapped "{[/refreshCache]}" onto public boolean com.law.controller.CacheController.refreshCache()
2019-03-15 17:29:34.390  INFO [springAppName_IS_UNDEFINED,,,] 20996 --- [           main] s.w.s.m.m.a.RequestMappingHandlerMapping : Mapped "{[/chattest]}" onto public java.lang.String com.law.controller.LawController.test()
2019-03-15 17:29:34.396  INFO [springAppName_IS_UNDEFINED,,,] 20996 --- [           main] s.w.s.m.m.a.RequestMappingHandlerMapping : Mapped "{[/uploadFile],methods=[POST]}" onto public java.lang.String com.law.controller.LawController.uploadFile(org.springframework.web.multipart.MultipartFile)
2019-03-15 17:29:34.397  INFO [springAppName_IS_UNDEFINED,,,] 20996 --- [           main] s.w.s.m.m.a.RequestMappingHandlerMapping : Mapped "{[/findAllBaseCase]}" onto public java.util.List<com.law.model.LawCaseDropdownModel> com.law.controller.LawController.findAllBaseCase()
2019-03-15 17:29:34.398  INFO [springAppName_IS_UNDEFINED,,,] 20996 --- [           main] s.w.s.m.m.a.RequestMappingHandlerMapping : Mapped "{[/refuseLawOrder]}" onto public com.law.model.LawOrder com.law.controller.LawController.refuseLawOrder(java.lang.String)
2019-03-15 17:29:34.399  INFO [springAppName_IS_UNDEFINED,,,] 20996 --- [           main] s.w.s.m.m.a.RequestMappingHandlerMapping : Mapped "{[/findCaseByName]}" onto public java.util.List<com.law.model.LawCaseDropdownModel> com.law.controller.LawController.findCaseByName(java.lang.String)
2019-03-15 17:29:34.401  INFO [springAppName_IS_UNDEFINED,,,] 20996 --- [           main] s.w.s.m.m.a.RequestMappingHandlerMapping : Mapped "{[/getRelationData]}" onto public java.util.Map<java.lang.String, java.lang.Object> com.law.controller.LawController.getRelationData(java.lang.String)
2019-03-15 17:29:34.404  INFO [springAppName_IS_UNDEFINED,,,] 20996 --- [           main] s.w.s.m.m.a.RequestMappingHandlerMapping : Mapped "{[/download]}" onto public java.lang.String com.law.controller.LawController.downloadFile(javax.servlet.http.HttpServletRequest,javax.servlet.http.HttpServletResponse) throws java.io.UnsupportedEncodingException
2019-03-15 17:29:34.405  INFO [springAppName_IS_UNDEFINED,,,] 20996 --- [           main] s.w.s.m.m.a.RequestMappingHandlerMapping : Mapped "{[/downloadFile]}" onto public void com.law.controller.LawController.downloadFile(javax.servlet.http.HttpServletResponse,java.lang.Integer)
2019-03-15 17:29:34.406  INFO [springAppName_IS_UNDEFINED,,,] 20996 --- [           main] s.w.s.m.m.a.RequestMappingHandlerMapping : Mapped "{[/queryLawOrderByOpenId]}" onto public java.util.List<com.law.model.LawOrder> com.law.controller.LawController.queryLawOrder(java.lang.String)
2019-03-15 17:29:34.407  INFO [springAppName_IS_UNDEFINED,,,] 20996 --- [           main] s.w.s.m.m.a.RequestMappingHandlerMapping : Mapped "{[/getLawOrder]}" onto public com.law.model.Law com.law.controller.LawController.getLawOrder(java.lang.String)
2019-03-15 17:29:34.408  INFO [springAppName_IS_UNDEFINED,,,] 20996 --- [           main] s.w.s.m.m.a.RequestMappingHandlerMapping : Mapped "{[/addLawOrder]}" onto public com.law.model.LawOrder com.law.controller.LawController.addLawOrder(com.law.model.Law)
2019-03-15 17:29:34.409  INFO [springAppName_IS_UNDEFINED,,,] 20996 --- [           main] s.w.s.m.m.a.RequestMappingHandlerMapping : Mapped "{[/passLawOrder]}" onto public com.law.model.LawOrder com.law.controller.LawController.passLawOrder(java.lang.String)
2019-03-15 17:29:34.413  INFO [springAppName_IS_UNDEFINED,,,] 20996 --- [           main] s.w.s.m.m.a.RequestMappingHandlerMapping : Mapped "{[/getLawOrderExt]}" onto public com.law.entity.LawOrderExt com.law.controller.LawController.getLawOrderExt(java.lang.String)
2019-03-15 17:29:34.414  INFO [springAppName_IS_UNDEFINED,,,] 20996 --- [           main] s.w.s.m.m.a.RequestMappingHandlerMapping : Mapped "{[/queryLawService]}" onto public java.util.List<com.law.model.LawServiceEntity> com.law.controller.LawController.queryLawService(java.lang.String)
2019-03-15 17:29:34.415  INFO [springAppName_IS_UNDEFINED,,,] 20996 --- [           main] s.w.s.m.m.a.RequestMappingHandlerMapping : Mapped "{[/uodateOrderExt]}" onto public com.law.entity.LawOrderExt com.law.controller.LawController.uodateOrderExt(java.lang.String)
2019-03-15 17:29:34.416  INFO [springAppName_IS_UNDEFINED,,,] 20996 --- [           main] s.w.s.m.m.a.RequestMappingHandlerMapping : Mapped "{[/addPayOrder]}" onto public com.law.model.LawPay com.law.controller.LawController.addPayOrder(java.lang.String) throws java.lang.Exception
2019-03-15 17:29:34.417  INFO [springAppName_IS_UNDEFINED,,,] 20996 --- [           main] s.w.s.m.m.a.RequestMappingHandlerMapping : Mapped "{[/accpetLawOrder]}" onto public com.law.model.LawOrder com.law.controller.LawController.accpetLawOrder(java.lang.String)
2019-03-15 17:29:34.418  INFO [springAppName_IS_UNDEFINED,,,] 20996 --- [           main] s.w.s.m.m.a.RequestMappingHandlerMapping : Mapped "{[/initChatData]}" onto public java.util.List<com.law.model.Chat> com.law.controller.LawController.initChatData()
2019-03-15 17:29:34.419  INFO [springAppName_IS_UNDEFINED,,,] 20996 --- [           main] s.w.s.m.m.a.RequestMappingHandlerMapping : Mapped "{[/getFileByOrderId]}" onto public java.util.List<com.law.entity.LawFileRecord> com.law.controller.LawController.getFileByOrderId(java.lang.String)
2019-03-15 17:29:34.420  INFO [springAppName_IS_UNDEFINED,,,] 20996 --- [           main] s.w.s.m.m.a.RequestMappingHandlerMapping : Mapped "{[/getCityInfo]}" onto public java.lang.String com.law.controller.LawController.getCityInfo()
2019-03-15 17:29:34.421  INFO [springAppName_IS_UNDEFINED,,,] 20996 --- [           main] s.w.s.m.m.a.RequestMappingHandlerMapping : Mapped "{[/customeRefuseOrder]}" onto public com.law.model.LawOrder com.law.controller.LawController.customeRefuseOrder(java.lang.String)
2019-03-15 17:29:34.423  INFO [springAppName_IS_UNDEFINED,,,] 20996 --- [           main] s.w.s.m.m.a.RequestMappingHandlerMapping : Mapped "{[/getPayedPageInitData]}" onto public com.law.model.OrderPO com.law.controller.LawController.getPayedPageInitData(java.lang.String)
2019-03-15 17:29:34.424  INFO [springAppName_IS_UNDEFINED,,,] 20996 --- [           main] s.w.s.m.m.a.RequestMappingHandlerMapping : Mapped "{[/uploadFileOrderId],methods=[POST]}" onto public java.lang.String com.law.controller.LawController.uploadFileOrderId(org.springframework.web.multipart.MultipartFile,java.lang.Integer)
2019-03-15 17:29:34.425  INFO [springAppName_IS_UNDEFINED,,,] 20996 --- [           main] s.w.s.m.m.a.RequestMappingHandlerMapping : Mapped "{[/countLawOrderByStatus]}" onto public java.lang.Integer com.law.controller.LawController.countLawOrderByStatus(java.lang.String)
2019-03-15 17:29:34.427  INFO [springAppName_IS_UNDEFINED,,,] 20996 --- [           main] s.w.s.m.m.a.RequestMappingHandlerMapping : Mapped "{[/queryLawOrderByStatus]}" onto public org.springframework.data.domain.PageImpl<com.law.model.OrderPO> com.law.controller.LawController.queryLawOrderByStatus(java.lang.String)
2019-03-15 17:29:34.429  INFO [springAppName_IS_UNDEFINED,,,] 20996 --- [           main] s.w.s.m.m.a.RequestMappingHandlerMapping : Mapped "{[/updatePromoterInfo]}" onto public void com.law.controller.LawController.updatePromoterInfo(java.lang.String)
2019-03-15 17:29:34.430  INFO [springAppName_IS_UNDEFINED,,,] 20996 --- [           main] s.w.s.m.m.a.RequestMappingHandlerMapping : Mapped "{[/login],methods=[POST]}" onto public com.law.model.SysUser com.law.controller.UserController.login(com.law.model.SysUser)
2019-03-15 17:29:34.432  INFO [springAppName_IS_UNDEFINED,,,] 20996 --- [           main] s.w.s.m.m.a.RequestMappingHandlerMapping : Mapped "{[/webSocket],consumes=[application/json]}" onto public java.util.Map<java.lang.String, java.lang.Object> com.law.controller.WebSocketController.pushVideoListToWeb(java.lang.String)
2019-03-15 17:29:34.449  INFO [springAppName_IS_UNDEFINED,,,] 20996 --- [           main] s.w.s.m.m.a.RequestMappingHandlerMapping : Mapped "{[/getChatData]}" onto public java.util.List<com.law.model.Chat> com.law.controller.WxController.initChatData()
2019-03-15 17:29:34.450  INFO [springAppName_IS_UNDEFINED,,,] 20996 --- [           main] s.w.s.m.m.a.RequestMappingHandlerMapping : Mapped "{[/getBase64]}" onto public java.lang.String com.law.controller.WxController.getBase64(java.lang.String) throws java.lang.Exception
2019-03-15 17:29:34.451  INFO [springAppName_IS_UNDEFINED,,,] 20996 --- [           main] s.w.s.m.m.a.RequestMappingHandlerMapping : Mapped "{[/getOpenId],methods=[POST]}" onto public java.lang.String com.law.controller.WxController.getOpenId(java.lang.String) throws java.lang.Exception
2019-03-15 17:29:34.452  INFO [springAppName_IS_UNDEFINED,,,] 20996 --- [           main] s.w.s.m.m.a.RequestMappingHandlerMapping : Mapped "{[/getWXPayParam]}" onto public java.util.Map<java.lang.String, java.lang.String> com.law.controller.WxController.getWXPayParam(java.lang.String) throws java.lang.Exception
2019-03-15 17:29:34.454  INFO [springAppName_IS_UNDEFINED,,,] 20996 --- [           main] s.w.s.m.m.a.RequestMappingHandlerMapping : Mapped "{[/getQCode]}" onto public java.lang.String com.law.controller.WxController.getQCode(java.lang.String) throws java.lang.Exception
2019-03-15 17:29:34.455  INFO [springAppName_IS_UNDEFINED,,,] 20996 --- [           main] s.w.s.m.m.a.RequestMappingHandlerMapping : Mapped "{[/getAccessToken]}" onto public java.lang.String com.law.controller.WxController.getAccessToken() throws java.lang.Exception
2019-03-15 17:29:34.456  INFO [springAppName_IS_UNDEFINED,,,] 20996 --- [           main] s.w.s.m.m.a.RequestMappingHandlerMapping : Mapped "{[/wxpayCallback]}" onto public java.lang.String com.law.controller.WxController.wxpayCallback(javax.servlet.http.HttpServletRequest,javax.servlet.http.HttpServletResponse) throws java.lang.Exception
2019-03-15 17:29:34.457  INFO [springAppName_IS_UNDEFINED,,,] 20996 --- [           main] s.w.s.m.m.a.RequestMappingHandlerMapping : Mapped "{[/bindPromoter]}" onto public java.util.Map<java.lang.String, java.lang.Object> com.law.controller.WxController.bindPromoter(java.lang.String)
2019-03-15 17:29:34.458  INFO [springAppName_IS_UNDEFINED,,,] 20996 --- [           main] s.w.s.m.m.a.RequestMappingHandlerMapping : Mapped "{[/sendMessage],methods=[POST]}" onto public boolean com.law.controller.WxController.sendMessage(java.lang.String) throws java.lang.Exception
2019-03-15 17:29:34.458  INFO [springAppName_IS_UNDEFINED,,,] 20996 --- [           main] s.w.s.m.m.a.RequestMappingHandlerMapping : Mapped "{[/bindPromoterPhone]}" onto public boolean com.law.controller.WxController.bindPromoterPhone(java.lang.String)
2019-03-15 17:29:34.459  INFO [springAppName_IS_UNDEFINED,,,] 20996 --- [           main] s.w.s.m.m.a.RequestMappingHandlerMapping : Mapped "{[/wxMessage],methods=[GET]}" onto public java.lang.String com.law.controller.WxController.weixinProcessGetMethod(javax.servlet.http.HttpServletRequest,javax.servlet.http.HttpServletResponse) throws java.io.IOException
2019-03-15 17:29:34.464  INFO [springAppName_IS_UNDEFINED,,,] 20996 --- [           main] s.w.s.m.m.a.RequestMappingHandlerMapping : Mapped "{[/wxMessage],methods=[POST]}" onto public java.lang.String com.law.controller.WxController.weixinProcessPostMethod(javax.servlet.http.HttpServletRequest,javax.servlet.http.HttpServletResponse) throws java.io.IOException
2019-03-15 17:29:34.470  INFO [springAppName_IS_UNDEFINED,,,] 20996 --- [           main] s.w.s.m.m.a.RequestMappingHandlerMapping : Mapped "{[/error]}" onto public org.springframework.http.ResponseEntity<java.util.Map<java.lang.String, java.lang.Object>> org.springframework.boot.autoconfigure.web.servlet.error.BasicErrorController.error(javax.servlet.http.HttpServletRequest)
2019-03-15 17:29:34.471  INFO [springAppName_IS_UNDEFINED,,,] 20996 --- [           main] s.w.s.m.m.a.RequestMappingHandlerMapping : Mapped "{[/error],produces=[text/html]}" onto public org.springframework.web.servlet.ModelAndView org.springframework.boot.autoconfigure.web.servlet.error.BasicErrorController.errorHtml(javax.servlet.http.HttpServletRequest,javax.servlet.http.HttpServletResponse)
2019-03-15 17:29:34.588  INFO [springAppName_IS_UNDEFINED,,,] 20996 --- [           main] o.s.w.s.handler.SimpleUrlHandlerMapping  : Mapped URL path [/webjars/**] onto handler of type [class org.springframework.web.servlet.resource.ResourceHttpRequestHandler]
2019-03-15 17:29:34.589  INFO [springAppName_IS_UNDEFINED,,,] 20996 --- [           main] o.s.w.s.handler.SimpleUrlHandlerMapping  : Mapped URL path [/**] onto handler of type [class org.springframework.web.servlet.resource.ResourceHttpRequestHandler]
2019-03-15 17:29:34.645  INFO [springAppName_IS_UNDEFINED,,,] 20996 --- [           main] .m.m.a.ExceptionHandlerExceptionResolver : Detected ResponseBodyAdvice implementation in responseBodyInterceptor
2019-03-15 17:29:34.747  INFO [springAppName_IS_UNDEFINED,,,] 20996 --- [           main] o.s.b.a.w.s.WelcomePageHandlerMapping    : Adding welcome page: class path resource [static/index.html]
2019-03-15 17:29:36.285  INFO [springAppName_IS_UNDEFINED,,,] 20996 --- [           main] o.s.w.s.s.s.ServerEndpointExporter       : Registering @ServerEndpoint class: class com.law.util.WebSocketServer
2019-03-15 17:29:36.301  INFO [springAppName_IS_UNDEFINED,,,] 20996 --- [           main] o.s.j.e.a.AnnotationMBeanExporter        : Registering beans for JMX exposure on startup
2019-03-15 17:29:36.302  INFO [springAppName_IS_UNDEFINED,,,] 20996 --- [           main] o.s.j.e.a.AnnotationMBeanExporter        : Bean with name 'druidDataSource' has been autodetected for JMX exposure
2019-03-15 17:29:36.332  INFO [springAppName_IS_UNDEFINED,,,] 20996 --- [           main] o.s.j.e.a.AnnotationMBeanExporter        : Located MBean 'druidDataSource': registering with JMX server as MBean [com.alibaba.druid.pool:name=druidDataSource,type=DruidDataSource]
2019-03-15 17:29:36.511  INFO [springAppName_IS_UNDEFINED,,,] 20996 --- [           main] o.s.b.w.embedded.tomcat.TomcatWebServer  : Tomcat started on port(s): 8082 (http) with context path ''
2019-03-15 17:29:36.516  INFO [springAppName_IS_UNDEFINED,,,] 20996 --- [           main] com.law.LawApplication                   : Started LawApplication in 15.186 seconds (JVM running for 18.632)
2019-03-15 17:29:36.620  INFO [springAppName_IS_UNDEFINED,,,] 20996 --- [           main] o.h.h.i.QueryTranslatorFactoryInitiator  : HHH000397: Using ASTQueryTranslatorFactory
2019-03-15 17:29:36.843 DEBUG [springAppName_IS_UNDEFINED,,,] 20996 --- [           main] org.hibernate.SQL                        : select syscode0_.code_id as code_id1_9_, syscode0_.code_desc as code_des2_9_, syscode0_.code_name as code_nam3_9_, syscode0_.code_sn as code_sn4_9_, syscode0_.code_type as code_typ5_9_, syscode0_.code_value as code_val6_9_ from sys_code syscode0_
2019-03-15 17:30:01.950  INFO [springAppName_IS_UNDEFINED,,,] 20996 --- [nio-8082-exec-1] o.a.c.c.C.[Tomcat].[localhost].[/]       : Initializing Spring FrameworkServlet 'dispatcherServlet'
2019-03-15 17:30:01.950  INFO [springAppName_IS_UNDEFINED,,,] 20996 --- [nio-8082-exec-1] o.s.web.servlet.DispatcherServlet        : FrameworkServlet 'dispatcherServlet': initialization started
2019-03-15 17:30:02.049  INFO [springAppName_IS_UNDEFINED,,,] 20996 --- [nio-8082-exec-1] o.s.web.servlet.DispatcherServlet        : FrameworkServlet 'dispatcherServlet': initialization completed in 97 ms
2019-03-15 17:30:02.326 DEBUG [springAppName_IS_UNDEFINED,,,] 20996 --- [nio-8082-exec-1] org.hibernate.SQL                        : select lawpromote0_.promoter_id as promoter1_7_, lawpromote0_.avatar_url as avatar_u2_7_, lawpromote0_.bank_account as bank_acc3_7_, lawpromote0_.channel_id as channel_4_7_, lawpromote0_.create_time as create_t5_7_, lawpromote0_.identity_id as identity6_7_, lawpromote0_.open_id as open_id7_7_, lawpromote0_.parent_promoter_id as parent_p8_7_, lawpromote0_.promoter_level as promoter9_7_, lawpromote0_.promoter_name as promote10_7_, lawpromote0_.promoter_tel as promote11_7_, lawpromote0_.status as status12_7_ from law_promoter lawpromote0_ where lawpromote0_.open_id=? and lawpromote0_.status=?
2019-03-15 17:30:02.450 TRACE [springAppName_IS_UNDEFINED,,,] 20996 --- [nio-8082-exec-1] o.h.type.descriptor.sql.BasicBinder      : binding parameter [1] as [VARCHAR] - [oBy6H5NqEAPFQS3oT6t6RsC4_dWk]
2019-03-15 17:30:02.451 TRACE [springAppName_IS_UNDEFINED,,,] 20996 --- [nio-8082-exec-1] o.h.type.descriptor.sql.BasicBinder      : binding parameter [2] as [VARCHAR] - [U]
2019-03-15 17:30:02.871 DEBUG [springAppName_IS_UNDEFINED,,,] 20996 --- [nio-8082-exec-1] org.hibernate.SQL                        : select lawpromote0_.promoter_id as promoter1_7_, lawpromote0_.avatar_url as avatar_u2_7_, lawpromote0_.bank_account as bank_acc3_7_, lawpromote0_.channel_id as channel_4_7_, lawpromote0_.create_time as create_t5_7_, lawpromote0_.identity_id as identity6_7_, lawpromote0_.open_id as open_id7_7_, lawpromote0_.parent_promoter_id as parent_p8_7_, lawpromote0_.promoter_level as promoter9_7_, lawpromote0_.promoter_name as promote10_7_, lawpromote0_.promoter_tel as promote11_7_, lawpromote0_.status as status12_7_ from law_promoter lawpromote0_ where lawpromote0_.open_id=? and lawpromote0_.status=?
2019-03-15 17:30:02.871 TRACE [springAppName_IS_UNDEFINED,,,] 20996 --- [nio-8082-exec-1] o.h.type.descriptor.sql.BasicBinder      : binding parameter [1] as [VARCHAR] - [oBy6H5NqEAPFQS3oT6t6RsC4_dWk]
2019-03-15 17:30:02.871 TRACE [springAppName_IS_UNDEFINED,,,] 20996 --- [nio-8082-exec-1] o.h.type.descriptor.sql.BasicBinder      : binding parameter [2] as [VARCHAR] - [U]
2019-03-15 17:30:50.936 DEBUG [springAppName_IS_UNDEFINED,,,] 20996 --- [nio-8082-exec-2] org.hibernate.SQL                        : select lawpromote0_.promoter_id as promoter1_7_, lawpromote0_.avatar_url as avatar_u2_7_, lawpromote0_.bank_account as bank_acc3_7_, lawpromote0_.channel_id as channel_4_7_, lawpromote0_.create_time as create_t5_7_, lawpromote0_.identity_id as identity6_7_, lawpromote0_.open_id as open_id7_7_, lawpromote0_.parent_promoter_id as parent_p8_7_, lawpromote0_.promoter_level as promoter9_7_, lawpromote0_.promoter_name as promote10_7_, lawpromote0_.promoter_tel as promote11_7_, lawpromote0_.status as status12_7_ from law_promoter lawpromote0_ where lawpromote0_.open_id=? and lawpromote0_.status=?
2019-03-15 17:30:50.937 TRACE [springAppName_IS_UNDEFINED,,,] 20996 --- [nio-8082-exec-2] o.h.type.descriptor.sql.BasicBinder      : binding parameter [1] as [VARCHAR] - [oBy6H5NqEAPFQS3oT6t6RsC4_dWk]
2019-03-15 17:30:50.938 TRACE [springAppName_IS_UNDEFINED,,,] 20996 --- [nio-8082-exec-2] o.h.type.descriptor.sql.BasicBinder      : binding parameter [2] as [VARCHAR] - [U]
2019-03-15 17:30:50.942 DEBUG [springAppName_IS_UNDEFINED,,,] 20996 --- [nio-8082-exec-2] org.hibernate.SQL                        : select lawpromote0_.promoter_id as promoter1_7_, lawpromote0_.avatar_url as avatar_u2_7_, lawpromote0_.bank_account as bank_acc3_7_, lawpromote0_.channel_id as channel_4_7_, lawpromote0_.create_time as create_t5_7_, lawpromote0_.identity_id as identity6_7_, lawpromote0_.open_id as open_id7_7_, lawpromote0_.parent_promoter_id as parent_p8_7_, lawpromote0_.promoter_level as promoter9_7_, lawpromote0_.promoter_name as promote10_7_, lawpromote0_.promoter_tel as promote11_7_, lawpromote0_.status as status12_7_ from law_promoter lawpromote0_ where lawpromote0_.open_id=? and lawpromote0_.status=?
2019-03-15 17:30:50.943 TRACE [springAppName_IS_UNDEFINED,,,] 20996 --- [nio-8082-exec-2] o.h.type.descriptor.sql.BasicBinder      : binding parameter [1] as [VARCHAR] - [oBy6H5NqEAPFQS3oT6t6RsC4_dWk]
2019-03-15 17:30:50.943 TRACE [springAppName_IS_UNDEFINED,,,] 20996 --- [nio-8082-exec-2] o.h.type.descriptor.sql.BasicBinder      : binding parameter [2] as [VARCHAR] - [U]
2019-03-15 17:31:32.501 DEBUG [springAppName_IS_UNDEFINED,,,] 20996 --- [nio-8082-exec-5] org.hibernate.SQL                        : select lawpromote0_.promoter_id as promoter1_7_, lawpromote0_.avatar_url as avatar_u2_7_, lawpromote0_.bank_account as bank_acc3_7_, lawpromote0_.channel_id as channel_4_7_, lawpromote0_.create_time as create_t5_7_, lawpromote0_.identity_id as identity6_7_, lawpromote0_.open_id as open_id7_7_, lawpromote0_.parent_promoter_id as parent_p8_7_, lawpromote0_.promoter_level as promoter9_7_, lawpromote0_.promoter_name as promote10_7_, lawpromote0_.promoter_tel as promote11_7_, lawpromote0_.status as status12_7_ from law_promoter lawpromote0_ where lawpromote0_.open_id=? and lawpromote0_.status=?
2019-03-15 17:31:32.502 TRACE [springAppName_IS_UNDEFINED,,,] 20996 --- [nio-8082-exec-5] o.h.type.descriptor.sql.BasicBinder      : binding parameter [1] as [VARCHAR] - [oBy6H5NqEAPFQS3oT6t6RsC4_dWk]
2019-03-15 17:31:32.503 TRACE [springAppName_IS_UNDEFINED,,,] 20996 --- [nio-8082-exec-5] o.h.type.descriptor.sql.BasicBinder      : binding parameter [2] as [VARCHAR] - [U]
2019-03-15 17:31:32.505 DEBUG [springAppName_IS_UNDEFINED,,,] 20996 --- [nio-8082-exec-5] org.hibernate.SQL                        : select lawpromote0_.promoter_id as promoter1_7_, lawpromote0_.avatar_url as avatar_u2_7_, lawpromote0_.bank_account as bank_acc3_7_, lawpromote0_.channel_id as channel_4_7_, lawpromote0_.create_time as create_t5_7_, lawpromote0_.identity_id as identity6_7_, lawpromote0_.open_id as open_id7_7_, lawpromote0_.parent_promoter_id as parent_p8_7_, lawpromote0_.promoter_level as promoter9_7_, lawpromote0_.promoter_name as promote10_7_, lawpromote0_.promoter_tel as promote11_7_, lawpromote0_.status as status12_7_ from law_promoter lawpromote0_ where lawpromote0_.open_id=? and lawpromote0_.status=?
2019-03-15 17:31:32.505 TRACE [springAppName_IS_UNDEFINED,,,] 20996 --- [nio-8082-exec-5] o.h.type.descriptor.sql.BasicBinder      : binding parameter [1] as [VARCHAR] - [oBy6H5NqEAPFQS3oT6t6RsC4_dWk]
2019-03-15 17:31:32.505 TRACE [springAppName_IS_UNDEFINED,,,] 20996 --- [nio-8082-exec-5] o.h.type.descriptor.sql.BasicBinder      : binding parameter [2] as [VARCHAR] - [U]
2019-03-15 17:33:57.463 DEBUG [springAppName_IS_UNDEFINED,,,] 20996 --- [nio-8082-exec-9] org.hibernate.SQL                        : select lawpromote0_.promoter_id as promoter1_7_, lawpromote0_.avatar_url as avatar_u2_7_, lawpromote0_.bank_account as bank_acc3_7_, lawpromote0_.channel_id as channel_4_7_, lawpromote0_.create_time as create_t5_7_, lawpromote0_.identity_id as identity6_7_, lawpromote0_.open_id as open_id7_7_, lawpromote0_.parent_promoter_id as parent_p8_7_, lawpromote0_.promoter_level as promoter9_7_, lawpromote0_.promoter_name as promote10_7_, lawpromote0_.promoter_tel as promote11_7_, lawpromote0_.status as status12_7_ from law_promoter lawpromote0_ where lawpromote0_.open_id=? and lawpromote0_.status=?
2019-03-15 17:33:57.465 TRACE [springAppName_IS_UNDEFINED,,,] 20996 --- [nio-8082-exec-9] o.h.type.descriptor.sql.BasicBinder      : binding parameter [1] as [VARCHAR] - [oBy6H5NqEAPFQS3oT6t6RsC4_dWk]
2019-03-15 17:33:57.465 TRACE [springAppName_IS_UNDEFINED,,,] 20996 --- [nio-8082-exec-9] o.h.type.descriptor.sql.BasicBinder      : binding parameter [2] as [VARCHAR] - [U]
2019-03-15 17:33:57.469 DEBUG [springAppName_IS_UNDEFINED,,,] 20996 --- [nio-8082-exec-9] org.hibernate.SQL                        : select lawpromote0_.promoter_id as promoter1_7_, lawpromote0_.avatar_url as avatar_u2_7_, lawpromote0_.bank_account as bank_acc3_7_, lawpromote0_.channel_id as channel_4_7_, lawpromote0_.create_time as create_t5_7_, lawpromote0_.identity_id as identity6_7_, lawpromote0_.open_id as open_id7_7_, lawpromote0_.parent_promoter_id as parent_p8_7_, lawpromote0_.promoter_level as promoter9_7_, lawpromote0_.promoter_name as promote10_7_, lawpromote0_.promoter_tel as promote11_7_, lawpromote0_.status as status12_7_ from law_promoter lawpromote0_ where lawpromote0_.open_id=? and lawpromote0_.status=?
2019-03-15 17:33:57.469 TRACE [springAppName_IS_UNDEFINED,,,] 20996 --- [nio-8082-exec-9] o.h.type.descriptor.sql.BasicBinder      : binding parameter [1] as [VARCHAR] - [oBy6H5NqEAPFQS3oT6t6RsC4_dWk]
2019-03-15 17:33:57.470 TRACE [springAppName_IS_UNDEFINED,,,] 20996 --- [nio-8082-exec-9] o.h.type.descriptor.sql.BasicBinder      : binding parameter [2] as [VARCHAR] - [U]
2019-03-15 17:38:12.008 DEBUG [springAppName_IS_UNDEFINED,,,] 20996 --- [nio-8082-exec-7] org.hibernate.SQL                        : select lawpromote0_.promoter_id as promoter1_7_, lawpromote0_.avatar_url as avatar_u2_7_, lawpromote0_.bank_account as bank_acc3_7_, lawpromote0_.channel_id as channel_4_7_, lawpromote0_.create_time as create_t5_7_, lawpromote0_.identity_id as identity6_7_, lawpromote0_.open_id as open_id7_7_, lawpromote0_.parent_promoter_id as parent_p8_7_, lawpromote0_.promoter_level as promoter9_7_, lawpromote0_.promoter_name as promote10_7_, lawpromote0_.promoter_tel as promote11_7_, lawpromote0_.status as status12_7_ from law_promoter lawpromote0_ where lawpromote0_.open_id=? and lawpromote0_.status=?
2019-03-15 17:38:12.009 TRACE [springAppName_IS_UNDEFINED,,,] 20996 --- [nio-8082-exec-7] o.h.type.descriptor.sql.BasicBinder      : binding parameter [1] as [VARCHAR] - [oBy6H5NqEAPFQS3oT6t6RsC4_dWk]
2019-03-15 17:38:12.009 TRACE [springAppName_IS_UNDEFINED,,,] 20996 --- [nio-8082-exec-7] o.h.type.descriptor.sql.BasicBinder      : binding parameter [2] as [VARCHAR] - [U]
2019-03-15 17:38:12.012 DEBUG [springAppName_IS_UNDEFINED,,,] 20996 --- [nio-8082-exec-7] org.hibernate.SQL                        : select lawpromote0_.promoter_id as promoter1_7_, lawpromote0_.avatar_url as avatar_u2_7_, lawpromote0_.bank_account as bank_acc3_7_, lawpromote0_.channel_id as channel_4_7_, lawpromote0_.create_time as create_t5_7_, lawpromote0_.identity_id as identity6_7_, lawpromote0_.open_id as open_id7_7_, lawpromote0_.parent_promoter_id as parent_p8_7_, lawpromote0_.promoter_level as promoter9_7_, lawpromote0_.promoter_name as promote10_7_, lawpromote0_.promoter_tel as promote11_7_, lawpromote0_.status as status12_7_ from law_promoter lawpromote0_ where lawpromote0_.open_id=? and lawpromote0_.status=?
2019-03-15 17:38:12.013 TRACE [springAppName_IS_UNDEFINED,,,] 20996 --- [nio-8082-exec-7] o.h.type.descriptor.sql.BasicBinder      : binding parameter [1] as [VARCHAR] - [oBy6H5NqEAPFQS3oT6t6RsC4_dWk]
2019-03-15 17:38:12.013 TRACE [springAppName_IS_UNDEFINED,,,] 20996 --- [nio-8082-exec-7] o.h.type.descriptor.sql.BasicBinder      : binding parameter [2] as [VARCHAR] - [U]
2019-03-15 17:38:59.313 DEBUG [springAppName_IS_UNDEFINED,,,] 20996 --- [nio-8082-exec-3] org.hibernate.SQL                        : select lawpromote0_.promoter_id as promoter1_7_, lawpromote0_.avatar_url as avatar_u2_7_, lawpromote0_.bank_account as bank_acc3_7_, lawpromote0_.channel_id as channel_4_7_, lawpromote0_.create_time as create_t5_7_, lawpromote0_.identity_id as identity6_7_, lawpromote0_.open_id as open_id7_7_, lawpromote0_.parent_promoter_id as parent_p8_7_, lawpromote0_.promoter_level as promoter9_7_, lawpromote0_.promoter_name as promote10_7_, lawpromote0_.promoter_tel as promote11_7_, lawpromote0_.status as status12_7_ from law_promoter lawpromote0_ where lawpromote0_.open_id=? and lawpromote0_.status=?
2019-03-15 17:38:59.315 TRACE [springAppName_IS_UNDEFINED,,,] 20996 --- [nio-8082-exec-3] o.h.type.descriptor.sql.BasicBinder      : binding parameter [1] as [VARCHAR] - [oBy6H5NqEAPFQS3oT6t6RsC4_dWk]
2019-03-15 17:38:59.315 TRACE [springAppName_IS_UNDEFINED,,,] 20996 --- [nio-8082-exec-3] o.h.type.descriptor.sql.BasicBinder      : binding parameter [2] as [VARCHAR] - [U]
2019-03-15 17:38:59.319 DEBUG [springAppName_IS_UNDEFINED,,,] 20996 --- [nio-8082-exec-3] org.hibernate.SQL                        : select lawpromote0_.promoter_id as promoter1_7_, lawpromote0_.avatar_url as avatar_u2_7_, lawpromote0_.bank_account as bank_acc3_7_, lawpromote0_.channel_id as channel_4_7_, lawpromote0_.create_time as create_t5_7_, lawpromote0_.identity_id as identity6_7_, lawpromote0_.open_id as open_id7_7_, lawpromote0_.parent_promoter_id as parent_p8_7_, lawpromote0_.promoter_level as promoter9_7_, lawpromote0_.promoter_name as promote10_7_, lawpromote0_.promoter_tel as promote11_7_, lawpromote0_.status as status12_7_ from law_promoter lawpromote0_ where lawpromote0_.open_id=? and lawpromote0_.status=?
2019-03-15 17:38:59.320 TRACE [springAppName_IS_UNDEFINED,,,] 20996 --- [nio-8082-exec-3] o.h.type.descriptor.sql.BasicBinder      : binding parameter [1] as [VARCHAR] - [oBy6H5NqEAPFQS3oT6t6RsC4_dWk]
2019-03-15 17:38:59.320 TRACE [springAppName_IS_UNDEFINED,,,] 20996 --- [nio-8082-exec-3] o.h.type.descriptor.sql.BasicBinder      : binding parameter [2] as [VARCHAR] - [U]
2019-03-15 17:39:55.302 DEBUG [springAppName_IS_UNDEFINED,,,] 20996 --- [nio-8082-exec-2] org.hibernate.SQL                        : select lawpromote0_.promoter_id as promoter1_7_, lawpromote0_.avatar_url as avatar_u2_7_, lawpromote0_.bank_account as bank_acc3_7_, lawpromote0_.channel_id as channel_4_7_, lawpromote0_.create_time as create_t5_7_, lawpromote0_.identity_id as identity6_7_, lawpromote0_.open_id as open_id7_7_, lawpromote0_.parent_promoter_id as parent_p8_7_, lawpromote0_.promoter_level as promoter9_7_, lawpromote0_.promoter_name as promote10_7_, lawpromote0_.promoter_tel as promote11_7_, lawpromote0_.status as status12_7_ from law_promoter lawpromote0_ where lawpromote0_.open_id=? and lawpromote0_.status=?
2019-03-15 17:39:55.303 TRACE [springAppName_IS_UNDEFINED,,,] 20996 --- [nio-8082-exec-2] o.h.type.descriptor.sql.BasicBinder      : binding parameter [1] as [VARCHAR] - [oBy6H5NqEAPFQS3oT6t6RsC4_dWk]
2019-03-15 17:39:55.303 TRACE [springAppName_IS_UNDEFINED,,,] 20996 --- [nio-8082-exec-2] o.h.type.descriptor.sql.BasicBinder      : binding parameter [2] as [VARCHAR] - [U]
2019-03-15 17:39:55.306 DEBUG [springAppName_IS_UNDEFINED,,,] 20996 --- [nio-8082-exec-2] org.hibernate.SQL                        : select lawpromote0_.promoter_id as promoter1_7_, lawpromote0_.avatar_url as avatar_u2_7_, lawpromote0_.bank_account as bank_acc3_7_, lawpromote0_.channel_id as channel_4_7_, lawpromote0_.create_time as create_t5_7_, lawpromote0_.identity_id as identity6_7_, lawpromote0_.open_id as open_id7_7_, lawpromote0_.parent_promoter_id as parent_p8_7_, lawpromote0_.promoter_level as promoter9_7_, lawpromote0_.promoter_name as promote10_7_, lawpromote0_.promoter_tel as promote11_7_, lawpromote0_.status as status12_7_ from law_promoter lawpromote0_ where lawpromote0_.open_id=? and lawpromote0_.status=?
2019-03-15 17:39:55.307 TRACE [springAppName_IS_UNDEFINED,,,] 20996 --- [nio-8082-exec-2] o.h.type.descriptor.sql.BasicBinder      : binding parameter [1] as [VARCHAR] - [oBy6H5NqEAPFQS3oT6t6RsC4_dWk]
2019-03-15 17:39:55.307 TRACE [springAppName_IS_UNDEFINED,,,] 20996 --- [nio-8082-exec-2] o.h.type.descriptor.sql.BasicBinder      : binding parameter [2] as [VARCHAR] - [U]
2019-03-15 17:40:32.423 DEBUG [springAppName_IS_UNDEFINED,,,] 20996 --- [nio-8082-exec-5] org.hibernate.SQL                        : select lawpromote0_.promoter_id as promoter1_7_, lawpromote0_.avatar_url as avatar_u2_7_, lawpromote0_.bank_account as bank_acc3_7_, lawpromote0_.channel_id as channel_4_7_, lawpromote0_.create_time as create_t5_7_, lawpromote0_.identity_id as identity6_7_, lawpromote0_.open_id as open_id7_7_, lawpromote0_.parent_promoter_id as parent_p8_7_, lawpromote0_.promoter_level as promoter9_7_, lawpromote0_.promoter_name as promote10_7_, lawpromote0_.promoter_tel as promote11_7_, lawpromote0_.status as status12_7_ from law_promoter lawpromote0_ where lawpromote0_.open_id=? and lawpromote0_.status=?
2019-03-15 17:40:32.424 TRACE [springAppName_IS_UNDEFINED,,,] 20996 --- [nio-8082-exec-5] o.h.type.descriptor.sql.BasicBinder      : binding parameter [1] as [VARCHAR] - [oBy6H5NqEAPFQS3oT6t6RsC4_dWk]
2019-03-15 17:40:32.425 TRACE [springAppName_IS_UNDEFINED,,,] 20996 --- [nio-8082-exec-5] o.h.type.descriptor.sql.BasicBinder      : binding parameter [2] as [VARCHAR] - [U]
2019-03-15 17:40:32.427 DEBUG [springAppName_IS_UNDEFINED,,,] 20996 --- [nio-8082-exec-5] org.hibernate.SQL                        : select lawpromote0_.promoter_id as promoter1_7_, lawpromote0_.avatar_url as avatar_u2_7_, lawpromote0_.bank_account as bank_acc3_7_, lawpromote0_.channel_id as channel_4_7_, lawpromote0_.create_time as create_t5_7_, lawpromote0_.identity_id as identity6_7_, lawpromote0_.open_id as open_id7_7_, lawpromote0_.parent_promoter_id as parent_p8_7_, lawpromote0_.promoter_level as promoter9_7_, lawpromote0_.promoter_name as promote10_7_, lawpromote0_.promoter_tel as promote11_7_, lawpromote0_.status as status12_7_ from law_promoter lawpromote0_ where lawpromote0_.open_id=? and lawpromote0_.status=?
2019-03-15 17:40:32.428 TRACE [springAppName_IS_UNDEFINED,,,] 20996 --- [nio-8082-exec-5] o.h.type.descriptor.sql.BasicBinder      : binding parameter [1] as [VARCHAR] - [oBy6H5NqEAPFQS3oT6t6RsC4_dWk]
2019-03-15 17:40:32.428 TRACE [springAppName_IS_UNDEFINED,,,] 20996 --- [nio-8082-exec-5] o.h.type.descriptor.sql.BasicBinder      : binding parameter [2] as [VARCHAR] - [U]
2019-03-15 17:41:20.690 DEBUG [springAppName_IS_UNDEFINED,,,] 20996 --- [nio-8082-exec-6] org.hibernate.SQL                        : select lawpromote0_.promoter_id as promoter1_7_, lawpromote0_.avatar_url as avatar_u2_7_, lawpromote0_.bank_account as bank_acc3_7_, lawpromote0_.channel_id as channel_4_7_, lawpromote0_.create_time as create_t5_7_, lawpromote0_.identity_id as identity6_7_, lawpromote0_.open_id as open_id7_7_, lawpromote0_.parent_promoter_id as parent_p8_7_, lawpromote0_.promoter_level as promoter9_7_, lawpromote0_.promoter_name as promote10_7_, lawpromote0_.promoter_tel as promote11_7_, lawpromote0_.status as status12_7_ from law_promoter lawpromote0_ where lawpromote0_.open_id=? and lawpromote0_.status=?
2019-03-15 17:41:20.692 TRACE [springAppName_IS_UNDEFINED,,,] 20996 --- [nio-8082-exec-6] o.h.type.descriptor.sql.BasicBinder      : binding parameter [1] as [VARCHAR] - [oBy6H5NqEAPFQS3oT6t6RsC4_dWk]
2019-03-15 17:41:20.692 TRACE [springAppName_IS_UNDEFINED,,,] 20996 --- [nio-8082-exec-6] o.h.type.descriptor.sql.BasicBinder      : binding parameter [2] as [VARCHAR] - [U]
2019-03-15 17:41:20.695 DEBUG [springAppName_IS_UNDEFINED,,,] 20996 --- [nio-8082-exec-6] org.hibernate.SQL                        : select lawpromote0_.promoter_id as promoter1_7_, lawpromote0_.avatar_url as avatar_u2_7_, lawpromote0_.bank_account as bank_acc3_7_, lawpromote0_.channel_id as channel_4_7_, lawpromote0_.create_time as create_t5_7_, lawpromote0_.identity_id as identity6_7_, lawpromote0_.open_id as open_id7_7_, lawpromote0_.parent_promoter_id as parent_p8_7_, lawpromote0_.promoter_level as promoter9_7_, lawpromote0_.promoter_name as promote10_7_, lawpromote0_.promoter_tel as promote11_7_, lawpromote0_.status as status12_7_ from law_promoter lawpromote0_ where lawpromote0_.open_id=? and lawpromote0_.status=?
2019-03-15 17:41:20.696 TRACE [springAppName_IS_UNDEFINED,,,] 20996 --- [nio-8082-exec-6] o.h.type.descriptor.sql.BasicBinder      : binding parameter [1] as [VARCHAR] - [oBy6H5NqEAPFQS3oT6t6RsC4_dWk]
2019-03-15 17:41:20.696 TRACE [springAppName_IS_UNDEFINED,,,] 20996 --- [nio-8082-exec-6] o.h.type.descriptor.sql.BasicBinder      : binding parameter [2] as [VARCHAR] - [U]
2019-03-15 17:42:08.289 DEBUG [springAppName_IS_UNDEFINED,,,] 20996 --- [io-8082-exec-10] org.hibernate.SQL                        : select lawpromote0_.promoter_id as promoter1_7_, lawpromote0_.avatar_url as avatar_u2_7_, lawpromote0_.bank_account as bank_acc3_7_, lawpromote0_.channel_id as channel_4_7_, lawpromote0_.create_time as create_t5_7_, lawpromote0_.identity_id as identity6_7_, lawpromote0_.open_id as open_id7_7_, lawpromote0_.parent_promoter_id as parent_p8_7_, lawpromote0_.promoter_level as promoter9_7_, lawpromote0_.promoter_name as promote10_7_, lawpromote0_.promoter_tel as promote11_7_, lawpromote0_.status as status12_7_ from law_promoter lawpromote0_ where lawpromote0_.open_id=? and lawpromote0_.status=?
2019-03-15 17:42:08.290 TRACE [springAppName_IS_UNDEFINED,,,] 20996 --- [io-8082-exec-10] o.h.type.descriptor.sql.BasicBinder      : binding parameter [1] as [VARCHAR] - [oBy6H5NqEAPFQS3oT6t6RsC4_dWk]
2019-03-15 17:42:08.291 TRACE [springAppName_IS_UNDEFINED,,,] 20996 --- [io-8082-exec-10] o.h.type.descriptor.sql.BasicBinder      : binding parameter [2] as [VARCHAR] - [U]
2019-03-15 17:42:08.294 DEBUG [springAppName_IS_UNDEFINED,,,] 20996 --- [io-8082-exec-10] org.hibernate.SQL                        : select lawpromote0_.promoter_id as promoter1_7_, lawpromote0_.avatar_url as avatar_u2_7_, lawpromote0_.bank_account as bank_acc3_7_, lawpromote0_.channel_id as channel_4_7_, lawpromote0_.create_time as create_t5_7_, lawpromote0_.identity_id as identity6_7_, lawpromote0_.open_id as open_id7_7_, lawpromote0_.parent_promoter_id as parent_p8_7_, lawpromote0_.promoter_level as promoter9_7_, lawpromote0_.promoter_name as promote10_7_, lawpromote0_.promoter_tel as promote11_7_, lawpromote0_.status as status12_7_ from law_promoter lawpromote0_ where lawpromote0_.open_id=? and lawpromote0_.status=?
2019-03-15 17:42:08.295 TRACE [springAppName_IS_UNDEFINED,,,] 20996 --- [io-8082-exec-10] o.h.type.descriptor.sql.BasicBinder      : binding parameter [1] as [VARCHAR] - [oBy6H5NqEAPFQS3oT6t6RsC4_dWk]
2019-03-15 17:42:08.295 TRACE [springAppName_IS_UNDEFINED,,,] 20996 --- [io-8082-exec-10] o.h.type.descriptor.sql.BasicBinder      : binding parameter [2] as [VARCHAR] - [U]
2019-03-15 17:42:32.735 DEBUG [springAppName_IS_UNDEFINED,,,] 20996 --- [nio-8082-exec-7] org.hibernate.SQL                        : select lawpromote0_.promoter_id as promoter1_7_, lawpromote0_.avatar_url as avatar_u2_7_, lawpromote0_.bank_account as bank_acc3_7_, lawpromote0_.channel_id as channel_4_7_, lawpromote0_.create_time as create_t5_7_, lawpromote0_.identity_id as identity6_7_, lawpromote0_.open_id as open_id7_7_, lawpromote0_.parent_promoter_id as parent_p8_7_, lawpromote0_.promoter_level as promoter9_7_, lawpromote0_.promoter_name as promote10_7_, lawpromote0_.promoter_tel as promote11_7_, lawpromote0_.status as status12_7_ from law_promoter lawpromote0_ where lawpromote0_.open_id=? and lawpromote0_.status=?
2019-03-15 17:42:32.738 TRACE [springAppName_IS_UNDEFINED,,,] 20996 --- [nio-8082-exec-7] o.h.type.descriptor.sql.BasicBinder      : binding parameter [1] as [VARCHAR] - [oBy6H5NqEAPFQS3oT6t6RsC4_dWk]
2019-03-15 17:42:32.739 TRACE [springAppName_IS_UNDEFINED,,,] 20996 --- [nio-8082-exec-7] o.h.type.descriptor.sql.BasicBinder      : binding parameter [2] as [VARCHAR] - [U]
2019-03-15 17:42:32.745 DEBUG [springAppName_IS_UNDEFINED,,,] 20996 --- [nio-8082-exec-7] org.hibernate.SQL                        : select lawpromote0_.promoter_id as promoter1_7_, lawpromote0_.avatar_url as avatar_u2_7_, lawpromote0_.bank_account as bank_acc3_7_, lawpromote0_.channel_id as channel_4_7_, lawpromote0_.create_time as create_t5_7_, lawpromote0_.identity_id as identity6_7_, lawpromote0_.open_id as open_id7_7_, lawpromote0_.parent_promoter_id as parent_p8_7_, lawpromote0_.promoter_level as promoter9_7_, lawpromote0_.promoter_name as promote10_7_, lawpromote0_.promoter_tel as promote11_7_, lawpromote0_.status as status12_7_ from law_promoter lawpromote0_ where lawpromote0_.open_id=? and lawpromote0_.status=?
2019-03-15 17:42:32.746 TRACE [springAppName_IS_UNDEFINED,,,] 20996 --- [nio-8082-exec-7] o.h.type.descriptor.sql.BasicBinder      : binding parameter [1] as [VARCHAR] - [oBy6H5NqEAPFQS3oT6t6RsC4_dWk]
2019-03-15 17:42:32.746 TRACE [springAppName_IS_UNDEFINED,,,] 20996 --- [nio-8082-exec-7] o.h.type.descriptor.sql.BasicBinder      : binding parameter [2] as [VARCHAR] - [U]
2019-03-15 17:42:42.420 DEBUG [springAppName_IS_UNDEFINED,,,] 20996 --- [nio-8082-exec-4] org.hibernate.SQL                        : select lawpromote0_.promoter_id as promoter1_7_, lawpromote0_.avatar_url as avatar_u2_7_, lawpromote0_.bank_account as bank_acc3_7_, lawpromote0_.channel_id as channel_4_7_, lawpromote0_.create_time as create_t5_7_, lawpromote0_.identity_id as identity6_7_, lawpromote0_.open_id as open_id7_7_, lawpromote0_.parent_promoter_id as parent_p8_7_, lawpromote0_.promoter_level as promoter9_7_, lawpromote0_.promoter_name as promote10_7_, lawpromote0_.promoter_tel as promote11_7_, lawpromote0_.status as status12_7_ from law_promoter lawpromote0_ where lawpromote0_.open_id=? and lawpromote0_.status=?
2019-03-15 17:42:42.421 TRACE [springAppName_IS_UNDEFINED,,,] 20996 --- [nio-8082-exec-4] o.h.type.descriptor.sql.BasicBinder      : binding parameter [1] as [VARCHAR] - [oBy6H5NqEAPFQS3oT6t6RsC4_dWk]
2019-03-15 17:42:42.421 TRACE [springAppName_IS_UNDEFINED,,,] 20996 --- [nio-8082-exec-4] o.h.type.descriptor.sql.BasicBinder      : binding parameter [2] as [VARCHAR] - [U]
2019-03-15 17:42:42.425 DEBUG [springAppName_IS_UNDEFINED,,,] 20996 --- [nio-8082-exec-4] org.hibernate.SQL                        : select lawpromote0_.promoter_id as promoter1_7_, lawpromote0_.avatar_url as avatar_u2_7_, lawpromote0_.bank_account as bank_acc3_7_, lawpromote0_.channel_id as channel_4_7_, lawpromote0_.create_time as create_t5_7_, lawpromote0_.identity_id as identity6_7_, lawpromote0_.open_id as open_id7_7_, lawpromote0_.parent_promoter_id as parent_p8_7_, lawpromote0_.promoter_level as promoter9_7_, lawpromote0_.promoter_name as promote10_7_, lawpromote0_.promoter_tel as promote11_7_, lawpromote0_.status as status12_7_ from law_promoter lawpromote0_ where lawpromote0_.open_id=? and lawpromote0_.status=?
2019-03-15 17:42:42.426 TRACE [springAppName_IS_UNDEFINED,,,] 20996 --- [nio-8082-exec-4] o.h.type.descriptor.sql.BasicBinder      : binding parameter [1] as [VARCHAR] - [oBy6H5NqEAPFQS3oT6t6RsC4_dWk]
2019-03-15 17:42:42.426 TRACE [springAppName_IS_UNDEFINED,,,] 20996 --- [nio-8082-exec-4] o.h.type.descriptor.sql.BasicBinder      : binding parameter [2] as [VARCHAR] - [U]
2019-03-15 17:43:03.788 DEBUG [springAppName_IS_UNDEFINED,,,] 20996 --- [nio-8082-exec-1] org.hibernate.SQL                        : select lawpromote0_.promoter_id as promoter1_7_, lawpromote0_.avatar_url as avatar_u2_7_, lawpromote0_.bank_account as bank_acc3_7_, lawpromote0_.channel_id as channel_4_7_, lawpromote0_.create_time as create_t5_7_, lawpromote0_.identity_id as identity6_7_, lawpromote0_.open_id as open_id7_7_, lawpromote0_.parent_promoter_id as parent_p8_7_, lawpromote0_.promoter_level as promoter9_7_, lawpromote0_.promoter_name as promote10_7_, lawpromote0_.promoter_tel as promote11_7_, lawpromote0_.status as status12_7_ from law_promoter lawpromote0_ where lawpromote0_.open_id=? and lawpromote0_.status=?
2019-03-15 17:43:03.790 TRACE [springAppName_IS_UNDEFINED,,,] 20996 --- [nio-8082-exec-1] o.h.type.descriptor.sql.BasicBinder      : binding parameter [1] as [VARCHAR] - [oBy6H5NqEAPFQS3oT6t6RsC4_dWk]
2019-03-15 17:43:03.791 TRACE [springAppName_IS_UNDEFINED,,,] 20996 --- [nio-8082-exec-1] o.h.type.descriptor.sql.BasicBinder      : binding parameter [2] as [VARCHAR] - [U]
2019-03-15 17:43:03.794 DEBUG [springAppName_IS_UNDEFINED,,,] 20996 --- [nio-8082-exec-1] org.hibernate.SQL                        : select lawpromote0_.promoter_id as promoter1_7_, lawpromote0_.avatar_url as avatar_u2_7_, lawpromote0_.bank_account as bank_acc3_7_, lawpromote0_.channel_id as channel_4_7_, lawpromote0_.create_time as create_t5_7_, lawpromote0_.identity_id as identity6_7_, lawpromote0_.open_id as open_id7_7_, lawpromote0_.parent_promoter_id as parent_p8_7_, lawpromote0_.promoter_level as promoter9_7_, lawpromote0_.promoter_name as promote10_7_, lawpromote0_.promoter_tel as promote11_7_, lawpromote0_.status as status12_7_ from law_promoter lawpromote0_ where lawpromote0_.open_id=? and lawpromote0_.status=?
2019-03-15 17:43:03.794 TRACE [springAppName_IS_UNDEFINED,,,] 20996 --- [nio-8082-exec-1] o.h.type.descriptor.sql.BasicBinder      : binding parameter [1] as [VARCHAR] - [oBy6H5NqEAPFQS3oT6t6RsC4_dWk]
2019-03-15 17:43:03.795 TRACE [springAppName_IS_UNDEFINED,,,] 20996 --- [nio-8082-exec-1] o.h.type.descriptor.sql.BasicBinder      : binding parameter [2] as [VARCHAR] - [U]
2019-03-15 17:44:00.471 DEBUG [springAppName_IS_UNDEFINED,,,] 20996 --- [nio-8082-exec-5] org.hibernate.SQL                        : select lawpromote0_.promoter_id as promoter1_7_, lawpromote0_.avatar_url as avatar_u2_7_, lawpromote0_.bank_account as bank_acc3_7_, lawpromote0_.channel_id as channel_4_7_, lawpromote0_.create_time as create_t5_7_, lawpromote0_.identity_id as identity6_7_, lawpromote0_.open_id as open_id7_7_, lawpromote0_.parent_promoter_id as parent_p8_7_, lawpromote0_.promoter_level as promoter9_7_, lawpromote0_.promoter_name as promote10_7_, lawpromote0_.promoter_tel as promote11_7_, lawpromote0_.status as status12_7_ from law_promoter lawpromote0_ where lawpromote0_.open_id=? and lawpromote0_.status=?
2019-03-15 17:44:00.472 TRACE [springAppName_IS_UNDEFINED,,,] 20996 --- [nio-8082-exec-5] o.h.type.descriptor.sql.BasicBinder      : binding parameter [1] as [VARCHAR] - [oBy6H5NqEAPFQS3oT6t6RsC4_dWk]
2019-03-15 17:44:00.473 TRACE [springAppName_IS_UNDEFINED,,,] 20996 --- [nio-8082-exec-5] o.h.type.descriptor.sql.BasicBinder      : binding parameter [2] as [VARCHAR] - [U]
2019-03-15 17:44:00.476 DEBUG [springAppName_IS_UNDEFINED,,,] 20996 --- [nio-8082-exec-5] org.hibernate.SQL                        : select lawpromote0_.promoter_id as promoter1_7_, lawpromote0_.avatar_url as avatar_u2_7_, lawpromote0_.bank_account as bank_acc3_7_, lawpromote0_.channel_id as channel_4_7_, lawpromote0_.create_time as create_t5_7_, lawpromote0_.identity_id as identity6_7_, lawpromote0_.open_id as open_id7_7_, lawpromote0_.parent_promoter_id as parent_p8_7_, lawpromote0_.promoter_level as promoter9_7_, lawpromote0_.promoter_name as promote10_7_, lawpromote0_.promoter_tel as promote11_7_, lawpromote0_.status as status12_7_ from law_promoter lawpromote0_ where lawpromote0_.open_id=? and lawpromote0_.status=?
2019-03-15 17:44:00.476 TRACE [springAppName_IS_UNDEFINED,,,] 20996 --- [nio-8082-exec-5] o.h.type.descriptor.sql.BasicBinder      : binding parameter [1] as [VARCHAR] - [oBy6H5NqEAPFQS3oT6t6RsC4_dWk]
2019-03-15 17:44:00.476 TRACE [springAppName_IS_UNDEFINED,,,] 20996 --- [nio-8082-exec-5] o.h.type.descriptor.sql.BasicBinder      : binding parameter [2] as [VARCHAR] - [U]
2019-03-15 17:44:40.785 DEBUG [springAppName_IS_UNDEFINED,,,] 20996 --- [nio-8082-exec-6] org.hibernate.SQL                        : select lawpromote0_.promoter_id as promoter1_7_, lawpromote0_.avatar_url as avatar_u2_7_, lawpromote0_.bank_account as bank_acc3_7_, lawpromote0_.channel_id as channel_4_7_, lawpromote0_.create_time as create_t5_7_, lawpromote0_.identity_id as identity6_7_, lawpromote0_.open_id as open_id7_7_, lawpromote0_.parent_promoter_id as parent_p8_7_, lawpromote0_.promoter_level as promoter9_7_, lawpromote0_.promoter_name as promote10_7_, lawpromote0_.promoter_tel as promote11_7_, lawpromote0_.status as status12_7_ from law_promoter lawpromote0_ where lawpromote0_.open_id=? and lawpromote0_.status=?
2019-03-15 17:44:40.786 TRACE [springAppName_IS_UNDEFINED,,,] 20996 --- [nio-8082-exec-6] o.h.type.descriptor.sql.BasicBinder      : binding parameter [1] as [VARCHAR] - [oBy6H5NqEAPFQS3oT6t6RsC4_dWk]
2019-03-15 17:44:40.786 TRACE [springAppName_IS_UNDEFINED,,,] 20996 --- [nio-8082-exec-6] o.h.type.descriptor.sql.BasicBinder      : binding parameter [2] as [VARCHAR] - [U]
2019-03-15 17:44:40.848 DEBUG [springAppName_IS_UNDEFINED,,,] 20996 --- [nio-8082-exec-6] org.hibernate.SQL                        : select lawpromote0_.promoter_id as promoter1_7_, lawpromote0_.avatar_url as avatar_u2_7_, lawpromote0_.bank_account as bank_acc3_7_, lawpromote0_.channel_id as channel_4_7_, lawpromote0_.create_time as create_t5_7_, lawpromote0_.identity_id as identity6_7_, lawpromote0_.open_id as open_id7_7_, lawpromote0_.parent_promoter_id as parent_p8_7_, lawpromote0_.promoter_level as promoter9_7_, lawpromote0_.promoter_name as promote10_7_, lawpromote0_.promoter_tel as promote11_7_, lawpromote0_.status as status12_7_ from law_promoter lawpromote0_ where lawpromote0_.open_id=? and lawpromote0_.status=?
2019-03-15 17:44:40.849 TRACE [springAppName_IS_UNDEFINED,,,] 20996 --- [nio-8082-exec-6] o.h.type.descriptor.sql.BasicBinder      : binding parameter [1] as [VARCHAR] - [oBy6H5NqEAPFQS3oT6t6RsC4_dWk]
2019-03-15 17:44:40.849 TRACE [springAppName_IS_UNDEFINED,,,] 20996 --- [nio-8082-exec-6] o.h.type.descriptor.sql.BasicBinder      : binding parameter [2] as [VARCHAR] - [U]
2019-03-15 17:45:21.003 DEBUG [springAppName_IS_UNDEFINED,,,] 20996 --- [io-8082-exec-10] org.hibernate.SQL                        : select lawpromote0_.promoter_id as promoter1_7_, lawpromote0_.avatar_url as avatar_u2_7_, lawpromote0_.bank_account as bank_acc3_7_, lawpromote0_.channel_id as channel_4_7_, lawpromote0_.create_time as create_t5_7_, lawpromote0_.identity_id as identity6_7_, lawpromote0_.open_id as open_id7_7_, lawpromote0_.parent_promoter_id as parent_p8_7_, lawpromote0_.promoter_level as promoter9_7_, lawpromote0_.promoter_name as promote10_7_, lawpromote0_.promoter_tel as promote11_7_, lawpromote0_.status as status12_7_ from law_promoter lawpromote0_ where lawpromote0_.open_id=? and lawpromote0_.status=?
2019-03-15 17:45:21.005 TRACE [springAppName_IS_UNDEFINED,,,] 20996 --- [io-8082-exec-10] o.h.type.descriptor.sql.BasicBinder      : binding parameter [1] as [VARCHAR] - [oBy6H5NqEAPFQS3oT6t6RsC4_dWk]
2019-03-15 17:45:21.005 TRACE [springAppName_IS_UNDEFINED,,,] 20996 --- [io-8082-exec-10] o.h.type.descriptor.sql.BasicBinder      : binding parameter [2] as [VARCHAR] - [U]
2019-03-15 17:45:21.011 DEBUG [springAppName_IS_UNDEFINED,,,] 20996 --- [io-8082-exec-10] org.hibernate.SQL                        : select lawpromote0_.promoter_id as promoter1_7_, lawpromote0_.avatar_url as avatar_u2_7_, lawpromote0_.bank_account as bank_acc3_7_, lawpromote0_.channel_id as channel_4_7_, lawpromote0_.create_time as create_t5_7_, lawpromote0_.identity_id as identity6_7_, lawpromote0_.open_id as open_id7_7_, lawpromote0_.parent_promoter_id as parent_p8_7_, lawpromote0_.promoter_level as promoter9_7_, lawpromote0_.promoter_name as promote10_7_, lawpromote0_.promoter_tel as promote11_7_, lawpromote0_.status as status12_7_ from law_promoter lawpromote0_ where lawpromote0_.open_id=? and lawpromote0_.status=?
2019-03-15 17:45:21.011 TRACE [springAppName_IS_UNDEFINED,,,] 20996 --- [io-8082-exec-10] o.h.type.descriptor.sql.BasicBinder      : binding parameter [1] as [VARCHAR] - [oBy6H5NqEAPFQS3oT6t6RsC4_dWk]
2019-03-15 17:45:21.011 TRACE [springAppName_IS_UNDEFINED,,,] 20996 --- [io-8082-exec-10] o.h.type.descriptor.sql.BasicBinder      : binding parameter [2] as [VARCHAR] - [U]
