2019-05-10 17:08:03.016  INFO [springAppName_IS_UNDEFINED,,,] 19220 --- [           main] com.law.LawApplication                   : Starting LawApplication on DESKTOP-L35BCBM with PID 19220 (E:\Project\asiainfo\law-master\server\target\classes started by 陈龙 in E:\Project\asiainfo\law-master\server)
2019-05-10 17:08:03.020 DEBUG [springAppName_IS_UNDEFINED,,,] 19220 --- [           main] com.law.LawApplication                   : Running with Spring Boot v2.0.4.RELEASE, Spring v5.0.8.RELEASE
2019-05-10 17:08:03.021  INFO [springAppName_IS_UNDEFINED,,,] 19220 --- [           main] com.law.LawApplication                   : No active profile set, falling back to default profiles: default
2019-05-10 17:08:03.078  INFO [springAppName_IS_UNDEFINED,,,] 19220 --- [           main] ConfigServletWebServerApplicationContext : Refreshing org.springframework.boot.web.servlet.context.AnnotationConfigServletWebServerApplicationContext@5656be13: startup date [Fri May 10 17:08:03 CST 2019]; root of context hierarchy
2019-05-10 17:08:04.442  INFO [springAppName_IS_UNDEFINED,,,] 19220 --- [           main] trationDelegate$BeanPostProcessorChecker : Bean 'org.springframework.transaction.annotation.ProxyTransactionManagementConfiguration' of type [org.springframework.transaction.annotation.ProxyTransactionManagementConfiguration$$EnhancerBySpringCGLIB$$2af6922a] is not eligible for getting processed by all BeanPostProcessors (for example: not eligible for auto-proxying)
2019-05-10 17:08:04.505  INFO [springAppName_IS_UNDEFINED,,,] 19220 --- [           main] trationDelegate$BeanPostProcessorChecker : Bean 'druidConfig' of type [com.law.config.DruidConfig$$EnhancerBySpringCGLIB$$d2130ba0] is not eligible for getting processed by all BeanPostProcessors (for example: not eligible for auto-proxying)
2019-05-10 17:08:04.513  INFO [springAppName_IS_UNDEFINED,,,] 19220 --- [           main] trationDelegate$BeanPostProcessorChecker : Bean 'druidStatPointcut' of type [org.springframework.aop.support.JdkRegexpMethodPointcut] is not eligible for getting processed by all BeanPostProcessors (for example: not eligible for auto-proxying)
2019-05-10 17:08:04.524  INFO [springAppName_IS_UNDEFINED,,,] 19220 --- [           main] trationDelegate$BeanPostProcessorChecker : Bean 'druidStatInterceptor' of type [com.alibaba.druid.support.spring.stat.DruidStatInterceptor] is not eligible for getting processed by all BeanPostProcessors (for example: not eligible for auto-proxying)
2019-05-10 17:08:04.527  INFO [springAppName_IS_UNDEFINED,,,] 19220 --- [           main] trationDelegate$BeanPostProcessorChecker : Bean 'druidStatAdvisor' of type [org.springframework.aop.support.DefaultPointcutAdvisor] is not eligible for getting processed by all BeanPostProcessors (for example: not eligible for auto-proxying)
2019-05-10 17:08:04.855  INFO [springAppName_IS_UNDEFINED,,,] 19220 --- [           main] o.s.b.w.embedded.tomcat.TomcatWebServer  : Tomcat initialized with port(s): 8082 (http)
2019-05-10 17:08:04.878  INFO [springAppName_IS_UNDEFINED,,,] 19220 --- [           main] o.apache.catalina.core.StandardService   : Starting service [Tomcat]
2019-05-10 17:08:04.878  INFO [springAppName_IS_UNDEFINED,,,] 19220 --- [           main] org.apache.catalina.core.StandardEngine  : Starting Servlet Engine: Apache Tomcat/8.5.32
2019-05-10 17:08:04.882  INFO [springAppName_IS_UNDEFINED,,,] 19220 --- [ost-startStop-1] o.a.catalina.core.AprLifecycleListener   : The APR based Apache Tomcat Native library which allows optimal performance in production environments was not found on the java.library.path: [E:\Program Files\java\jdk1.8.0_181\bin;C:\Windows\Sun\Java\bin;C:\Windows\system32;C:\Windows;E:/Program Files/java/jdk1.8.0_181/bin/../jre/bin/server;E:/Program Files/java/jdk1.8.0_181/bin/../jre/bin;E:/Program Files/java/jdk1.8.0_181/bin/../jre/lib/amd64;D:\F\oracle\product\10.2.0\db_1\bin;C:\Windows\system32;C:\Windows;C:\Windows\System32\Wbem;C:\Windows\System32\WindowsPowerShell\v1.0\;C:\Windows\System32\OpenSSH\;E:\Program Files\java\jdk1.8.0_181\bin;E:\Program Files\java\jdk1.8.0_181\jre\bin;C:\Program Files\MySQL\MySQL Utilities 1.6\;E:\Program Files\TortoiseSVN\bin;E:\Program Files\Git\cmd;C:\Users\陈龙\AppData\Local\Microsoft\WindowsApps;;E:\Program Files\eclipse;;.]
2019-05-10 17:08:05.020  INFO [springAppName_IS_UNDEFINED,,,] 19220 --- [ost-startStop-1] o.a.c.c.C.[Tomcat].[localhost].[/]       : Initializing Spring embedded WebApplicationContext
2019-05-10 17:08:05.020  INFO [springAppName_IS_UNDEFINED,,,] 19220 --- [ost-startStop-1] o.s.web.context.ContextLoader            : Root WebApplicationContext: initialization completed in 1942 ms
2019-05-10 17:08:05.114  INFO [springAppName_IS_UNDEFINED,,,] 19220 --- [ost-startStop-1] o.s.b.w.servlet.ServletRegistrationBean  : Servlet statViewServlet mapped to [/druid/*]
2019-05-10 17:08:05.116  INFO [springAppName_IS_UNDEFINED,,,] 19220 --- [ost-startStop-1] o.s.b.w.servlet.ServletRegistrationBean  : Servlet dispatcherServlet mapped to [/]
2019-05-10 17:08:05.119  INFO [springAppName_IS_UNDEFINED,,,] 19220 --- [ost-startStop-1] o.s.b.w.servlet.FilterRegistrationBean   : Mapping filter: 'characterEncodingFilter' to: [/*]
2019-05-10 17:08:05.120  INFO [springAppName_IS_UNDEFINED,,,] 19220 --- [ost-startStop-1] o.s.b.w.servlet.FilterRegistrationBean   : Mapping filter: 'hiddenHttpMethodFilter' to: [/*]
2019-05-10 17:08:05.120  INFO [springAppName_IS_UNDEFINED,,,] 19220 --- [ost-startStop-1] o.s.b.w.servlet.FilterRegistrationBean   : Mapping filter: 'httpPutFormContentFilter' to: [/*]
2019-05-10 17:08:05.120  INFO [springAppName_IS_UNDEFINED,,,] 19220 --- [ost-startStop-1] o.s.b.w.servlet.FilterRegistrationBean   : Mapping filter: 'requestContextFilter' to: [/*]
2019-05-10 17:08:05.121  INFO [springAppName_IS_UNDEFINED,,,] 19220 --- [ost-startStop-1] o.s.b.w.servlet.FilterRegistrationBean   : Mapping filter: 'webStatFilter' to urls: [/*]
2019-05-10 17:08:05.685  INFO [springAppName_IS_UNDEFINED,,,] 19220 --- [           main] com.alibaba.druid.pool.DruidDataSource   : {dataSource-1} inited
2019-05-10 17:08:05.754  INFO [springAppName_IS_UNDEFINED,,,] 19220 --- [           main] j.LocalContainerEntityManagerFactoryBean : Building JPA container EntityManagerFactory for persistence unit 'default'
2019-05-10 17:08:05.767  INFO [springAppName_IS_UNDEFINED,,,] 19220 --- [           main] o.hibernate.jpa.internal.util.LogHelper  : HHH000204: Processing PersistenceUnitInfo [
	name: default
	...]
2019-05-10 17:08:05.845  INFO [springAppName_IS_UNDEFINED,,,] 19220 --- [           main] org.hibernate.Version                    : HHH000412: Hibernate Core {5.2.17.Final}
2019-05-10 17:08:05.847  INFO [springAppName_IS_UNDEFINED,,,] 19220 --- [           main] org.hibernate.cfg.Environment            : HHH000206: hibernate.properties not found
2019-05-10 17:08:05.890  INFO [springAppName_IS_UNDEFINED,,,] 19220 --- [           main] o.hibernate.annotations.common.Version   : HCANN000001: Hibernate Commons Annotations {5.0.1.Final}
2019-05-10 17:08:06.028  INFO [springAppName_IS_UNDEFINED,,,] 19220 --- [           main] org.hibernate.dialect.Dialect            : HHH000400: Using dialect: org.hibernate.dialect.MySQL5Dialect
2019-05-10 17:08:06.529  INFO [springAppName_IS_UNDEFINED,,,] 19220 --- [           main] j.LocalContainerEntityManagerFactoryBean : Initialized JPA EntityManagerFactory for persistence unit 'default'
2019-05-10 17:08:07.355  INFO [springAppName_IS_UNDEFINED,,,] 19220 --- [           main] o.s.w.s.handler.SimpleUrlHandlerMapping  : Mapped URL path [/**/favicon.ico] onto handler of type [class org.springframework.web.servlet.resource.ResourceHttpRequestHandler]
2019-05-10 17:08:07.564  INFO [springAppName_IS_UNDEFINED,,,] 19220 --- [           main] s.w.s.m.m.a.RequestMappingHandlerAdapter : Looking for @ControllerAdvice: org.springframework.boot.web.servlet.context.AnnotationConfigServletWebServerApplicationContext@5656be13: startup date [Fri May 10 17:08:03 CST 2019]; root of context hierarchy
2019-05-10 17:08:07.572  INFO [springAppName_IS_UNDEFINED,,,] 19220 --- [           main] s.w.s.m.m.a.RequestMappingHandlerAdapter : Detected ResponseBodyAdvice bean in responseBodyInterceptor
2019-05-10 17:08:07.593  WARN [springAppName_IS_UNDEFINED,,,] 19220 --- [           main] aWebConfiguration$JpaWebMvcConfiguration : spring.jpa.open-in-view is enabled by default. Therefore, database queries may be performed during view rendering. Explicitly configure spring.jpa.open-in-view to disable this warning
2019-05-10 17:08:07.618  INFO [springAppName_IS_UNDEFINED,,,] 19220 --- [           main] s.w.s.m.m.a.RequestMappingHandlerMapping : Mapped "{[/getSysCode]}" onto public java.util.List<com.law.model.SysCode> com.law.controller.CacheController.getSysCode()
2019-05-10 17:08:07.619  INFO [springAppName_IS_UNDEFINED,,,] 19220 --- [           main] s.w.s.m.m.a.RequestMappingHandlerMapping : Mapped "{[/refreshCache]}" onto public boolean com.law.controller.CacheController.refreshCache()
2019-05-10 17:08:07.620  INFO [springAppName_IS_UNDEFINED,,,] 19220 --- [           main] s.w.s.m.m.a.RequestMappingHandlerMapping : Mapped "{[/getCityInfo]}" onto public java.lang.String com.law.controller.DataController.getCityInfo()
2019-05-10 17:08:07.624  INFO [springAppName_IS_UNDEFINED,,,] 19220 --- [           main] s.w.s.m.m.a.RequestMappingHandlerMapping : Mapped "{[/chattest]}" onto public java.lang.String com.law.controller.LawController.test()
2019-05-10 17:08:07.626  INFO [springAppName_IS_UNDEFINED,,,] 19220 --- [           main] s.w.s.m.m.a.RequestMappingHandlerMapping : Mapped "{[/uploadFileOrderId],methods=[POST]}" onto public java.lang.String com.law.controller.LawController.uploadFileOrderId(org.springframework.web.multipart.MultipartFile,java.lang.Integer)
2019-05-10 17:08:07.626  INFO [springAppName_IS_UNDEFINED,,,] 19220 --- [           main] s.w.s.m.m.a.RequestMappingHandlerMapping : Mapped "{[/countLawOrderByStatus]}" onto public java.lang.Integer com.law.controller.LawController.countLawOrderByStatus(java.lang.String)
2019-05-10 17:08:07.626  INFO [springAppName_IS_UNDEFINED,,,] 19220 --- [           main] s.w.s.m.m.a.RequestMappingHandlerMapping : Mapped "{[/getPayedPageInitData]}" onto public com.law.model.OrderPO com.law.controller.LawController.getPayedPageInitData(java.lang.String)
2019-05-10 17:08:07.627  INFO [springAppName_IS_UNDEFINED,,,] 19220 --- [           main] s.w.s.m.m.a.RequestMappingHandlerMapping : Mapped "{[/queryLawOrderByStatus]}" onto public org.springframework.data.domain.PageImpl<com.law.model.OrderPO> com.law.controller.LawController.queryLawOrderByStatus(java.lang.String)
2019-05-10 17:08:07.627  INFO [springAppName_IS_UNDEFINED,,,] 19220 --- [           main] s.w.s.m.m.a.RequestMappingHandlerMapping : Mapped "{[/updatePromoterInfo]}" onto public void com.law.controller.LawController.updatePromoterInfo(java.lang.String)
2019-05-10 17:08:07.627  INFO [springAppName_IS_UNDEFINED,,,] 19220 --- [           main] s.w.s.m.m.a.RequestMappingHandlerMapping : Mapped "{[/customeRefuseOrder]}" onto public com.law.model.LawOrder com.law.controller.LawController.customeRefuseOrder(java.lang.String)
2019-05-10 17:08:07.628  INFO [springAppName_IS_UNDEFINED,,,] 19220 --- [           main] s.w.s.m.m.a.RequestMappingHandlerMapping : Mapped "{[/getStatisticsData]}" onto public java.util.Map<java.lang.String, java.lang.Object> com.law.controller.LawController.getStatisticsData(java.lang.String)
2019-05-10 17:08:07.628  INFO [springAppName_IS_UNDEFINED,,,] 19220 --- [           main] s.w.s.m.m.a.RequestMappingHandlerMapping : Mapped "{[/addLawOrder]}" onto public com.law.model.LawOrder com.law.controller.LawController.addLawOrder(com.law.model.Law)
2019-05-10 17:08:07.629  INFO [springAppName_IS_UNDEFINED,,,] 19220 --- [           main] s.w.s.m.m.a.RequestMappingHandlerMapping : Mapped "{[/uploadFile],methods=[POST]}" onto public java.lang.String com.law.controller.LawController.uploadFile(org.springframework.web.multipart.MultipartFile)
2019-05-10 17:08:07.629  INFO [springAppName_IS_UNDEFINED,,,] 19220 --- [           main] s.w.s.m.m.a.RequestMappingHandlerMapping : Mapped "{[/download]}" onto public java.lang.String com.law.controller.LawController.downloadFile(javax.servlet.http.HttpServletRequest,javax.servlet.http.HttpServletResponse) throws java.io.UnsupportedEncodingException
2019-05-10 17:08:07.630  INFO [springAppName_IS_UNDEFINED,,,] 19220 --- [           main] s.w.s.m.m.a.RequestMappingHandlerMapping : Mapped "{[/downloadFile]}" onto public void com.law.controller.LawController.downloadFile(javax.servlet.http.HttpServletResponse,java.lang.Integer)
2019-05-10 17:08:07.631  INFO [springAppName_IS_UNDEFINED,,,] 19220 --- [           main] s.w.s.m.m.a.RequestMappingHandlerMapping : Mapped "{[/queryLawOrderByOpenId]}" onto public java.util.List<com.law.model.LawOrder> com.law.controller.LawController.queryLawOrder(java.lang.String)
2019-05-10 17:08:07.631  INFO [springAppName_IS_UNDEFINED,,,] 19220 --- [           main] s.w.s.m.m.a.RequestMappingHandlerMapping : Mapped "{[/getLawOrder]}" onto public com.law.model.Law com.law.controller.LawController.getLawOrder(java.lang.String)
2019-05-10 17:08:07.631  INFO [springAppName_IS_UNDEFINED,,,] 19220 --- [           main] s.w.s.m.m.a.RequestMappingHandlerMapping : Mapped "{[/accpetLawOrder]}" onto public com.law.model.LawOrder com.law.controller.LawController.accpetLawOrder(java.lang.String)
2019-05-10 17:08:07.632  INFO [springAppName_IS_UNDEFINED,,,] 19220 --- [           main] s.w.s.m.m.a.RequestMappingHandlerMapping : Mapped "{[/refuseLawOrder]}" onto public com.law.model.LawOrder com.law.controller.LawController.refuseLawOrder(java.lang.String)
2019-05-10 17:08:07.632  INFO [springAppName_IS_UNDEFINED,,,] 19220 --- [           main] s.w.s.m.m.a.RequestMappingHandlerMapping : Mapped "{[/findAllBaseCase]}" onto public java.util.List<com.law.model.LawCaseDropdownModel> com.law.controller.LawController.findAllBaseCase()
2019-05-10 17:08:07.633  INFO [springAppName_IS_UNDEFINED,,,] 19220 --- [           main] s.w.s.m.m.a.RequestMappingHandlerMapping : Mapped "{[/getLawOrderExt]}" onto public com.law.entity.LawOrderExt com.law.controller.LawController.getLawOrderExt(java.lang.String)
2019-05-10 17:08:07.633  INFO [springAppName_IS_UNDEFINED,,,] 19220 --- [           main] s.w.s.m.m.a.RequestMappingHandlerMapping : Mapped "{[/addPayOrder]}" onto public com.law.model.LawPay com.law.controller.LawController.addPayOrder(java.lang.String) throws java.lang.Exception
2019-05-10 17:08:07.633  INFO [springAppName_IS_UNDEFINED,,,] 19220 --- [           main] s.w.s.m.m.a.RequestMappingHandlerMapping : Mapped "{[/uodateOrderExt]}" onto public com.law.entity.LawOrderExt com.law.controller.LawController.uodateOrderExt(java.lang.String)
2019-05-10 17:08:07.633  INFO [springAppName_IS_UNDEFINED,,,] 19220 --- [           main] s.w.s.m.m.a.RequestMappingHandlerMapping : Mapped "{[/getRelationData]}" onto public java.util.Map<java.lang.String, java.lang.Object> com.law.controller.LawController.getRelationData(java.lang.String)
2019-05-10 17:08:07.634  INFO [springAppName_IS_UNDEFINED,,,] 19220 --- [           main] s.w.s.m.m.a.RequestMappingHandlerMapping : Mapped "{[/findCaseByName]}" onto public java.util.List<com.law.model.LawCaseDropdownModel> com.law.controller.LawController.findCaseByName(java.lang.String)
2019-05-10 17:08:07.634  INFO [springAppName_IS_UNDEFINED,,,] 19220 --- [           main] s.w.s.m.m.a.RequestMappingHandlerMapping : Mapped "{[/getFileByOrderId]}" onto public java.util.List<com.law.entity.LawFileRecord> com.law.controller.LawController.getFileByOrderId(java.lang.String)
2019-05-10 17:08:07.634  INFO [springAppName_IS_UNDEFINED,,,] 19220 --- [           main] s.w.s.m.m.a.RequestMappingHandlerMapping : Mapped "{[/passLawOrder]}" onto public com.law.model.LawOrder com.law.controller.LawController.passLawOrder(java.lang.String)
2019-05-10 17:08:07.635  INFO [springAppName_IS_UNDEFINED,,,] 19220 --- [           main] s.w.s.m.m.a.RequestMappingHandlerMapping : Mapped "{[/queryLawService]}" onto public java.util.List<com.law.model.LawServiceEntity> com.law.controller.LawController.queryLawService(java.lang.String)
2019-05-10 17:08:07.635  INFO [springAppName_IS_UNDEFINED,,,] 19220 --- [           main] s.w.s.m.m.a.RequestMappingHandlerMapping : Mapped "{[/initChatData]}" onto public java.util.List<com.law.model.Chat> com.law.controller.LawController.initChatData()
2019-05-10 17:08:07.635  INFO [springAppName_IS_UNDEFINED,,,] 19220 --- [           main] s.w.s.m.m.a.RequestMappingHandlerMapping : Mapped "{[/statisticsTest]}" onto public java.util.List<com.law.model.KeyValue> com.law.controller.LawController.statisticsTest()
2019-05-10 17:08:07.636  INFO [springAppName_IS_UNDEFINED,,,] 19220 --- [           main] s.w.s.m.m.a.RequestMappingHandlerMapping : Mapped "{[/getPromoter]}" onto public com.law.model.LawPromoter com.law.controller.LawController.getPromoter(java.lang.String)
2019-05-10 17:08:07.636  INFO [springAppName_IS_UNDEFINED,,,] 19220 --- [           main] s.w.s.m.m.a.RequestMappingHandlerMapping : Mapped "{[/updateReportData]}" onto public void com.law.controller.ReportController.test()
2019-05-10 17:08:07.637  INFO [springAppName_IS_UNDEFINED,,,] 19220 --- [           main] s.w.s.m.m.a.RequestMappingHandlerMapping : Mapped "{[/getPublicityLawByPage]}" onto public com.law.common.AjaxResult com.law.controller.ReportController.getPublicityLawByPage(java.lang.String)
2019-05-10 17:08:07.637  INFO [springAppName_IS_UNDEFINED,,,] 19220 --- [           main] s.w.s.m.m.a.RequestMappingHandlerMapping : Mapped "{[/stopBusiSure]}" onto public com.law.common.AjaxResult com.law.controller.ReportController.stopBusiSure(java.lang.String)
2019-05-10 17:08:07.638  INFO [springAppName_IS_UNDEFINED,,,] 19220 --- [           main] s.w.s.m.m.a.RequestMappingHandlerMapping : Mapped "{[/register],methods=[POST]}" onto public com.law.common.AjaxResult com.law.controller.UserController.register(com.law.model.SysUser)
2019-05-10 17:08:07.638  INFO [springAppName_IS_UNDEFINED,,,] 19220 --- [           main] s.w.s.m.m.a.RequestMappingHandlerMapping : Mapped "{[/login],methods=[POST]}" onto public com.law.model.SysUser com.law.controller.UserController.login(com.law.model.SysUser)
2019-05-10 17:08:07.639  INFO [springAppName_IS_UNDEFINED,,,] 19220 --- [           main] s.w.s.m.m.a.RequestMappingHandlerMapping : Mapped "{[/webSocket],consumes=[application/json]}" onto public java.util.Map<java.lang.String, java.lang.Object> com.law.controller.WebSocketController.pushVideoListToWeb(java.lang.String)
2019-05-10 17:08:07.641  INFO [springAppName_IS_UNDEFINED,,,] 19220 --- [           main] s.w.s.m.m.a.RequestMappingHandlerMapping : Mapped "{[/wxMessage],methods=[GET]}" onto public java.lang.String com.law.controller.WxController.weixinProcessGetMethod(javax.servlet.http.HttpServletRequest,javax.servlet.http.HttpServletResponse) throws java.io.IOException
2019-05-10 17:08:07.641  INFO [springAppName_IS_UNDEFINED,,,] 19220 --- [           main] s.w.s.m.m.a.RequestMappingHandlerMapping : Mapped "{[/bindPromoterPhone]}" onto public boolean com.law.controller.WxController.bindPromoterPhone(java.lang.String)
2019-05-10 17:08:07.641  INFO [springAppName_IS_UNDEFINED,,,] 19220 --- [           main] s.w.s.m.m.a.RequestMappingHandlerMapping : Mapped "{[/wxMessage],methods=[POST]}" onto public java.lang.String com.law.controller.WxController.weixinProcessPostMethod(javax.servlet.http.HttpServletRequest,javax.servlet.http.HttpServletResponse) throws java.io.IOException
2019-05-10 17:08:07.642  INFO [springAppName_IS_UNDEFINED,,,] 19220 --- [           main] s.w.s.m.m.a.RequestMappingHandlerMapping : Mapped "{[/getChatData]}" onto public java.util.List<com.law.model.Chat> com.law.controller.WxController.initChatData()
2019-05-10 17:08:07.642  INFO [springAppName_IS_UNDEFINED,,,] 19220 --- [           main] s.w.s.m.m.a.RequestMappingHandlerMapping : Mapped "{[/getOpenId],methods=[POST]}" onto public java.lang.String com.law.controller.WxController.getOpenId(java.lang.String) throws java.lang.Exception
2019-05-10 17:08:07.642  INFO [springAppName_IS_UNDEFINED,,,] 19220 --- [           main] s.w.s.m.m.a.RequestMappingHandlerMapping : Mapped "{[/getWXPayParam]}" onto public java.util.Map<java.lang.String, java.lang.String> com.law.controller.WxController.getWXPayParam(java.lang.String) throws java.lang.Exception
2019-05-10 17:08:07.642  INFO [springAppName_IS_UNDEFINED,,,] 19220 --- [           main] s.w.s.m.m.a.RequestMappingHandlerMapping : Mapped "{[/getQCode]}" onto public java.lang.String com.law.controller.WxController.getQCode(java.lang.String) throws java.lang.Exception
2019-05-10 17:08:07.643  INFO [springAppName_IS_UNDEFINED,,,] 19220 --- [           main] s.w.s.m.m.a.RequestMappingHandlerMapping : Mapped "{[/getAccessToken]}" onto public java.lang.String com.law.controller.WxController.getAccessToken() throws java.lang.Exception
2019-05-10 17:08:07.643  INFO [springAppName_IS_UNDEFINED,,,] 19220 --- [           main] s.w.s.m.m.a.RequestMappingHandlerMapping : Mapped "{[/getBase64]}" onto public java.lang.String com.law.controller.WxController.getBase64(java.lang.String) throws java.lang.Exception
2019-05-10 17:08:07.643  INFO [springAppName_IS_UNDEFINED,,,] 19220 --- [           main] s.w.s.m.m.a.RequestMappingHandlerMapping : Mapped "{[/wxpayCallback]}" onto public java.lang.String com.law.controller.WxController.wxpayCallback(javax.servlet.http.HttpServletRequest,javax.servlet.http.HttpServletResponse) throws java.lang.Exception
2019-05-10 17:08:07.644  INFO [springAppName_IS_UNDEFINED,,,] 19220 --- [           main] s.w.s.m.m.a.RequestMappingHandlerMapping : Mapped "{[/bindPromoter]}" onto public java.util.Map<java.lang.String, java.lang.Object> com.law.controller.WxController.bindPromoter(java.lang.String)
2019-05-10 17:08:07.644  INFO [springAppName_IS_UNDEFINED,,,] 19220 --- [           main] s.w.s.m.m.a.RequestMappingHandlerMapping : Mapped "{[/sendMessage],methods=[POST]}" onto public boolean com.law.controller.WxController.sendMessage(java.lang.String) throws java.lang.Exception
2019-05-10 17:08:07.646  INFO [springAppName_IS_UNDEFINED,,,] 19220 --- [           main] s.w.s.m.m.a.RequestMappingHandlerMapping : Mapped "{[/error]}" onto public org.springframework.http.ResponseEntity<java.util.Map<java.lang.String, java.lang.Object>> org.springframework.boot.autoconfigure.web.servlet.error.BasicErrorController.error(javax.servlet.http.HttpServletRequest)
2019-05-10 17:08:07.647  INFO [springAppName_IS_UNDEFINED,,,] 19220 --- [           main] s.w.s.m.m.a.RequestMappingHandlerMapping : Mapped "{[/error],produces=[text/html]}" onto public org.springframework.web.servlet.ModelAndView org.springframework.boot.autoconfigure.web.servlet.error.BasicErrorController.errorHtml(javax.servlet.http.HttpServletRequest,javax.servlet.http.HttpServletResponse)
2019-05-10 17:08:07.672  INFO [springAppName_IS_UNDEFINED,,,] 19220 --- [           main] o.s.w.s.handler.SimpleUrlHandlerMapping  : Mapped URL path [/webjars/**] onto handler of type [class org.springframework.web.servlet.resource.ResourceHttpRequestHandler]
2019-05-10 17:08:07.672  INFO [springAppName_IS_UNDEFINED,,,] 19220 --- [           main] o.s.w.s.handler.SimpleUrlHandlerMapping  : Mapped URL path [/**] onto handler of type [class org.springframework.web.servlet.resource.ResourceHttpRequestHandler]
2019-05-10 17:08:07.687  INFO [springAppName_IS_UNDEFINED,,,] 19220 --- [           main] .m.m.a.ExceptionHandlerExceptionResolver : Detected ResponseBodyAdvice implementation in responseBodyInterceptor
2019-05-10 17:08:07.715  INFO [springAppName_IS_UNDEFINED,,,] 19220 --- [           main] o.s.b.a.w.s.WelcomePageHandlerMapping    : Adding welcome page: class path resource [static/index.html]
2019-05-10 17:08:07.929  INFO [springAppName_IS_UNDEFINED,,,] 19220 --- [           main] o.s.w.s.s.s.ServerEndpointExporter       : Registering @ServerEndpoint class: class com.law.util.WebSocketServer
2019-05-10 17:08:07.935  INFO [springAppName_IS_UNDEFINED,,,] 19220 --- [           main] o.s.j.e.a.AnnotationMBeanExporter        : Registering beans for JMX exposure on startup
2019-05-10 17:08:07.936  INFO [springAppName_IS_UNDEFINED,,,] 19220 --- [           main] o.s.j.e.a.AnnotationMBeanExporter        : Bean with name 'druidDataSource' has been autodetected for JMX exposure
2019-05-10 17:08:07.943  INFO [springAppName_IS_UNDEFINED,,,] 19220 --- [           main] o.s.j.e.a.AnnotationMBeanExporter        : Located MBean 'druidDataSource': registering with JMX server as MBean [com.alibaba.druid.pool:name=druidDataSource,type=DruidDataSource]
2019-05-10 17:08:07.982  INFO [springAppName_IS_UNDEFINED,,,] 19220 --- [           main] o.s.b.w.embedded.tomcat.TomcatWebServer  : Tomcat started on port(s): 8082 (http) with context path ''
2019-05-10 17:08:07.985  INFO [springAppName_IS_UNDEFINED,,,] 19220 --- [           main] com.law.LawApplication                   : Started LawApplication in 5.515 seconds (JVM running for 6.649)
2019-05-10 17:08:08.029  INFO [springAppName_IS_UNDEFINED,,,] 19220 --- [           main] o.h.h.i.QueryTranslatorFactoryInitiator  : HHH000397: Using ASTQueryTranslatorFactory
2019-05-10 17:08:08.105 DEBUG [springAppName_IS_UNDEFINED,,,] 19220 --- [           main] org.hibernate.SQL                        : select syscode0_.code_id as code_id1_9_, syscode0_.code_desc as code_des2_9_, syscode0_.code_name as code_nam3_9_, syscode0_.code_sn as code_sn4_9_, syscode0_.code_type as code_typ5_9_, syscode0_.code_value as code_val6_9_ from sys_code syscode0_
2019-05-10 17:08:26.417  INFO [springAppName_IS_UNDEFINED,,,] 19220 --- [nio-8082-exec-1] o.a.c.c.C.[Tomcat].[localhost].[/]       : Initializing Spring FrameworkServlet 'dispatcherServlet'
2019-05-10 17:08:26.417  INFO [springAppName_IS_UNDEFINED,,,] 19220 --- [nio-8082-exec-1] o.s.web.servlet.DispatcherServlet        : FrameworkServlet 'dispatcherServlet': initialization started
2019-05-10 17:08:26.442  INFO [springAppName_IS_UNDEFINED,,,] 19220 --- [nio-8082-exec-1] o.s.web.servlet.DispatcherServlet        : FrameworkServlet 'dispatcherServlet': initialization completed in 25 ms
2019-05-10 17:08:26.723 DEBUG [springAppName_IS_UNDEFINED,,,] 19220 --- [nio-8082-exec-1] org.hibernate.SQL                        : select sysuser0_.user_id as user_id1_10_, sysuser0_.function as function2_10_, sysuser0_.orginazation as orginaza3_10_, sysuser0_.phone as phone4_10_, sysuser0_.photo as photo5_10_, sysuser0_.service_level as service_6_10_, sysuser0_.user_name as user_nam7_10_, sysuser0_.user_pwd as user_pwd8_10_ from sys_user sysuser0_ where sysuser0_.user_name=? and sysuser0_.user_pwd=?
2019-05-10 17:08:26.749 TRACE [springAppName_IS_UNDEFINED,,,] 19220 --- [nio-8082-exec-1] o.h.type.descriptor.sql.BasicBinder      : binding parameter [1] as [VARCHAR] - [admin_fw]
2019-05-10 17:08:26.749 TRACE [springAppName_IS_UNDEFINED,,,] 19220 --- [nio-8082-exec-1] o.h.type.descriptor.sql.BasicBinder      : binding parameter [2] as [VARCHAR] - [admin]
2019-05-10 17:08:27.120 DEBUG [springAppName_IS_UNDEFINED,,,] 19220 --- [nio-8082-exec-2] org.hibernate.SQL                        : select lawservice0_.service_id as service_1_8_, lawservice0_.service_detail as service_2_8_, lawservice0_.service_fee as service_3_8_, lawservice0_.service_group as service_4_8_, lawservice0_.service_level as service_5_8_, lawservice0_.service_project as service_6_8_, lawservice0_.status as status7_8_ from law_service lawservice0_ where (lawservice0_.service_level in (?)) and lawservice0_.status=?
2019-05-10 17:08:27.124 TRACE [springAppName_IS_UNDEFINED,,,] 19220 --- [nio-8082-exec-2] o.h.type.descriptor.sql.BasicBinder      : binding parameter [1] as [INTEGER] - [2]
2019-05-10 17:08:27.126 TRACE [springAppName_IS_UNDEFINED,,,] 19220 --- [nio-8082-exec-2] o.h.type.descriptor.sql.BasicBinder      : binding parameter [2] as [VARCHAR] - [U]
2019-05-10 17:08:27.149 DEBUG [springAppName_IS_UNDEFINED,,,] 19220 --- [nio-8082-exec-2] org.hibernate.SQL                        : select laworder0_.order_id as order_id1_3_, laworder0_.accept_address as accept_a2_3_, laworder0_.accept_contracts as accept_c3_3_, laworder0_.accept_date as accept_d4_3_, laworder0_.accept_phone as accept_p5_3_, laworder0_.accept_remark as accept_r6_3_, laworder0_.agent_money as agent_mo7_3_, laworder0_.appeal as appeal8_3_, laworder0_.case_baselevel as case_bas9_3_, laworder0_.case_sublevel as case_su10_3_, laworder0_.create_time as create_11_3_, laworder0_.done_code as done_co12_3_, laworder0_.done_date as done_da13_3_, laworder0_.end_time as end_tim14_3_, laworder0_.files as files15_3_, laworder0_.happen as happen16_3_, laworder0_.involving_money as involvi17_3_, laworder0_.open_id as open_id18_3_, laworder0_.photos as photos19_3_, laworder0_.place as place20_3_, laworder0_.possessions as possess21_3_, laworder0_.refuse_reason as refuse_22_3_, laworder0_.service_id as service23_3_, laworder0_.start_time as start_t24_3_, laworder0_.status as status25_3_, laworder0_.terms_type as terms_t26_3_, laworder0_.videos as videos27_3_ from law_order laworder0_ where (laworder0_.status in (? , ?)) and (laworder0_.service_id in (12)) order by laworder0_.order_id desc limit ?
2019-05-10 17:08:27.157 TRACE [springAppName_IS_UNDEFINED,,,] 19220 --- [nio-8082-exec-2] o.h.type.descriptor.sql.BasicBinder      : binding parameter [1] as [VARCHAR] - [2]
2019-05-10 17:08:27.158 TRACE [springAppName_IS_UNDEFINED,,,] 19220 --- [nio-8082-exec-2] o.h.type.descriptor.sql.BasicBinder      : binding parameter [2] as [VARCHAR] - [15]
2019-05-10 17:09:43.475 DEBUG [springAppName_IS_UNDEFINED,,,] 19220 --- [nio-8082-exec-3] org.hibernate.SQL                        : select lawservice0_.service_id as service_1_8_, lawservice0_.service_detail as service_2_8_, lawservice0_.service_fee as service_3_8_, lawservice0_.service_group as service_4_8_, lawservice0_.service_level as service_5_8_, lawservice0_.service_project as service_6_8_, lawservice0_.status as status7_8_ from law_service lawservice0_ where (lawservice0_.service_level in (?)) and lawservice0_.status=?
2019-05-10 17:09:43.476 TRACE [springAppName_IS_UNDEFINED,,,] 19220 --- [nio-8082-exec-3] o.h.type.descriptor.sql.BasicBinder      : binding parameter [1] as [INTEGER] - [2]
2019-05-10 17:09:43.476 TRACE [springAppName_IS_UNDEFINED,,,] 19220 --- [nio-8082-exec-3] o.h.type.descriptor.sql.BasicBinder      : binding parameter [2] as [VARCHAR] - [U]
2019-05-10 17:09:43.485 DEBUG [springAppName_IS_UNDEFINED,,,] 19220 --- [nio-8082-exec-3] org.hibernate.SQL                        : select laworder0_.order_id as order_id1_3_, laworder0_.accept_address as accept_a2_3_, laworder0_.accept_contracts as accept_c3_3_, laworder0_.accept_date as accept_d4_3_, laworder0_.accept_phone as accept_p5_3_, laworder0_.accept_remark as accept_r6_3_, laworder0_.agent_money as agent_mo7_3_, laworder0_.appeal as appeal8_3_, laworder0_.case_baselevel as case_bas9_3_, laworder0_.case_sublevel as case_su10_3_, laworder0_.create_time as create_11_3_, laworder0_.done_code as done_co12_3_, laworder0_.done_date as done_da13_3_, laworder0_.end_time as end_tim14_3_, laworder0_.files as files15_3_, laworder0_.happen as happen16_3_, laworder0_.involving_money as involvi17_3_, laworder0_.open_id as open_id18_3_, laworder0_.photos as photos19_3_, laworder0_.place as place20_3_, laworder0_.possessions as possess21_3_, laworder0_.refuse_reason as refuse_22_3_, laworder0_.service_id as service23_3_, laworder0_.start_time as start_t24_3_, laworder0_.status as status25_3_, laworder0_.terms_type as terms_t26_3_, laworder0_.videos as videos27_3_ from law_order laworder0_ where (laworder0_.status in (? , ?)) and (laworder0_.service_id in (12)) order by laworder0_.order_id desc limit ?
2019-05-10 17:09:43.485 TRACE [springAppName_IS_UNDEFINED,,,] 19220 --- [nio-8082-exec-3] o.h.type.descriptor.sql.BasicBinder      : binding parameter [1] as [VARCHAR] - [2]
2019-05-10 17:09:43.485 TRACE [springAppName_IS_UNDEFINED,,,] 19220 --- [nio-8082-exec-3] o.h.type.descriptor.sql.BasicBinder      : binding parameter [2] as [VARCHAR] - [15]
2019-05-10 17:09:51.163 DEBUG [springAppName_IS_UNDEFINED,,,] 19220 --- [nio-8082-exec-4] org.hibernate.SQL                        : select lawservice0_.service_id as service_1_8_, lawservice0_.service_detail as service_2_8_, lawservice0_.service_fee as service_3_8_, lawservice0_.service_group as service_4_8_, lawservice0_.service_level as service_5_8_, lawservice0_.service_project as service_6_8_, lawservice0_.status as status7_8_ from law_service lawservice0_ where (lawservice0_.service_level in (?)) and lawservice0_.status=?
2019-05-10 17:09:51.164 TRACE [springAppName_IS_UNDEFINED,,,] 19220 --- [nio-8082-exec-4] o.h.type.descriptor.sql.BasicBinder      : binding parameter [1] as [INTEGER] - [2]
2019-05-10 17:09:51.164 TRACE [springAppName_IS_UNDEFINED,,,] 19220 --- [nio-8082-exec-4] o.h.type.descriptor.sql.BasicBinder      : binding parameter [2] as [VARCHAR] - [U]
2019-05-10 17:09:51.173 DEBUG [springAppName_IS_UNDEFINED,,,] 19220 --- [nio-8082-exec-4] org.hibernate.SQL                        : select laworder0_.order_id as order_id1_3_, laworder0_.accept_address as accept_a2_3_, laworder0_.accept_contracts as accept_c3_3_, laworder0_.accept_date as accept_d4_3_, laworder0_.accept_phone as accept_p5_3_, laworder0_.accept_remark as accept_r6_3_, laworder0_.agent_money as agent_mo7_3_, laworder0_.appeal as appeal8_3_, laworder0_.case_baselevel as case_bas9_3_, laworder0_.case_sublevel as case_su10_3_, laworder0_.create_time as create_11_3_, laworder0_.done_code as done_co12_3_, laworder0_.done_date as done_da13_3_, laworder0_.end_time as end_tim14_3_, laworder0_.files as files15_3_, laworder0_.happen as happen16_3_, laworder0_.involving_money as involvi17_3_, laworder0_.open_id as open_id18_3_, laworder0_.photos as photos19_3_, laworder0_.place as place20_3_, laworder0_.possessions as possess21_3_, laworder0_.refuse_reason as refuse_22_3_, laworder0_.service_id as service23_3_, laworder0_.start_time as start_t24_3_, laworder0_.status as status25_3_, laworder0_.terms_type as terms_t26_3_, laworder0_.videos as videos27_3_ from law_order laworder0_ where (laworder0_.status in (? , ?)) and (laworder0_.service_id in (12)) order by laworder0_.order_id desc limit ?
2019-05-10 17:09:51.174 TRACE [springAppName_IS_UNDEFINED,,,] 19220 --- [nio-8082-exec-4] o.h.type.descriptor.sql.BasicBinder      : binding parameter [1] as [VARCHAR] - [2]
2019-05-10 17:09:51.174 TRACE [springAppName_IS_UNDEFINED,,,] 19220 --- [nio-8082-exec-4] o.h.type.descriptor.sql.BasicBinder      : binding parameter [2] as [VARCHAR] - [15]
2019-05-10 17:09:54.845 DEBUG [springAppName_IS_UNDEFINED,,,] 19220 --- [nio-8082-exec-5] org.hibernate.SQL                        : select lawservice0_.service_id as service_1_8_, lawservice0_.service_detail as service_2_8_, lawservice0_.service_fee as service_3_8_, lawservice0_.service_group as service_4_8_, lawservice0_.service_level as service_5_8_, lawservice0_.service_project as service_6_8_, lawservice0_.status as status7_8_ from law_service lawservice0_ where (lawservice0_.service_level in (?)) and lawservice0_.status=?
2019-05-10 17:09:54.845 TRACE [springAppName_IS_UNDEFINED,,,] 19220 --- [nio-8082-exec-5] o.h.type.descriptor.sql.BasicBinder      : binding parameter [1] as [INTEGER] - [2]
2019-05-10 17:09:54.845 TRACE [springAppName_IS_UNDEFINED,,,] 19220 --- [nio-8082-exec-5] o.h.type.descriptor.sql.BasicBinder      : binding parameter [2] as [VARCHAR] - [U]
2019-05-10 17:09:54.856 DEBUG [springAppName_IS_UNDEFINED,,,] 19220 --- [nio-8082-exec-5] org.hibernate.SQL                        : select laworder0_.order_id as order_id1_3_, laworder0_.accept_address as accept_a2_3_, laworder0_.accept_contracts as accept_c3_3_, laworder0_.accept_date as accept_d4_3_, laworder0_.accept_phone as accept_p5_3_, laworder0_.accept_remark as accept_r6_3_, laworder0_.agent_money as agent_mo7_3_, laworder0_.appeal as appeal8_3_, laworder0_.case_baselevel as case_bas9_3_, laworder0_.case_sublevel as case_su10_3_, laworder0_.create_time as create_11_3_, laworder0_.done_code as done_co12_3_, laworder0_.done_date as done_da13_3_, laworder0_.end_time as end_tim14_3_, laworder0_.files as files15_3_, laworder0_.happen as happen16_3_, laworder0_.involving_money as involvi17_3_, laworder0_.open_id as open_id18_3_, laworder0_.photos as photos19_3_, laworder0_.place as place20_3_, laworder0_.possessions as possess21_3_, laworder0_.refuse_reason as refuse_22_3_, laworder0_.service_id as service23_3_, laworder0_.start_time as start_t24_3_, laworder0_.status as status25_3_, laworder0_.terms_type as terms_t26_3_, laworder0_.videos as videos27_3_ from law_order laworder0_ where (laworder0_.status in (? , ? , ? , ? , ? , ? , ? , ? , ? , ? , ? , ? , ? , ? , ? , ?)) and (laworder0_.service_id in (12)) order by laworder0_.order_id desc limit ?
2019-05-10 17:09:54.857 TRACE [springAppName_IS_UNDEFINED,,,] 19220 --- [nio-8082-exec-5] o.h.type.descriptor.sql.BasicBinder      : binding parameter [1] as [VARCHAR] - [0]
2019-05-10 17:09:54.857 TRACE [springAppName_IS_UNDEFINED,,,] 19220 --- [nio-8082-exec-5] o.h.type.descriptor.sql.BasicBinder      : binding parameter [2] as [VARCHAR] - [1]
2019-05-10 17:09:54.857 TRACE [springAppName_IS_UNDEFINED,,,] 19220 --- [nio-8082-exec-5] o.h.type.descriptor.sql.BasicBinder      : binding parameter [3] as [VARCHAR] - [2]
2019-05-10 17:09:54.858 TRACE [springAppName_IS_UNDEFINED,,,] 19220 --- [nio-8082-exec-5] o.h.type.descriptor.sql.BasicBinder      : binding parameter [4] as [VARCHAR] - [6]
2019-05-10 17:09:54.858 TRACE [springAppName_IS_UNDEFINED,,,] 19220 --- [nio-8082-exec-5] o.h.type.descriptor.sql.BasicBinder      : binding parameter [5] as [VARCHAR] - [3]
2019-05-10 17:09:54.858 TRACE [springAppName_IS_UNDEFINED,,,] 19220 --- [nio-8082-exec-5] o.h.type.descriptor.sql.BasicBinder      : binding parameter [6] as [VARCHAR] - [11]
2019-05-10 17:09:54.858 TRACE [springAppName_IS_UNDEFINED,,,] 19220 --- [nio-8082-exec-5] o.h.type.descriptor.sql.BasicBinder      : binding parameter [7] as [VARCHAR] - [12]
2019-05-10 17:09:54.858 TRACE [springAppName_IS_UNDEFINED,,,] 19220 --- [nio-8082-exec-5] o.h.type.descriptor.sql.BasicBinder      : binding parameter [8] as [VARCHAR] - [13]
2019-05-10 17:09:54.858 TRACE [springAppName_IS_UNDEFINED,,,] 19220 --- [nio-8082-exec-5] o.h.type.descriptor.sql.BasicBinder      : binding parameter [9] as [VARCHAR] - [14]
2019-05-10 17:09:54.858 TRACE [springAppName_IS_UNDEFINED,,,] 19220 --- [nio-8082-exec-5] o.h.type.descriptor.sql.BasicBinder      : binding parameter [10] as [VARCHAR] - [15]
2019-05-10 17:09:54.858 TRACE [springAppName_IS_UNDEFINED,,,] 19220 --- [nio-8082-exec-5] o.h.type.descriptor.sql.BasicBinder      : binding parameter [11] as [VARCHAR] - [16]
2019-05-10 17:09:54.858 TRACE [springAppName_IS_UNDEFINED,,,] 19220 --- [nio-8082-exec-5] o.h.type.descriptor.sql.BasicBinder      : binding parameter [12] as [VARCHAR] - [17]
2019-05-10 17:09:54.858 TRACE [springAppName_IS_UNDEFINED,,,] 19220 --- [nio-8082-exec-5] o.h.type.descriptor.sql.BasicBinder      : binding parameter [13] as [VARCHAR] - [18]
2019-05-10 17:09:54.859 TRACE [springAppName_IS_UNDEFINED,,,] 19220 --- [nio-8082-exec-5] o.h.type.descriptor.sql.BasicBinder      : binding parameter [14] as [VARCHAR] - [5]
2019-05-10 17:09:54.859 TRACE [springAppName_IS_UNDEFINED,,,] 19220 --- [nio-8082-exec-5] o.h.type.descriptor.sql.BasicBinder      : binding parameter [15] as [VARCHAR] - [4]
2019-05-10 17:09:54.859 TRACE [springAppName_IS_UNDEFINED,,,] 19220 --- [nio-8082-exec-5] o.h.type.descriptor.sql.BasicBinder      : binding parameter [16] as [VARCHAR] - [7]
2019-05-10 17:10:03.256 DEBUG [springAppName_IS_UNDEFINED,,,] 19220 --- [nio-8082-exec-7] org.hibernate.SQL                        : select lawfilerec0_.file_id as file_id1_11_, lawfilerec0_.create_date as create_d2_11_, lawfilerec0_.file_name as file_nam3_11_, lawfilerec0_.file_org_name as file_org4_11_, lawfilerec0_.file_path as file_pat5_11_, lawfilerec0_.order_id as order_id6_11_ from law_file_record lawfilerec0_ where lawfilerec0_.order_id=?
2019-05-10 17:10:03.256 DEBUG [springAppName_IS_UNDEFINED,,,] 19220 --- [nio-8082-exec-6] org.hibernate.SQL                        : select laworder0_.order_id as order_id1_3_, laworder0_.accept_address as accept_a2_3_, laworder0_.accept_contracts as accept_c3_3_, laworder0_.accept_date as accept_d4_3_, laworder0_.accept_phone as accept_p5_3_, laworder0_.accept_remark as accept_r6_3_, laworder0_.agent_money as agent_mo7_3_, laworder0_.appeal as appeal8_3_, laworder0_.case_baselevel as case_bas9_3_, laworder0_.case_sublevel as case_su10_3_, laworder0_.create_time as create_11_3_, laworder0_.done_code as done_co12_3_, laworder0_.done_date as done_da13_3_, laworder0_.end_time as end_tim14_3_, laworder0_.files as files15_3_, laworder0_.happen as happen16_3_, laworder0_.involving_money as involvi17_3_, laworder0_.open_id as open_id18_3_, laworder0_.photos as photos19_3_, laworder0_.place as place20_3_, laworder0_.possessions as possess21_3_, laworder0_.refuse_reason as refuse_22_3_, laworder0_.service_id as service23_3_, laworder0_.start_time as start_t24_3_, laworder0_.status as status25_3_, laworder0_.terms_type as terms_t26_3_, laworder0_.videos as videos27_3_ from law_order laworder0_ where laworder0_.order_id=?
2019-05-10 17:10:03.264 TRACE [springAppName_IS_UNDEFINED,,,] 19220 --- [nio-8082-exec-6] o.h.type.descriptor.sql.BasicBinder      : binding parameter [1] as [INTEGER] - [54]
2019-05-10 17:10:03.270 TRACE [springAppName_IS_UNDEFINED,,,] 19220 --- [nio-8082-exec-7] o.h.type.descriptor.sql.BasicBinder      : binding parameter [1] as [INTEGER] - [54]
2019-05-10 17:10:03.275 DEBUG [springAppName_IS_UNDEFINED,,,] 19220 --- [nio-8082-exec-6] org.hibernate.SQL                        : select lawperson0_.person_id as person_i1_6_, lawperson0_.landline as landline2_6_, lawperson0_.order_id as order_id3_6_, lawperson0_.person_age as person_a4_6_, lawperson0_.person_card_no as person_c5_6_, lawperson0_.person_email as person_e6_6_, lawperson0_.person_name as person_n7_6_, lawperson0_.person_phone as person_p8_6_, lawperson0_.person_type as person_t9_6_ from law_person lawperson0_ where lawperson0_.order_id=? and lawperson0_.person_type=? order by lawperson0_.person_id asc
2019-05-10 17:10:03.277 TRACE [springAppName_IS_UNDEFINED,,,] 19220 --- [nio-8082-exec-6] o.h.type.descriptor.sql.BasicBinder      : binding parameter [1] as [INTEGER] - [54]
2019-05-10 17:10:03.285 TRACE [springAppName_IS_UNDEFINED,,,] 19220 --- [nio-8082-exec-6] o.h.type.descriptor.sql.BasicBinder      : binding parameter [2] as [VARCHAR] - [1]
2019-05-10 17:10:03.292 DEBUG [springAppName_IS_UNDEFINED,,,] 19220 --- [nio-8082-exec-6] org.hibernate.SQL                        : select lawperson0_.person_id as person_i1_6_, lawperson0_.landline as landline2_6_, lawperson0_.order_id as order_id3_6_, lawperson0_.person_age as person_a4_6_, lawperson0_.person_card_no as person_c5_6_, lawperson0_.person_email as person_e6_6_, lawperson0_.person_name as person_n7_6_, lawperson0_.person_phone as person_p8_6_, lawperson0_.person_type as person_t9_6_ from law_person lawperson0_ where lawperson0_.order_id=? and lawperson0_.person_type=? order by lawperson0_.person_id asc
2019-05-10 17:10:03.293 TRACE [springAppName_IS_UNDEFINED,,,] 19220 --- [nio-8082-exec-6] o.h.type.descriptor.sql.BasicBinder      : binding parameter [1] as [INTEGER] - [54]
2019-05-10 17:10:03.293 TRACE [springAppName_IS_UNDEFINED,,,] 19220 --- [nio-8082-exec-6] o.h.type.descriptor.sql.BasicBinder      : binding parameter [2] as [VARCHAR] - [2]
2019-05-10 17:10:03.301 DEBUG [springAppName_IS_UNDEFINED,,,] 19220 --- [nio-8082-exec-6] org.hibernate.SQL                        : select lawperson0_.person_id as person_i1_6_, lawperson0_.landline as landline2_6_, lawperson0_.order_id as order_id3_6_, lawperson0_.person_age as person_a4_6_, lawperson0_.person_card_no as person_c5_6_, lawperson0_.person_email as person_e6_6_, lawperson0_.person_name as person_n7_6_, lawperson0_.person_phone as person_p8_6_, lawperson0_.person_type as person_t9_6_ from law_person lawperson0_ where lawperson0_.order_id=? and lawperson0_.person_type=? order by lawperson0_.person_id asc
2019-05-10 17:10:03.301 TRACE [springAppName_IS_UNDEFINED,,,] 19220 --- [nio-8082-exec-6] o.h.type.descriptor.sql.BasicBinder      : binding parameter [1] as [INTEGER] - [54]
2019-05-10 17:10:03.301 TRACE [springAppName_IS_UNDEFINED,,,] 19220 --- [nio-8082-exec-6] o.h.type.descriptor.sql.BasicBinder      : binding parameter [2] as [VARCHAR] - [3]
2019-05-10 17:10:03.312 DEBUG [springAppName_IS_UNDEFINED,,,] 19220 --- [nio-8082-exec-6] org.hibernate.SQL                        : select laworderex0_.id as id1_12_, laworderex0_.accept_end_time1 as accept_e2_12_, laworderex0_.accept_end_time2 as accept_e3_12_, laworderex0_.accept_end_time3 as accept_e4_12_, laworderex0_.accept_start_time1 as accept_s5_12_, laworderex0_.accept_start_time2 as accept_s6_12_, laworderex0_.accept_start_time3 as accept_s7_12_, laworderex0_.analysis_result as analysis8_12_, laworderex0_.custom_end_time as custom_e9_12_, laworderex0_.custom_start_time as custom_10_12_, laworderex0_.face_selected as face_se11_12_, laworderex0_.feedback_opinion as feedbac12_12_, laworderex0_.file_list as file_li13_12_, laworderex0_.order_id as order_i14_12_, laworderex0_.phone_end_time1 as phone_e15_12_, laworderex0_.phone_end_time2 as phone_e16_12_, laworderex0_.phone_end_time3 as phone_e17_12_, laworderex0_.phone_start_time1 as phone_s18_12_, laworderex0_.phone_start_time2 as phone_s19_12_, laworderex0_.phone_start_time3 as phone_s20_12_, laworderex0_.selected as selecte21_12_ from law_order_ext laworderex0_ where laworderex0_.order_id=?
2019-05-10 17:10:03.325 TRACE [springAppName_IS_UNDEFINED,,,] 19220 --- [nio-8082-exec-6] o.h.type.descriptor.sql.BasicBinder      : binding parameter [1] as [INTEGER] - [54]
2019-05-10 17:10:03.382 DEBUG [springAppName_IS_UNDEFINED,,,] 19220 --- [nio-8082-exec-6] org.hibernate.SQL                        : select orderquote0_.id as id1_13_, orderquote0_.order_id as order_id2_13_, orderquote0_.quote_a as quote_a3_13_, orderquote0_.quote_b as quote_b4_13_, orderquote0_.quote_c as quote_c5_13_, orderquote0_.status as status6_13_, orderquote0_.type as type7_13_ from order_quote orderquote0_ where orderquote0_.order_id=? and orderquote0_.type=?
2019-05-10 17:10:03.385 TRACE [springAppName_IS_UNDEFINED,,,] 19220 --- [nio-8082-exec-6] o.h.type.descriptor.sql.BasicBinder      : binding parameter [1] as [INTEGER] - [54]
2019-05-10 17:10:03.385 TRACE [springAppName_IS_UNDEFINED,,,] 19220 --- [nio-8082-exec-6] o.h.type.descriptor.sql.BasicBinder      : binding parameter [2] as [INTEGER] - [2]
2019-05-10 17:10:03.589 DEBUG [springAppName_IS_UNDEFINED,,,] 19220 --- [nio-8082-exec-8] org.hibernate.SQL                        : select * from law_case where case_type = 1
2019-05-10 17:10:34.083 DEBUG [springAppName_IS_UNDEFINED,,,] 19220 --- [io-8082-exec-10] org.hibernate.SQL                        : select lawfilerec0_.file_id as file_id1_11_, lawfilerec0_.create_date as create_d2_11_, lawfilerec0_.file_name as file_nam3_11_, lawfilerec0_.file_org_name as file_org4_11_, lawfilerec0_.file_path as file_pat5_11_, lawfilerec0_.order_id as order_id6_11_ from law_file_record lawfilerec0_ where lawfilerec0_.order_id=?
2019-05-10 17:10:34.083 DEBUG [springAppName_IS_UNDEFINED,,,] 19220 --- [nio-8082-exec-9] org.hibernate.SQL                        : select laworder0_.order_id as order_id1_3_, laworder0_.accept_address as accept_a2_3_, laworder0_.accept_contracts as accept_c3_3_, laworder0_.accept_date as accept_d4_3_, laworder0_.accept_phone as accept_p5_3_, laworder0_.accept_remark as accept_r6_3_, laworder0_.agent_money as agent_mo7_3_, laworder0_.appeal as appeal8_3_, laworder0_.case_baselevel as case_bas9_3_, laworder0_.case_sublevel as case_su10_3_, laworder0_.create_time as create_11_3_, laworder0_.done_code as done_co12_3_, laworder0_.done_date as done_da13_3_, laworder0_.end_time as end_tim14_3_, laworder0_.files as files15_3_, laworder0_.happen as happen16_3_, laworder0_.involving_money as involvi17_3_, laworder0_.open_id as open_id18_3_, laworder0_.photos as photos19_3_, laworder0_.place as place20_3_, laworder0_.possessions as possess21_3_, laworder0_.refuse_reason as refuse_22_3_, laworder0_.service_id as service23_3_, laworder0_.start_time as start_t24_3_, laworder0_.status as status25_3_, laworder0_.terms_type as terms_t26_3_, laworder0_.videos as videos27_3_ from law_order laworder0_ where laworder0_.order_id=?
2019-05-10 17:10:34.085 DEBUG [springAppName_IS_UNDEFINED,,,] 19220 --- [nio-8082-exec-1] org.hibernate.SQL                        : select * from law_case where case_type = 1
2019-05-10 17:10:34.092 TRACE [springAppName_IS_UNDEFINED,,,] 19220 --- [nio-8082-exec-9] o.h.type.descriptor.sql.BasicBinder      : binding parameter [1] as [INTEGER] - [29]
2019-05-10 17:10:34.092 TRACE [springAppName_IS_UNDEFINED,,,] 19220 --- [io-8082-exec-10] o.h.type.descriptor.sql.BasicBinder      : binding parameter [1] as [INTEGER] - [29]
2019-05-10 17:10:34.101 DEBUG [springAppName_IS_UNDEFINED,,,] 19220 --- [nio-8082-exec-9] org.hibernate.SQL                        : select lawperson0_.person_id as person_i1_6_, lawperson0_.landline as landline2_6_, lawperson0_.order_id as order_id3_6_, lawperson0_.person_age as person_a4_6_, lawperson0_.person_card_no as person_c5_6_, lawperson0_.person_email as person_e6_6_, lawperson0_.person_name as person_n7_6_, lawperson0_.person_phone as person_p8_6_, lawperson0_.person_type as person_t9_6_ from law_person lawperson0_ where lawperson0_.order_id=? and lawperson0_.person_type=? order by lawperson0_.person_id asc
2019-05-10 17:10:34.104 TRACE [springAppName_IS_UNDEFINED,,,] 19220 --- [nio-8082-exec-9] o.h.type.descriptor.sql.BasicBinder      : binding parameter [1] as [INTEGER] - [29]
2019-05-10 17:10:34.105 TRACE [springAppName_IS_UNDEFINED,,,] 19220 --- [nio-8082-exec-9] o.h.type.descriptor.sql.BasicBinder      : binding parameter [2] as [VARCHAR] - [1]
2019-05-10 17:10:34.115 DEBUG [springAppName_IS_UNDEFINED,,,] 19220 --- [nio-8082-exec-9] org.hibernate.SQL                        : select lawperson0_.person_id as person_i1_6_, lawperson0_.landline as landline2_6_, lawperson0_.order_id as order_id3_6_, lawperson0_.person_age as person_a4_6_, lawperson0_.person_card_no as person_c5_6_, lawperson0_.person_email as person_e6_6_, lawperson0_.person_name as person_n7_6_, lawperson0_.person_phone as person_p8_6_, lawperson0_.person_type as person_t9_6_ from law_person lawperson0_ where lawperson0_.order_id=? and lawperson0_.person_type=? order by lawperson0_.person_id asc
2019-05-10 17:10:34.115 TRACE [springAppName_IS_UNDEFINED,,,] 19220 --- [nio-8082-exec-9] o.h.type.descriptor.sql.BasicBinder      : binding parameter [1] as [INTEGER] - [29]
2019-05-10 17:10:34.116 TRACE [springAppName_IS_UNDEFINED,,,] 19220 --- [nio-8082-exec-9] o.h.type.descriptor.sql.BasicBinder      : binding parameter [2] as [VARCHAR] - [2]
2019-05-10 17:10:34.124 DEBUG [springAppName_IS_UNDEFINED,,,] 19220 --- [nio-8082-exec-9] org.hibernate.SQL                        : select lawperson0_.person_id as person_i1_6_, lawperson0_.landline as landline2_6_, lawperson0_.order_id as order_id3_6_, lawperson0_.person_age as person_a4_6_, lawperson0_.person_card_no as person_c5_6_, lawperson0_.person_email as person_e6_6_, lawperson0_.person_name as person_n7_6_, lawperson0_.person_phone as person_p8_6_, lawperson0_.person_type as person_t9_6_ from law_person lawperson0_ where lawperson0_.order_id=? and lawperson0_.person_type=? order by lawperson0_.person_id asc
2019-05-10 17:10:34.125 TRACE [springAppName_IS_UNDEFINED,,,] 19220 --- [nio-8082-exec-9] o.h.type.descriptor.sql.BasicBinder      : binding parameter [1] as [INTEGER] - [29]
2019-05-10 17:10:34.125 TRACE [springAppName_IS_UNDEFINED,,,] 19220 --- [nio-8082-exec-9] o.h.type.descriptor.sql.BasicBinder      : binding parameter [2] as [VARCHAR] - [3]
2019-05-10 17:10:34.133 DEBUG [springAppName_IS_UNDEFINED,,,] 19220 --- [nio-8082-exec-9] org.hibernate.SQL                        : select laworderex0_.id as id1_12_, laworderex0_.accept_end_time1 as accept_e2_12_, laworderex0_.accept_end_time2 as accept_e3_12_, laworderex0_.accept_end_time3 as accept_e4_12_, laworderex0_.accept_start_time1 as accept_s5_12_, laworderex0_.accept_start_time2 as accept_s6_12_, laworderex0_.accept_start_time3 as accept_s7_12_, laworderex0_.analysis_result as analysis8_12_, laworderex0_.custom_end_time as custom_e9_12_, laworderex0_.custom_start_time as custom_10_12_, laworderex0_.face_selected as face_se11_12_, laworderex0_.feedback_opinion as feedbac12_12_, laworderex0_.file_list as file_li13_12_, laworderex0_.order_id as order_i14_12_, laworderex0_.phone_end_time1 as phone_e15_12_, laworderex0_.phone_end_time2 as phone_e16_12_, laworderex0_.phone_end_time3 as phone_e17_12_, laworderex0_.phone_start_time1 as phone_s18_12_, laworderex0_.phone_start_time2 as phone_s19_12_, laworderex0_.phone_start_time3 as phone_s20_12_, laworderex0_.selected as selecte21_12_ from law_order_ext laworderex0_ where laworderex0_.order_id=?
2019-05-10 17:10:34.134 TRACE [springAppName_IS_UNDEFINED,,,] 19220 --- [nio-8082-exec-9] o.h.type.descriptor.sql.BasicBinder      : binding parameter [1] as [INTEGER] - [29]
2019-05-10 17:10:34.144 DEBUG [springAppName_IS_UNDEFINED,,,] 19220 --- [nio-8082-exec-9] org.hibernate.SQL                        : select orderquote0_.id as id1_13_, orderquote0_.order_id as order_id2_13_, orderquote0_.quote_a as quote_a3_13_, orderquote0_.quote_b as quote_b4_13_, orderquote0_.quote_c as quote_c5_13_, orderquote0_.status as status6_13_, orderquote0_.type as type7_13_ from order_quote orderquote0_ where orderquote0_.order_id=? and orderquote0_.type=?
2019-05-10 17:10:34.145 TRACE [springAppName_IS_UNDEFINED,,,] 19220 --- [nio-8082-exec-9] o.h.type.descriptor.sql.BasicBinder      : binding parameter [1] as [INTEGER] - [29]
2019-05-10 17:10:34.145 TRACE [springAppName_IS_UNDEFINED,,,] 19220 --- [nio-8082-exec-9] o.h.type.descriptor.sql.BasicBinder      : binding parameter [2] as [INTEGER] - [2]
2019-05-10 17:10:40.177 DEBUG [springAppName_IS_UNDEFINED,,,] 19220 --- [nio-8082-exec-2] org.hibernate.SQL                        : select laworder0_.order_id as order_id1_3_, laworder0_.accept_address as accept_a2_3_, laworder0_.accept_contracts as accept_c3_3_, laworder0_.accept_date as accept_d4_3_, laworder0_.accept_phone as accept_p5_3_, laworder0_.accept_remark as accept_r6_3_, laworder0_.agent_money as agent_mo7_3_, laworder0_.appeal as appeal8_3_, laworder0_.case_baselevel as case_bas9_3_, laworder0_.case_sublevel as case_su10_3_, laworder0_.create_time as create_11_3_, laworder0_.done_code as done_co12_3_, laworder0_.done_date as done_da13_3_, laworder0_.end_time as end_tim14_3_, laworder0_.files as files15_3_, laworder0_.happen as happen16_3_, laworder0_.involving_money as involvi17_3_, laworder0_.open_id as open_id18_3_, laworder0_.photos as photos19_3_, laworder0_.place as place20_3_, laworder0_.possessions as possess21_3_, laworder0_.refuse_reason as refuse_22_3_, laworder0_.service_id as service23_3_, laworder0_.start_time as start_t24_3_, laworder0_.status as status25_3_, laworder0_.terms_type as terms_t26_3_, laworder0_.videos as videos27_3_ from law_order laworder0_ where laworder0_.order_id=?
2019-05-10 17:10:40.180 DEBUG [springAppName_IS_UNDEFINED,,,] 19220 --- [nio-8082-exec-3] org.hibernate.SQL                        : select lawfilerec0_.file_id as file_id1_11_, lawfilerec0_.create_date as create_d2_11_, lawfilerec0_.file_name as file_nam3_11_, lawfilerec0_.file_org_name as file_org4_11_, lawfilerec0_.file_path as file_pat5_11_, lawfilerec0_.order_id as order_id6_11_ from law_file_record lawfilerec0_ where lawfilerec0_.order_id=?
2019-05-10 17:10:40.184 DEBUG [springAppName_IS_UNDEFINED,,,] 19220 --- [nio-8082-exec-4] org.hibernate.SQL                        : select * from law_case where case_type = 1
2019-05-10 17:10:40.185 TRACE [springAppName_IS_UNDEFINED,,,] 19220 --- [nio-8082-exec-2] o.h.type.descriptor.sql.BasicBinder      : binding parameter [1] as [INTEGER] - [29]
2019-05-10 17:10:40.191 TRACE [springAppName_IS_UNDEFINED,,,] 19220 --- [nio-8082-exec-3] o.h.type.descriptor.sql.BasicBinder      : binding parameter [1] as [INTEGER] - [29]
2019-05-10 17:10:40.192 DEBUG [springAppName_IS_UNDEFINED,,,] 19220 --- [nio-8082-exec-2] org.hibernate.SQL                        : select lawperson0_.person_id as person_i1_6_, lawperson0_.landline as landline2_6_, lawperson0_.order_id as order_id3_6_, lawperson0_.person_age as person_a4_6_, lawperson0_.person_card_no as person_c5_6_, lawperson0_.person_email as person_e6_6_, lawperson0_.person_name as person_n7_6_, lawperson0_.person_phone as person_p8_6_, lawperson0_.person_type as person_t9_6_ from law_person lawperson0_ where lawperson0_.order_id=? and lawperson0_.person_type=? order by lawperson0_.person_id asc
2019-05-10 17:10:40.193 TRACE [springAppName_IS_UNDEFINED,,,] 19220 --- [nio-8082-exec-2] o.h.type.descriptor.sql.BasicBinder      : binding parameter [1] as [INTEGER] - [29]
2019-05-10 17:10:40.193 TRACE [springAppName_IS_UNDEFINED,,,] 19220 --- [nio-8082-exec-2] o.h.type.descriptor.sql.BasicBinder      : binding parameter [2] as [VARCHAR] - [1]
2019-05-10 17:10:40.204 DEBUG [springAppName_IS_UNDEFINED,,,] 19220 --- [nio-8082-exec-2] org.hibernate.SQL                        : select lawperson0_.person_id as person_i1_6_, lawperson0_.landline as landline2_6_, lawperson0_.order_id as order_id3_6_, lawperson0_.person_age as person_a4_6_, lawperson0_.person_card_no as person_c5_6_, lawperson0_.person_email as person_e6_6_, lawperson0_.person_name as person_n7_6_, lawperson0_.person_phone as person_p8_6_, lawperson0_.person_type as person_t9_6_ from law_person lawperson0_ where lawperson0_.order_id=? and lawperson0_.person_type=? order by lawperson0_.person_id asc
2019-05-10 17:10:40.204 TRACE [springAppName_IS_UNDEFINED,,,] 19220 --- [nio-8082-exec-2] o.h.type.descriptor.sql.BasicBinder      : binding parameter [1] as [INTEGER] - [29]
2019-05-10 17:10:40.204 TRACE [springAppName_IS_UNDEFINED,,,] 19220 --- [nio-8082-exec-2] o.h.type.descriptor.sql.BasicBinder      : binding parameter [2] as [VARCHAR] - [2]
2019-05-10 17:10:40.214 DEBUG [springAppName_IS_UNDEFINED,,,] 19220 --- [nio-8082-exec-2] org.hibernate.SQL                        : select lawperson0_.person_id as person_i1_6_, lawperson0_.landline as landline2_6_, lawperson0_.order_id as order_id3_6_, lawperson0_.person_age as person_a4_6_, lawperson0_.person_card_no as person_c5_6_, lawperson0_.person_email as person_e6_6_, lawperson0_.person_name as person_n7_6_, lawperson0_.person_phone as person_p8_6_, lawperson0_.person_type as person_t9_6_ from law_person lawperson0_ where lawperson0_.order_id=? and lawperson0_.person_type=? order by lawperson0_.person_id asc
2019-05-10 17:10:40.214 TRACE [springAppName_IS_UNDEFINED,,,] 19220 --- [nio-8082-exec-2] o.h.type.descriptor.sql.BasicBinder      : binding parameter [1] as [INTEGER] - [29]
2019-05-10 17:10:40.215 TRACE [springAppName_IS_UNDEFINED,,,] 19220 --- [nio-8082-exec-2] o.h.type.descriptor.sql.BasicBinder      : binding parameter [2] as [VARCHAR] - [3]
2019-05-10 17:10:40.223 DEBUG [springAppName_IS_UNDEFINED,,,] 19220 --- [nio-8082-exec-2] org.hibernate.SQL                        : select laworderex0_.id as id1_12_, laworderex0_.accept_end_time1 as accept_e2_12_, laworderex0_.accept_end_time2 as accept_e3_12_, laworderex0_.accept_end_time3 as accept_e4_12_, laworderex0_.accept_start_time1 as accept_s5_12_, laworderex0_.accept_start_time2 as accept_s6_12_, laworderex0_.accept_start_time3 as accept_s7_12_, laworderex0_.analysis_result as analysis8_12_, laworderex0_.custom_end_time as custom_e9_12_, laworderex0_.custom_start_time as custom_10_12_, laworderex0_.face_selected as face_se11_12_, laworderex0_.feedback_opinion as feedbac12_12_, laworderex0_.file_list as file_li13_12_, laworderex0_.order_id as order_i14_12_, laworderex0_.phone_end_time1 as phone_e15_12_, laworderex0_.phone_end_time2 as phone_e16_12_, laworderex0_.phone_end_time3 as phone_e17_12_, laworderex0_.phone_start_time1 as phone_s18_12_, laworderex0_.phone_start_time2 as phone_s19_12_, laworderex0_.phone_start_time3 as phone_s20_12_, laworderex0_.selected as selecte21_12_ from law_order_ext laworderex0_ where laworderex0_.order_id=?
2019-05-10 17:10:40.224 TRACE [springAppName_IS_UNDEFINED,,,] 19220 --- [nio-8082-exec-2] o.h.type.descriptor.sql.BasicBinder      : binding parameter [1] as [INTEGER] - [29]
2019-05-10 17:10:40.235 DEBUG [springAppName_IS_UNDEFINED,,,] 19220 --- [nio-8082-exec-2] org.hibernate.SQL                        : select orderquote0_.id as id1_13_, orderquote0_.order_id as order_id2_13_, orderquote0_.quote_a as quote_a3_13_, orderquote0_.quote_b as quote_b4_13_, orderquote0_.quote_c as quote_c5_13_, orderquote0_.status as status6_13_, orderquote0_.type as type7_13_ from order_quote orderquote0_ where orderquote0_.order_id=? and orderquote0_.type=?
2019-05-10 17:10:40.235 TRACE [springAppName_IS_UNDEFINED,,,] 19220 --- [nio-8082-exec-2] o.h.type.descriptor.sql.BasicBinder      : binding parameter [1] as [INTEGER] - [29]
2019-05-10 17:10:40.235 TRACE [springAppName_IS_UNDEFINED,,,] 19220 --- [nio-8082-exec-2] o.h.type.descriptor.sql.BasicBinder      : binding parameter [2] as [INTEGER] - [2]
2019-05-10 17:18:56.667 DEBUG [springAppName_IS_UNDEFINED,,,] 19220 --- [nio-8082-exec-5] org.hibernate.SQL                        : select laworder0_.order_id as order_id1_3_, laworder0_.accept_address as accept_a2_3_, laworder0_.accept_contracts as accept_c3_3_, laworder0_.accept_date as accept_d4_3_, laworder0_.accept_phone as accept_p5_3_, laworder0_.accept_remark as accept_r6_3_, laworder0_.agent_money as agent_mo7_3_, laworder0_.appeal as appeal8_3_, laworder0_.case_baselevel as case_bas9_3_, laworder0_.case_sublevel as case_su10_3_, laworder0_.create_time as create_11_3_, laworder0_.done_code as done_co12_3_, laworder0_.done_date as done_da13_3_, laworder0_.end_time as end_tim14_3_, laworder0_.files as files15_3_, laworder0_.happen as happen16_3_, laworder0_.involving_money as involvi17_3_, laworder0_.open_id as open_id18_3_, laworder0_.photos as photos19_3_, laworder0_.place as place20_3_, laworder0_.possessions as possess21_3_, laworder0_.refuse_reason as refuse_22_3_, laworder0_.service_id as service23_3_, laworder0_.start_time as start_t24_3_, laworder0_.status as status25_3_, laworder0_.terms_type as terms_t26_3_, laworder0_.videos as videos27_3_ from law_order laworder0_ where laworder0_.order_id=?
2019-05-10 17:18:56.668 DEBUG [springAppName_IS_UNDEFINED,,,] 19220 --- [nio-8082-exec-7] org.hibernate.SQL                        : select lawfilerec0_.file_id as file_id1_11_, lawfilerec0_.create_date as create_d2_11_, lawfilerec0_.file_name as file_nam3_11_, lawfilerec0_.file_org_name as file_org4_11_, lawfilerec0_.file_path as file_pat5_11_, lawfilerec0_.order_id as order_id6_11_ from law_file_record lawfilerec0_ where lawfilerec0_.order_id=?
2019-05-10 17:18:56.669 DEBUG [springAppName_IS_UNDEFINED,,,] 19220 --- [nio-8082-exec-6] org.hibernate.SQL                        : select * from law_case where case_type = 1
2019-05-10 17:18:56.673 TRACE [springAppName_IS_UNDEFINED,,,] 19220 --- [nio-8082-exec-5] o.h.type.descriptor.sql.BasicBinder      : binding parameter [1] as [INTEGER] - [29]
2019-05-10 17:18:56.676 TRACE [springAppName_IS_UNDEFINED,,,] 19220 --- [nio-8082-exec-7] o.h.type.descriptor.sql.BasicBinder      : binding parameter [1] as [INTEGER] - [29]
2019-05-10 17:18:56.681 DEBUG [springAppName_IS_UNDEFINED,,,] 19220 --- [nio-8082-exec-5] org.hibernate.SQL                        : select lawperson0_.person_id as person_i1_6_, lawperson0_.landline as landline2_6_, lawperson0_.order_id as order_id3_6_, lawperson0_.person_age as person_a4_6_, lawperson0_.person_card_no as person_c5_6_, lawperson0_.person_email as person_e6_6_, lawperson0_.person_name as person_n7_6_, lawperson0_.person_phone as person_p8_6_, lawperson0_.person_type as person_t9_6_ from law_person lawperson0_ where lawperson0_.order_id=? and lawperson0_.person_type=? order by lawperson0_.person_id asc
2019-05-10 17:18:56.682 TRACE [springAppName_IS_UNDEFINED,,,] 19220 --- [nio-8082-exec-5] o.h.type.descriptor.sql.BasicBinder      : binding parameter [1] as [INTEGER] - [29]
2019-05-10 17:18:56.682 TRACE [springAppName_IS_UNDEFINED,,,] 19220 --- [nio-8082-exec-5] o.h.type.descriptor.sql.BasicBinder      : binding parameter [2] as [VARCHAR] - [1]
2019-05-10 17:18:56.690 DEBUG [springAppName_IS_UNDEFINED,,,] 19220 --- [nio-8082-exec-5] org.hibernate.SQL                        : select lawperson0_.person_id as person_i1_6_, lawperson0_.landline as landline2_6_, lawperson0_.order_id as order_id3_6_, lawperson0_.person_age as person_a4_6_, lawperson0_.person_card_no as person_c5_6_, lawperson0_.person_email as person_e6_6_, lawperson0_.person_name as person_n7_6_, lawperson0_.person_phone as person_p8_6_, lawperson0_.person_type as person_t9_6_ from law_person lawperson0_ where lawperson0_.order_id=? and lawperson0_.person_type=? order by lawperson0_.person_id asc
2019-05-10 17:18:56.690 TRACE [springAppName_IS_UNDEFINED,,,] 19220 --- [nio-8082-exec-5] o.h.type.descriptor.sql.BasicBinder      : binding parameter [1] as [INTEGER] - [29]
2019-05-10 17:18:56.690 TRACE [springAppName_IS_UNDEFINED,,,] 19220 --- [nio-8082-exec-5] o.h.type.descriptor.sql.BasicBinder      : binding parameter [2] as [VARCHAR] - [2]
2019-05-10 17:18:56.699 DEBUG [springAppName_IS_UNDEFINED,,,] 19220 --- [nio-8082-exec-5] org.hibernate.SQL                        : select lawperson0_.person_id as person_i1_6_, lawperson0_.landline as landline2_6_, lawperson0_.order_id as order_id3_6_, lawperson0_.person_age as person_a4_6_, lawperson0_.person_card_no as person_c5_6_, lawperson0_.person_email as person_e6_6_, lawperson0_.person_name as person_n7_6_, lawperson0_.person_phone as person_p8_6_, lawperson0_.person_type as person_t9_6_ from law_person lawperson0_ where lawperson0_.order_id=? and lawperson0_.person_type=? order by lawperson0_.person_id asc
2019-05-10 17:18:56.699 TRACE [springAppName_IS_UNDEFINED,,,] 19220 --- [nio-8082-exec-5] o.h.type.descriptor.sql.BasicBinder      : binding parameter [1] as [INTEGER] - [29]
2019-05-10 17:18:56.699 TRACE [springAppName_IS_UNDEFINED,,,] 19220 --- [nio-8082-exec-5] o.h.type.descriptor.sql.BasicBinder      : binding parameter [2] as [VARCHAR] - [3]
2019-05-10 17:18:56.710 DEBUG [springAppName_IS_UNDEFINED,,,] 19220 --- [nio-8082-exec-5] org.hibernate.SQL                        : select laworderex0_.id as id1_12_, laworderex0_.accept_end_time1 as accept_e2_12_, laworderex0_.accept_end_time2 as accept_e3_12_, laworderex0_.accept_end_time3 as accept_e4_12_, laworderex0_.accept_start_time1 as accept_s5_12_, laworderex0_.accept_start_time2 as accept_s6_12_, laworderex0_.accept_start_time3 as accept_s7_12_, laworderex0_.analysis_result as analysis8_12_, laworderex0_.custom_end_time as custom_e9_12_, laworderex0_.custom_start_time as custom_10_12_, laworderex0_.face_selected as face_se11_12_, laworderex0_.feedback_opinion as feedbac12_12_, laworderex0_.file_list as file_li13_12_, laworderex0_.order_id as order_i14_12_, laworderex0_.phone_end_time1 as phone_e15_12_, laworderex0_.phone_end_time2 as phone_e16_12_, laworderex0_.phone_end_time3 as phone_e17_12_, laworderex0_.phone_start_time1 as phone_s18_12_, laworderex0_.phone_start_time2 as phone_s19_12_, laworderex0_.phone_start_time3 as phone_s20_12_, laworderex0_.selected as selecte21_12_ from law_order_ext laworderex0_ where laworderex0_.order_id=?
2019-05-10 17:18:56.711 TRACE [springAppName_IS_UNDEFINED,,,] 19220 --- [nio-8082-exec-5] o.h.type.descriptor.sql.BasicBinder      : binding parameter [1] as [INTEGER] - [29]
2019-05-10 17:18:56.719 DEBUG [springAppName_IS_UNDEFINED,,,] 19220 --- [nio-8082-exec-5] org.hibernate.SQL                        : select orderquote0_.id as id1_13_, orderquote0_.order_id as order_id2_13_, orderquote0_.quote_a as quote_a3_13_, orderquote0_.quote_b as quote_b4_13_, orderquote0_.quote_c as quote_c5_13_, orderquote0_.status as status6_13_, orderquote0_.type as type7_13_ from order_quote orderquote0_ where orderquote0_.order_id=? and orderquote0_.type=?
2019-05-10 17:18:56.720 TRACE [springAppName_IS_UNDEFINED,,,] 19220 --- [nio-8082-exec-5] o.h.type.descriptor.sql.BasicBinder      : binding parameter [1] as [INTEGER] - [29]
2019-05-10 17:18:56.720 TRACE [springAppName_IS_UNDEFINED,,,] 19220 --- [nio-8082-exec-5] o.h.type.descriptor.sql.BasicBinder      : binding parameter [2] as [INTEGER] - [2]
