2019-03-21 14:36:14.857  INFO [springAppName_IS_UNDEFINED,,,] 23564 --- [           main] com.law.LawApplication                   : Starting LawApplication on LAPTOP-BQUVLUD5 with PID 23564 (D:\Project\asiainfo\law-master\server\target\classes started by 陈小龙 in D:\Project\asiainfo\law-master\server)
2019-03-21 14:36:14.866 DEBUG [springAppName_IS_UNDEFINED,,,] 23564 --- [           main] com.law.LawApplication                   : Running with Spring Boot v2.0.4.RELEASE, Spring v5.0.8.RELEASE
2019-03-21 14:36:14.867  INFO [springAppName_IS_UNDEFINED,,,] 23564 --- [           main] com.law.LawApplication                   : No active profile set, falling back to default profiles: default
2019-03-21 14:36:14.926  INFO [springAppName_IS_UNDEFINED,,,] 23564 --- [           main] ConfigServletWebServerApplicationContext : Refreshing org.springframework.boot.web.servlet.context.AnnotationConfigServletWebServerApplicationContext@2f62ea70: startup date [Thu Mar 21 14:36:14 CST 2019]; root of context hierarchy
2019-03-21 14:36:16.303  INFO [springAppName_IS_UNDEFINED,,,] 23564 --- [           main] trationDelegate$BeanPostProcessorChecker : Bean 'org.springframework.transaction.annotation.ProxyTransactionManagementConfiguration' of type [org.springframework.transaction.annotation.ProxyTransactionManagementConfiguration$$EnhancerBySpringCGLIB$$8af4a12d] is not eligible for getting processed by all BeanPostProcessors (for example: not eligible for auto-proxying)
2019-03-21 14:36:16.392  INFO [springAppName_IS_UNDEFINED,,,] 23564 --- [           main] trationDelegate$BeanPostProcessorChecker : Bean 'druidConfig' of type [com.law.config.DruidConfig$$EnhancerBySpringCGLIB$$32111aa3] is not eligible for getting processed by all BeanPostProcessors (for example: not eligible for auto-proxying)
2019-03-21 14:36:16.403  INFO [springAppName_IS_UNDEFINED,,,] 23564 --- [           main] trationDelegate$BeanPostProcessorChecker : Bean 'druidStatPointcut' of type [org.springframework.aop.support.JdkRegexpMethodPointcut] is not eligible for getting processed by all BeanPostProcessors (for example: not eligible for auto-proxying)
2019-03-21 14:36:16.413  INFO [springAppName_IS_UNDEFINED,,,] 23564 --- [           main] trationDelegate$BeanPostProcessorChecker : Bean 'druidStatInterceptor' of type [com.alibaba.druid.support.spring.stat.DruidStatInterceptor] is not eligible for getting processed by all BeanPostProcessors (for example: not eligible for auto-proxying)
2019-03-21 14:36:16.417  INFO [springAppName_IS_UNDEFINED,,,] 23564 --- [           main] trationDelegate$BeanPostProcessorChecker : Bean 'druidStatAdvisor' of type [org.springframework.aop.support.DefaultPointcutAdvisor] is not eligible for getting processed by all BeanPostProcessors (for example: not eligible for auto-proxying)
2019-03-21 14:36:16.906  INFO [springAppName_IS_UNDEFINED,,,] 23564 --- [           main] o.s.b.w.embedded.tomcat.TomcatWebServer  : Tomcat initialized with port(s): 8082 (http)
2019-03-21 14:36:16.933  INFO [springAppName_IS_UNDEFINED,,,] 23564 --- [           main] o.apache.catalina.core.StandardService   : Starting service [Tomcat]
2019-03-21 14:36:16.933  INFO [springAppName_IS_UNDEFINED,,,] 23564 --- [           main] org.apache.catalina.core.StandardEngine  : Starting Servlet Engine: Apache Tomcat/8.5.32
2019-03-21 14:36:16.940  INFO [springAppName_IS_UNDEFINED,,,] 23564 --- [ost-startStop-1] o.a.catalina.core.AprLifecycleListener   : The APR based Apache Tomcat Native library which allows optimal performance in production environments was not found on the java.library.path: [D:\Program Files\java\jdk\bin;C:\WINDOWS\Sun\Java\bin;C:\WINDOWS\system32;C:\WINDOWS;D:/Program Files/java/jdk/bin/server;D:/Program Files/java/jdk/bin;D:/Program Files/java/jdk/lib/amd64;E:\F\oracle\product\10.2.0\db_1\bin;C:\Program Files (x86)\Common Files\Oracle\Java\javapath;C:\Program Files (x86)\Intel\iCLS Client\;C:\Program Files\Intel\iCLS Client\;C:\Windows\system32;C:\Windows;C:\Windows\System32\Wbem;C:\Windows\System32\WindowsPowerShell\v1.0\;C:\Program Files (x86)\NVIDIA Corporation\PhysX\Common;C:\Program Files (x86)\Intel\Intel(R) Management Engine Components\DAL;C:\Program Files\Intel\Intel(R) Management Engine Components\DAL;C:\Program Files (x86)\Intel\Intel(R) Management Engine Components\IPT;C:\Program Files\Intel\Intel(R) Management Engine Components\IPT;C:\Program Files\Intel\WiFi\bin\;C:\Program Files\Common Files\Intel\WirelessCommon\;D:\Program Files\TortoiseSVN\bin;D:\Program Files (x86)\IDM Computer Solutions\UltraEdit;D:\Program Files\java\jdk1.8.0_181\bin;D:\Project\apache-maven-3.3.9\bin;D:\Program Files\Redis\;C:\WINDOWS\system32;C:\WINDOWS;C:\WINDOWS\System32\Wbem;C:\WINDOWS\System32\WindowsPowerShell\v1.0\;C:\WINDOWS\System32\OpenSSH\;C:\Program Files\MySQL\MySQL Utilities 1.6\;D:\Program Files\node-v9.9.0-win-x64\;D:\Program Files\electron-v3.0.8-win32-x64\;D:\Program Files\Git\cmd;C:\Users\陈小龙\AppData\Local\Microsoft\WindowsApps;C:\Program Files\Intel\WiFi\bin\;C:\Program Files\Common Files\Intel\WirelessCommon\;;D:\Program Files\Microsoft VS Code\bin;D:\Project\dx\eclipse-dev;;.]
2019-03-21 14:36:17.120  INFO [springAppName_IS_UNDEFINED,,,] 23564 --- [ost-startStop-1] o.a.c.c.C.[Tomcat].[localhost].[/]       : Initializing Spring embedded WebApplicationContext
2019-03-21 14:36:17.121  INFO [springAppName_IS_UNDEFINED,,,] 23564 --- [ost-startStop-1] o.s.web.context.ContextLoader            : Root WebApplicationContext: initialization completed in 2195 ms
2019-03-21 14:36:17.265  INFO [springAppName_IS_UNDEFINED,,,] 23564 --- [ost-startStop-1] o.s.b.w.servlet.ServletRegistrationBean  : Servlet statViewServlet mapped to [/druid/*]
2019-03-21 14:36:17.268  INFO [springAppName_IS_UNDEFINED,,,] 23564 --- [ost-startStop-1] o.s.b.w.servlet.ServletRegistrationBean  : Servlet dispatcherServlet mapped to [/]
2019-03-21 14:36:17.272  INFO [springAppName_IS_UNDEFINED,,,] 23564 --- [ost-startStop-1] o.s.b.w.servlet.FilterRegistrationBean   : Mapping filter: 'characterEncodingFilter' to: [/*]
2019-03-21 14:36:17.273  INFO [springAppName_IS_UNDEFINED,,,] 23564 --- [ost-startStop-1] o.s.b.w.servlet.FilterRegistrationBean   : Mapping filter: 'hiddenHttpMethodFilter' to: [/*]
2019-03-21 14:36:17.274  INFO [springAppName_IS_UNDEFINED,,,] 23564 --- [ost-startStop-1] o.s.b.w.servlet.FilterRegistrationBean   : Mapping filter: 'httpPutFormContentFilter' to: [/*]
2019-03-21 14:36:17.274  INFO [springAppName_IS_UNDEFINED,,,] 23564 --- [ost-startStop-1] o.s.b.w.servlet.FilterRegistrationBean   : Mapping filter: 'requestContextFilter' to: [/*]
2019-03-21 14:36:17.274  INFO [springAppName_IS_UNDEFINED,,,] 23564 --- [ost-startStop-1] o.s.b.w.servlet.FilterRegistrationBean   : Mapping filter: 'webStatFilter' to urls: [/*]
2019-03-21 14:36:19.966  INFO [springAppName_IS_UNDEFINED,,,] 23564 --- [           main] com.alibaba.druid.pool.DruidDataSource   : {dataSource-1} inited
2019-03-21 14:36:20.023  INFO [springAppName_IS_UNDEFINED,,,] 23564 --- [           main] j.LocalContainerEntityManagerFactoryBean : Building JPA container EntityManagerFactory for persistence unit 'default'
2019-03-21 14:36:20.043  INFO [springAppName_IS_UNDEFINED,,,] 23564 --- [           main] o.hibernate.jpa.internal.util.LogHelper  : HHH000204: Processing PersistenceUnitInfo [
	name: default
	...]
2019-03-21 14:36:20.149  INFO [springAppName_IS_UNDEFINED,,,] 23564 --- [           main] org.hibernate.Version                    : HHH000412: Hibernate Core {5.2.17.Final}
2019-03-21 14:36:20.152  INFO [springAppName_IS_UNDEFINED,,,] 23564 --- [           main] org.hibernate.cfg.Environment            : HHH000206: hibernate.properties not found
2019-03-21 14:36:20.223  INFO [springAppName_IS_UNDEFINED,,,] 23564 --- [           main] o.hibernate.annotations.common.Version   : HCANN000001: Hibernate Commons Annotations {5.0.1.Final}
2019-03-21 14:36:20.440  INFO [springAppName_IS_UNDEFINED,,,] 23564 --- [           main] org.hibernate.dialect.Dialect            : HHH000400: Using dialect: org.hibernate.dialect.MySQL5Dialect
2019-03-21 14:36:21.235  INFO [springAppName_IS_UNDEFINED,,,] 23564 --- [           main] j.LocalContainerEntityManagerFactoryBean : Initialized JPA EntityManagerFactory for persistence unit 'default'
2019-03-21 14:36:22.203  INFO [springAppName_IS_UNDEFINED,,,] 23564 --- [           main] o.s.w.s.handler.SimpleUrlHandlerMapping  : Mapped URL path [/**/favicon.ico] onto handler of type [class org.springframework.web.servlet.resource.ResourceHttpRequestHandler]
2019-03-21 14:36:22.503  INFO [springAppName_IS_UNDEFINED,,,] 23564 --- [           main] s.w.s.m.m.a.RequestMappingHandlerAdapter : Looking for @ControllerAdvice: org.springframework.boot.web.servlet.context.AnnotationConfigServletWebServerApplicationContext@2f62ea70: startup date [Thu Mar 21 14:36:14 CST 2019]; root of context hierarchy
2019-03-21 14:36:22.517  INFO [springAppName_IS_UNDEFINED,,,] 23564 --- [           main] s.w.s.m.m.a.RequestMappingHandlerAdapter : Detected ResponseBodyAdvice bean in responseBodyInterceptor
2019-03-21 14:36:22.558  WARN [springAppName_IS_UNDEFINED,,,] 23564 --- [           main] aWebConfiguration$JpaWebMvcConfiguration : spring.jpa.open-in-view is enabled by default. Therefore, database queries may be performed during view rendering. Explicitly configure spring.jpa.open-in-view to disable this warning
2019-03-21 14:36:22.598  INFO [springAppName_IS_UNDEFINED,,,] 23564 --- [           main] s.w.s.m.m.a.RequestMappingHandlerMapping : Mapped "{[/getSysCode]}" onto public java.util.List<com.law.model.SysCode> com.law.controller.CacheController.getSysCode()
2019-03-21 14:36:22.599  INFO [springAppName_IS_UNDEFINED,,,] 23564 --- [           main] s.w.s.m.m.a.RequestMappingHandlerMapping : Mapped "{[/refreshCache]}" onto public boolean com.law.controller.CacheController.refreshCache()
2019-03-21 14:36:22.600  INFO [springAppName_IS_UNDEFINED,,,] 23564 --- [           main] s.w.s.m.m.a.RequestMappingHandlerMapping : Mapped "{[/getCityInfo]}" onto public java.lang.String com.law.controller.DataController.getCityInfo()
2019-03-21 14:36:22.603  INFO [springAppName_IS_UNDEFINED,,,] 23564 --- [           main] s.w.s.m.m.a.RequestMappingHandlerMapping : Mapped "{[/chattest]}" onto public java.lang.String com.law.controller.LawController.test()
2019-03-21 14:36:22.605  INFO [springAppName_IS_UNDEFINED,,,] 23564 --- [           main] s.w.s.m.m.a.RequestMappingHandlerMapping : Mapped "{[/addLawOrder]}" onto public com.law.model.LawOrder com.law.controller.LawController.addLawOrder(com.law.model.Law)
2019-03-21 14:36:22.606  INFO [springAppName_IS_UNDEFINED,,,] 23564 --- [           main] s.w.s.m.m.a.RequestMappingHandlerMapping : Mapped "{[/passLawOrder]}" onto public com.law.model.LawOrder com.law.controller.LawController.passLawOrder(java.lang.String)
2019-03-21 14:36:22.606  INFO [springAppName_IS_UNDEFINED,,,] 23564 --- [           main] s.w.s.m.m.a.RequestMappingHandlerMapping : Mapped "{[/queryLawOrderByOpenId]}" onto public java.util.List<com.law.model.LawOrder> com.law.controller.LawController.queryLawOrder(java.lang.String)
2019-03-21 14:36:22.607  INFO [springAppName_IS_UNDEFINED,,,] 23564 --- [           main] s.w.s.m.m.a.RequestMappingHandlerMapping : Mapped "{[/uploadFile],methods=[POST]}" onto public java.lang.String com.law.controller.LawController.uploadFile(org.springframework.web.multipart.MultipartFile)
2019-03-21 14:36:22.607  INFO [springAppName_IS_UNDEFINED,,,] 23564 --- [           main] s.w.s.m.m.a.RequestMappingHandlerMapping : Mapped "{[/download]}" onto public java.lang.String com.law.controller.LawController.downloadFile(javax.servlet.http.HttpServletRequest,javax.servlet.http.HttpServletResponse) throws java.io.UnsupportedEncodingException
2019-03-21 14:36:22.607  INFO [springAppName_IS_UNDEFINED,,,] 23564 --- [           main] s.w.s.m.m.a.RequestMappingHandlerMapping : Mapped "{[/downloadFile]}" onto public void com.law.controller.LawController.downloadFile(javax.servlet.http.HttpServletResponse,java.lang.Integer)
2019-03-21 14:36:22.607  INFO [springAppName_IS_UNDEFINED,,,] 23564 --- [           main] s.w.s.m.m.a.RequestMappingHandlerMapping : Mapped "{[/getLawOrder]}" onto public com.law.model.Law com.law.controller.LawController.getLawOrder(java.lang.String)
2019-03-21 14:36:22.608  INFO [springAppName_IS_UNDEFINED,,,] 23564 --- [           main] s.w.s.m.m.a.RequestMappingHandlerMapping : Mapped "{[/accpetLawOrder]}" onto public com.law.model.LawOrder com.law.controller.LawController.accpetLawOrder(java.lang.String)
2019-03-21 14:36:22.608  INFO [springAppName_IS_UNDEFINED,,,] 23564 --- [           main] s.w.s.m.m.a.RequestMappingHandlerMapping : Mapped "{[/refuseLawOrder]}" onto public com.law.model.LawOrder com.law.controller.LawController.refuseLawOrder(java.lang.String)
2019-03-21 14:36:22.609  INFO [springAppName_IS_UNDEFINED,,,] 23564 --- [           main] s.w.s.m.m.a.RequestMappingHandlerMapping : Mapped "{[/initChatData]}" onto public java.util.List<com.law.model.Chat> com.law.controller.LawController.initChatData()
2019-03-21 14:36:22.609  INFO [springAppName_IS_UNDEFINED,,,] 23564 --- [           main] s.w.s.m.m.a.RequestMappingHandlerMapping : Mapped "{[/findCaseByName]}" onto public java.util.List<com.law.model.LawCaseDropdownModel> com.law.controller.LawController.findCaseByName(java.lang.String)
2019-03-21 14:36:22.609  INFO [springAppName_IS_UNDEFINED,,,] 23564 --- [           main] s.w.s.m.m.a.RequestMappingHandlerMapping : Mapped "{[/uodateOrderExt]}" onto public com.law.entity.LawOrderExt com.law.controller.LawController.uodateOrderExt(java.lang.String)
2019-03-21 14:36:22.610  INFO [springAppName_IS_UNDEFINED,,,] 23564 --- [           main] s.w.s.m.m.a.RequestMappingHandlerMapping : Mapped "{[/getFileByOrderId]}" onto public java.util.List<com.law.entity.LawFileRecord> com.law.controller.LawController.getFileByOrderId(java.lang.String)
2019-03-21 14:36:22.610  INFO [springAppName_IS_UNDEFINED,,,] 23564 --- [           main] s.w.s.m.m.a.RequestMappingHandlerMapping : Mapped "{[/getRelationData]}" onto public java.util.Map<java.lang.String, java.lang.Object> com.law.controller.LawController.getRelationData(java.lang.String)
2019-03-21 14:36:22.610  INFO [springAppName_IS_UNDEFINED,,,] 23564 --- [           main] s.w.s.m.m.a.RequestMappingHandlerMapping : Mapped "{[/getLawOrderExt]}" onto public com.law.entity.LawOrderExt com.law.controller.LawController.getLawOrderExt(java.lang.String)
2019-03-21 14:36:22.611  INFO [springAppName_IS_UNDEFINED,,,] 23564 --- [           main] s.w.s.m.m.a.RequestMappingHandlerMapping : Mapped "{[/queryLawService]}" onto public java.util.List<com.law.model.LawServiceEntity> com.law.controller.LawController.queryLawService(java.lang.String)
2019-03-21 14:36:22.611  INFO [springAppName_IS_UNDEFINED,,,] 23564 --- [           main] s.w.s.m.m.a.RequestMappingHandlerMapping : Mapped "{[/addPayOrder]}" onto public com.law.model.LawPay com.law.controller.LawController.addPayOrder(java.lang.String) throws java.lang.Exception
2019-03-21 14:36:22.612  INFO [springAppName_IS_UNDEFINED,,,] 23564 --- [           main] s.w.s.m.m.a.RequestMappingHandlerMapping : Mapped "{[/findAllBaseCase]}" onto public java.util.List<com.law.model.LawCaseDropdownModel> com.law.controller.LawController.findAllBaseCase()
2019-03-21 14:36:22.612  INFO [springAppName_IS_UNDEFINED,,,] 23564 --- [           main] s.w.s.m.m.a.RequestMappingHandlerMapping : Mapped "{[/getPromoter]}" onto public com.law.model.LawPromoter com.law.controller.LawController.getPromoter(java.lang.String)
2019-03-21 14:36:22.613  INFO [springAppName_IS_UNDEFINED,,,] 23564 --- [           main] s.w.s.m.m.a.RequestMappingHandlerMapping : Mapped "{[/uploadFileOrderId],methods=[POST]}" onto public java.lang.String com.law.controller.LawController.uploadFileOrderId(org.springframework.web.multipart.MultipartFile,java.lang.Integer)
2019-03-21 14:36:22.613  INFO [springAppName_IS_UNDEFINED,,,] 23564 --- [           main] s.w.s.m.m.a.RequestMappingHandlerMapping : Mapped "{[/countLawOrderByStatus]}" onto public java.lang.Integer com.law.controller.LawController.countLawOrderByStatus(java.lang.String)
2019-03-21 14:36:22.613  INFO [springAppName_IS_UNDEFINED,,,] 23564 --- [           main] s.w.s.m.m.a.RequestMappingHandlerMapping : Mapped "{[/queryLawOrderByStatus]}" onto public org.springframework.data.domain.PageImpl<com.law.model.OrderPO> com.law.controller.LawController.queryLawOrderByStatus(java.lang.String)
2019-03-21 14:36:22.614  INFO [springAppName_IS_UNDEFINED,,,] 23564 --- [           main] s.w.s.m.m.a.RequestMappingHandlerMapping : Mapped "{[/customeRefuseOrder]}" onto public com.law.model.LawOrder com.law.controller.LawController.customeRefuseOrder(java.lang.String)
2019-03-21 14:36:22.614  INFO [springAppName_IS_UNDEFINED,,,] 23564 --- [           main] s.w.s.m.m.a.RequestMappingHandlerMapping : Mapped "{[/updatePromoterInfo]}" onto public void com.law.controller.LawController.updatePromoterInfo(java.lang.String)
2019-03-21 14:36:22.615  INFO [springAppName_IS_UNDEFINED,,,] 23564 --- [           main] s.w.s.m.m.a.RequestMappingHandlerMapping : Mapped "{[/getPayedPageInitData]}" onto public com.law.model.OrderPO com.law.controller.LawController.getPayedPageInitData(java.lang.String)
2019-03-21 14:36:22.615  INFO [springAppName_IS_UNDEFINED,,,] 23564 --- [           main] s.w.s.m.m.a.RequestMappingHandlerMapping : Mapped "{[/register],methods=[POST]}" onto public com.law.common.AjaxResult com.law.controller.UserController.register(com.law.model.SysUser)
2019-03-21 14:36:22.616  INFO [springAppName_IS_UNDEFINED,,,] 23564 --- [           main] s.w.s.m.m.a.RequestMappingHandlerMapping : Mapped "{[/login],methods=[POST]}" onto public com.law.model.SysUser com.law.controller.UserController.login(com.law.model.SysUser)
2019-03-21 14:36:22.617  INFO [springAppName_IS_UNDEFINED,,,] 23564 --- [           main] s.w.s.m.m.a.RequestMappingHandlerMapping : Mapped "{[/webSocket],consumes=[application/json]}" onto public java.util.Map<java.lang.String, java.lang.Object> com.law.controller.WebSocketController.pushVideoListToWeb(java.lang.String)
2019-03-21 14:36:22.621  INFO [springAppName_IS_UNDEFINED,,,] 23564 --- [           main] s.w.s.m.m.a.RequestMappingHandlerMapping : Mapped "{[/sendMessage],methods=[POST]}" onto public boolean com.law.controller.WxController.sendMessage(java.lang.String) throws java.lang.Exception
2019-03-21 14:36:22.621  INFO [springAppName_IS_UNDEFINED,,,] 23564 --- [           main] s.w.s.m.m.a.RequestMappingHandlerMapping : Mapped "{[/getChatData]}" onto public java.util.List<com.law.model.Chat> com.law.controller.WxController.initChatData()
2019-03-21 14:36:22.622  INFO [springAppName_IS_UNDEFINED,,,] 23564 --- [           main] s.w.s.m.m.a.RequestMappingHandlerMapping : Mapped "{[/getBase64]}" onto public java.lang.String com.law.controller.WxController.getBase64(java.lang.String) throws java.lang.Exception
2019-03-21 14:36:22.622  INFO [springAppName_IS_UNDEFINED,,,] 23564 --- [           main] s.w.s.m.m.a.RequestMappingHandlerMapping : Mapped "{[/getWXPayParam]}" onto public java.util.Map<java.lang.String, java.lang.String> com.law.controller.WxController.getWXPayParam(java.lang.String) throws java.lang.Exception
2019-03-21 14:36:22.623  INFO [springAppName_IS_UNDEFINED,,,] 23564 --- [           main] s.w.s.m.m.a.RequestMappingHandlerMapping : Mapped "{[/getOpenId],methods=[POST]}" onto public java.lang.String com.law.controller.WxController.getOpenId(java.lang.String) throws java.lang.Exception
2019-03-21 14:36:22.623  INFO [springAppName_IS_UNDEFINED,,,] 23564 --- [           main] s.w.s.m.m.a.RequestMappingHandlerMapping : Mapped "{[/getAccessToken]}" onto public java.lang.String com.law.controller.WxController.getAccessToken() throws java.lang.Exception
2019-03-21 14:36:22.623  INFO [springAppName_IS_UNDEFINED,,,] 23564 --- [           main] s.w.s.m.m.a.RequestMappingHandlerMapping : Mapped "{[/getQCode]}" onto public java.lang.String com.law.controller.WxController.getQCode(java.lang.String) throws java.lang.Exception
2019-03-21 14:36:22.624  INFO [springAppName_IS_UNDEFINED,,,] 23564 --- [           main] s.w.s.m.m.a.RequestMappingHandlerMapping : Mapped "{[/wxpayCallback]}" onto public java.lang.String com.law.controller.WxController.wxpayCallback(javax.servlet.http.HttpServletRequest,javax.servlet.http.HttpServletResponse) throws java.lang.Exception
2019-03-21 14:36:22.624  INFO [springAppName_IS_UNDEFINED,,,] 23564 --- [           main] s.w.s.m.m.a.RequestMappingHandlerMapping : Mapped "{[/bindPromoter]}" onto public java.util.Map<java.lang.String, java.lang.Object> com.law.controller.WxController.bindPromoter(java.lang.String)
2019-03-21 14:36:22.625  INFO [springAppName_IS_UNDEFINED,,,] 23564 --- [           main] s.w.s.m.m.a.RequestMappingHandlerMapping : Mapped "{[/wxMessage],methods=[POST]}" onto public java.lang.String com.law.controller.WxController.weixinProcessPostMethod(javax.servlet.http.HttpServletRequest,javax.servlet.http.HttpServletResponse) throws java.io.IOException
2019-03-21 14:36:22.625  INFO [springAppName_IS_UNDEFINED,,,] 23564 --- [           main] s.w.s.m.m.a.RequestMappingHandlerMapping : Mapped "{[/bindPromoterPhone]}" onto public boolean com.law.controller.WxController.bindPromoterPhone(java.lang.String)
2019-03-21 14:36:22.626  INFO [springAppName_IS_UNDEFINED,,,] 23564 --- [           main] s.w.s.m.m.a.RequestMappingHandlerMapping : Mapped "{[/wxMessage],methods=[GET]}" onto public java.lang.String com.law.controller.WxController.weixinProcessGetMethod(javax.servlet.http.HttpServletRequest,javax.servlet.http.HttpServletResponse) throws java.io.IOException
2019-03-21 14:36:22.630  INFO [springAppName_IS_UNDEFINED,,,] 23564 --- [           main] s.w.s.m.m.a.RequestMappingHandlerMapping : Mapped "{[/error]}" onto public org.springframework.http.ResponseEntity<java.util.Map<java.lang.String, java.lang.Object>> org.springframework.boot.autoconfigure.web.servlet.error.BasicErrorController.error(javax.servlet.http.HttpServletRequest)
2019-03-21 14:36:22.630  INFO [springAppName_IS_UNDEFINED,,,] 23564 --- [           main] s.w.s.m.m.a.RequestMappingHandlerMapping : Mapped "{[/error],produces=[text/html]}" onto public org.springframework.web.servlet.ModelAndView org.springframework.boot.autoconfigure.web.servlet.error.BasicErrorController.errorHtml(javax.servlet.http.HttpServletRequest,javax.servlet.http.HttpServletResponse)
2019-03-21 14:36:22.671  INFO [springAppName_IS_UNDEFINED,,,] 23564 --- [           main] o.s.w.s.handler.SimpleUrlHandlerMapping  : Mapped URL path [/webjars/**] onto handler of type [class org.springframework.web.servlet.resource.ResourceHttpRequestHandler]
2019-03-21 14:36:22.671  INFO [springAppName_IS_UNDEFINED,,,] 23564 --- [           main] o.s.w.s.handler.SimpleUrlHandlerMapping  : Mapped URL path [/**] onto handler of type [class org.springframework.web.servlet.resource.ResourceHttpRequestHandler]
2019-03-21 14:36:22.689  INFO [springAppName_IS_UNDEFINED,,,] 23564 --- [           main] .m.m.a.ExceptionHandlerExceptionResolver : Detected ResponseBodyAdvice implementation in responseBodyInterceptor
2019-03-21 14:36:22.734  INFO [springAppName_IS_UNDEFINED,,,] 23564 --- [           main] o.s.b.a.w.s.WelcomePageHandlerMapping    : Adding welcome page: class path resource [static/index.html]
2019-03-21 14:36:23.037  INFO [springAppName_IS_UNDEFINED,,,] 23564 --- [           main] o.s.w.s.s.s.ServerEndpointExporter       : Registering @ServerEndpoint class: class com.law.util.WebSocketServer
2019-03-21 14:36:23.045  INFO [springAppName_IS_UNDEFINED,,,] 23564 --- [           main] o.s.j.e.a.AnnotationMBeanExporter        : Registering beans for JMX exposure on startup
2019-03-21 14:36:23.046  INFO [springAppName_IS_UNDEFINED,,,] 23564 --- [           main] o.s.j.e.a.AnnotationMBeanExporter        : Bean with name 'druidDataSource' has been autodetected for JMX exposure
2019-03-21 14:36:23.051  INFO [springAppName_IS_UNDEFINED,,,] 23564 --- [           main] o.s.j.e.a.AnnotationMBeanExporter        : Located MBean 'druidDataSource': registering with JMX server as MBean [com.alibaba.druid.pool:name=druidDataSource,type=DruidDataSource]
2019-03-21 14:36:23.097  INFO [springAppName_IS_UNDEFINED,,,] 23564 --- [           main] o.s.b.w.embedded.tomcat.TomcatWebServer  : Tomcat started on port(s): 8082 (http) with context path ''
2019-03-21 14:36:23.100  INFO [springAppName_IS_UNDEFINED,,,] 23564 --- [           main] com.law.LawApplication                   : Started LawApplication in 9.053 seconds (JVM running for 14.921)
2019-03-21 14:36:23.153  INFO [springAppName_IS_UNDEFINED,,,] 23564 --- [           main] o.h.h.i.QueryTranslatorFactoryInitiator  : HHH000397: Using ASTQueryTranslatorFactory
2019-03-21 14:36:23.243 DEBUG [springAppName_IS_UNDEFINED,,,] 23564 --- [           main] org.hibernate.SQL                        : select syscode0_.code_id as code_id1_9_, syscode0_.code_desc as code_des2_9_, syscode0_.code_name as code_nam3_9_, syscode0_.code_sn as code_sn4_9_, syscode0_.code_type as code_typ5_9_, syscode0_.code_value as code_val6_9_ from sys_code syscode0_
2019-03-21 14:39:04.670  INFO [springAppName_IS_UNDEFINED,,,] 23564 --- [nio-8082-exec-1] o.apache.tomcat.util.http.parser.Cookie  : A cookie header was received [1543117849,1543140119,1543217963] that contained an invalid cookie. That cookie will be ignored.Note: further occurrences of this error will be logged at DEBUG level.
2019-03-21 14:39:04.682  INFO [springAppName_IS_UNDEFINED,,,] 23564 --- [nio-8082-exec-1] o.a.c.c.C.[Tomcat].[localhost].[/]       : Initializing Spring FrameworkServlet 'dispatcherServlet'
2019-03-21 14:39:04.683  INFO [springAppName_IS_UNDEFINED,,,] 23564 --- [nio-8082-exec-1] o.s.web.servlet.DispatcherServlet        : FrameworkServlet 'dispatcherServlet': initialization started
2019-03-21 14:39:04.721  INFO [springAppName_IS_UNDEFINED,,,] 23564 --- [nio-8082-exec-1] o.s.web.servlet.DispatcherServlet        : FrameworkServlet 'dispatcherServlet': initialization completed in 38 ms
2019-03-21 14:39:05.034 DEBUG [springAppName_IS_UNDEFINED,,,] 23564 --- [nio-8082-exec-1] org.hibernate.SQL                        : select sysuser0_.user_id as user_id1_10_, sysuser0_.function as function2_10_, sysuser0_.orginazation as orginaza3_10_, sysuser0_.phone as phone4_10_, sysuser0_.photo as photo5_10_, sysuser0_.service_level as service_6_10_, sysuser0_.user_name as user_nam7_10_, sysuser0_.user_pwd as user_pwd8_10_ from sys_user sysuser0_ where sysuser0_.user_name=? and sysuser0_.user_pwd=?
2019-03-21 14:39:05.102 TRACE [springAppName_IS_UNDEFINED,,,] 23564 --- [nio-8082-exec-1] o.h.type.descriptor.sql.BasicBinder      : binding parameter [1] as [VARCHAR] - [admin_boss]
2019-03-21 14:39:05.103 TRACE [springAppName_IS_UNDEFINED,,,] 23564 --- [nio-8082-exec-1] o.h.type.descriptor.sql.BasicBinder      : binding parameter [2] as [VARCHAR] - [admin]
2019-03-21 15:33:27.281  INFO [springAppName_IS_UNDEFINED,,,] 23564 --- [n(35)-127.0.0.1] inMXBeanRegistrar$SpringApplicationAdmin : Application shutdown requested.
2019-03-21 15:33:27.281  INFO [springAppName_IS_UNDEFINED,,,] 23564 --- [n(21)-127.0.0.1] inMXBeanRegistrar$SpringApplicationAdmin : Application shutdown requested.
2019-03-21 15:33:27.280  INFO [springAppName_IS_UNDEFINED,,,] 23564 --- [n(26)-127.0.0.1] inMXBeanRegistrar$SpringApplicationAdmin : Application shutdown requested.
2019-03-21 15:33:27.281  INFO [springAppName_IS_UNDEFINED,,,] 23564 --- [n(19)-127.0.0.1] inMXBeanRegistrar$SpringApplicationAdmin : Application shutdown requested.
2019-03-21 15:33:27.281  INFO [springAppName_IS_UNDEFINED,,,] 23564 --- [n(32)-127.0.0.1] inMXBeanRegistrar$SpringApplicationAdmin : Application shutdown requested.
2019-03-21 15:33:27.281  INFO [springAppName_IS_UNDEFINED,,,] 23564 --- [n(27)-127.0.0.1] inMXBeanRegistrar$SpringApplicationAdmin : Application shutdown requested.
2019-03-21 15:33:27.280  INFO [springAppName_IS_UNDEFINED,,,] 23564 --- [n(25)-127.0.0.1] inMXBeanRegistrar$SpringApplicationAdmin : Application shutdown requested.
2019-03-21 15:33:27.280  INFO [springAppName_IS_UNDEFINED,,,] 23564 --- [n(36)-127.0.0.1] inMXBeanRegistrar$SpringApplicationAdmin : Application shutdown requested.
2019-03-21 15:33:27.281  INFO [springAppName_IS_UNDEFINED,,,] 23564 --- [n(22)-127.0.0.1] inMXBeanRegistrar$SpringApplicationAdmin : Application shutdown requested.
2019-03-21 15:33:27.281  INFO [springAppName_IS_UNDEFINED,,,] 23564 --- [n(33)-127.0.0.1] inMXBeanRegistrar$SpringApplicationAdmin : Application shutdown requested.
2019-03-21 15:33:27.280  INFO [springAppName_IS_UNDEFINED,,,] 23564 --- [n(30)-127.0.0.1] inMXBeanRegistrar$SpringApplicationAdmin : Application shutdown requested.
2019-03-21 15:33:27.281  INFO [springAppName_IS_UNDEFINED,,,] 23564 --- [n(29)-127.0.0.1] inMXBeanRegistrar$SpringApplicationAdmin : Application shutdown requested.
2019-03-21 15:33:27.281  INFO [springAppName_IS_UNDEFINED,,,] 23564 --- [n(34)-127.0.0.1] inMXBeanRegistrar$SpringApplicationAdmin : Application shutdown requested.
2019-03-21 15:33:27.281  INFO [springAppName_IS_UNDEFINED,,,] 23564 --- [n(39)-127.0.0.1] inMXBeanRegistrar$SpringApplicationAdmin : Application shutdown requested.
2019-03-21 15:33:27.281  INFO [springAppName_IS_UNDEFINED,,,] 23564 --- [n(28)-127.0.0.1] inMXBeanRegistrar$SpringApplicationAdmin : Application shutdown requested.
2019-03-21 15:33:27.280  INFO [springAppName_IS_UNDEFINED,,,] 23564 --- [n(37)-127.0.0.1] inMXBeanRegistrar$SpringApplicationAdmin : Application shutdown requested.
2019-03-21 15:33:27.281  INFO [springAppName_IS_UNDEFINED,,,] 23564 --- [n(23)-127.0.0.1] inMXBeanRegistrar$SpringApplicationAdmin : Application shutdown requested.
2019-03-21 15:33:27.281  INFO [springAppName_IS_UNDEFINED,,,] 23564 --- [n(38)-127.0.0.1] inMXBeanRegistrar$SpringApplicationAdmin : Application shutdown requested.
2019-03-21 15:33:27.281  INFO [springAppName_IS_UNDEFINED,,,] 23564 --- [n(31)-127.0.0.1] inMXBeanRegistrar$SpringApplicationAdmin : Application shutdown requested.
2019-03-21 15:33:27.280  INFO [springAppName_IS_UNDEFINED,,,] 23564 --- [n(24)-127.0.0.1] inMXBeanRegistrar$SpringApplicationAdmin : Application shutdown requested.
2019-03-21 15:33:27.285  INFO [springAppName_IS_UNDEFINED,,,] 23564 --- [n(38)-127.0.0.1] ConfigServletWebServerApplicationContext : Closing org.springframework.boot.web.servlet.context.AnnotationConfigServletWebServerApplicationContext@2f62ea70: startup date [Thu Mar 21 14:36:14 CST 2019]; root of context hierarchy
2019-03-21 15:33:27.506  INFO [springAppName_IS_UNDEFINED,,,] 23564 --- [n(38)-127.0.0.1] com.alibaba.druid.pool.DruidDataSource   : {dataSource-1} closed
